<SessionReport version="2" startTime="0" startTimestamp="Oct 07, 2024 16:55:18.584" key="/library/metadata/749" session="ftrttcxasrhy9cmp46dberea" transcode="u1g8j9yh5vaugf9ku225bpyf">
<User id="1" thumb="https://plex.tv/users/ef53e5d7b97d6688/avatar?c=1728280305" title="danteverdugo" />
<Player address="192.168.3.3" device="Windows" machineIdentifier="msxc521ef0kt63uwsa1xd6t3" model="hosted" platform="Microsoft Edge" platformVersion="129.0" product="Plex Web" remotePublicAddress="179.2.9.129" title="Microsoft Edge" version="4.139.0" local="1" relayed="0" secure="1" userID="1" />
<Variants>
<Variant id="a5813a26-76ae-4999-a70e-0f4fb1beb065" targetBitrate="10000000" context="streaming" sourceVideoCodec="h264" sourceAudioCodec="aac" videoDecision="copy" audioDecision="copy" protocol="dash" container="mp4" videoCodec="h264" audioCodec="aac" audioChannels="2" transcodeHwRequested="0" transcodeHwFullPipeline="0">
<Media id="1431" premium="1" audioChannels="2" audioCodec="aac" bitrate="750" container="mp4" duration="139000" height="327" optimizedForStreaming="1" protocol="dash" videoCodec="h264" videoResolution="SD" width="480" selected="1">
<Part id="1567" bitrate="750" container="mp4" duration="139000" height="327" optimizedForStreaming="1" protocol="dash" width="480" decision="transcode" selected="1">
<Stream bitrate="750" codec="h264" displayTitle="SD (H.264)" extendedDisplayTitle="SD (H.264)" height="327" id="4005" streamType="1" width="480" decision="copy" location="segments-video" />
<Stream bitrateMode="cbr" channels="2" codec="aac" displayTitle="English (AAC Stereo)" extendedDisplayTitle="English (AAC Stereo)" id="4006" language="English" languageCode="eng" languageTag="en" selected="1" streamType="2" decision="copy" location="segments-audio" />
</Part>
</Media>
</Variant>
</Variants>
<SegmentList>
<Segment duration="5005" startOffset="0" endOffset="5005">
<File name="chunk-stream0-00001.m4s" type="video">
<FileVariant size="492363" variant="a5813a26-76ae-4999-a70e-0f4fb1beb065" />
</File>
<File name="chunk-stream1-00001.m4s" type="audio">
<FileVariant size="51878" variant="a5813a26-76ae-4999-a70e-0f4fb1beb065" />
</File>
<Timelines>
<Transcode startTime="2140" endTime="2353" complete="1" fileType="video" variant="a5813a26-76ae-4999-a70e-0f4fb1beb065" />
<Transcode startTime="2140" endTime="2353" complete="1" fileType="audio" variant="a5813a26-76ae-4999-a70e-0f4fb1beb065" />
<Download startTime="2367" endTime="2383" complete="1" fileType="video" variant="a5813a26-76ae-4999-a70e-0f4fb1beb065" />
<Download startTime="2370" endTime="2374" complete="1" fileType="audio" variant="a5813a26-76ae-4999-a70e-0f4fb1beb065" />
</Timelines>
</Segment>
<Segment duration="5005" startOffset="5005" endOffset="10010">
<File name="chunk-stream0-00002.m4s" type="video">
<FileVariant size="326766" variant="a5813a26-76ae-4999-a70e-0f4fb1beb065" />
</File>
<File name="chunk-stream1-00002.m4s" type="audio">
<FileVariant size="52602" variant="a5813a26-76ae-4999-a70e-0f4fb1beb065" />
</File>
<Timelines>
<Transcode startTime="2353" endTime="2376" complete="1" fileType="video" variant="a5813a26-76ae-4999-a70e-0f4fb1beb065" />
<Transcode startTime="2353" endTime="2377" complete="1" fileType="audio" variant="a5813a26-76ae-4999-a70e-0f4fb1beb065" />
<Download startTime="2383" endTime="2386" complete="1" fileType="audio" variant="a5813a26-76ae-4999-a70e-0f4fb1beb065" />
<Download startTime="2393" endTime="2403" complete="1" fileType="video" variant="a5813a26-76ae-4999-a70e-0f4fb1beb065" />
</Timelines>
</Segment>
<Segment duration="5005" startOffset="10010" endOffset="15015">
<File name="chunk-stream0-00003.m4s" type="video">
<FileVariant size="661966" variant="a5813a26-76ae-4999-a70e-0f4fb1beb065" />
</File>
<File name="chunk-stream1-00003.m4s" type="audio">
<FileVariant size="51201" variant="a5813a26-76ae-4999-a70e-0f4fb1beb065" />
</File>
<Timelines>
<Download startTime="2394" endTime="2497" complete="1" fileType="audio" variant="a5813a26-76ae-4999-a70e-0f4fb1beb065">
<Pause type="segmentWait" startTime="2394" endTime="2494" />
</Download>
<Download startTime="2413" endTime="2537" complete="1" fileType="video" variant="a5813a26-76ae-4999-a70e-0f4fb1beb065">
<Pause type="segmentWait" startTime="2413" endTime="2513" />
</Download>
<Transcode startTime="2376" endTime="2483" complete="1" fileType="video" variant="a5813a26-76ae-4999-a70e-0f4fb1beb065" />
<Transcode startTime="2377" endTime="2484" complete="1" fileType="audio" variant="a5813a26-76ae-4999-a70e-0f4fb1beb065" />
</Timelines>
</Segment>
<Segment duration="5005" startOffset="15015" endOffset="20020">
<File name="chunk-stream0-00004.m4s" type="video">
<FileVariant size="463120" variant="a5813a26-76ae-4999-a70e-0f4fb1beb065" />
</File>
<File name="chunk-stream1-00004.m4s" type="audio">
<FileVariant size="51882" variant="a5813a26-76ae-4999-a70e-0f4fb1beb065" />
</File>
<Timelines>
<Transcode startTime="2483" endTime="2532" complete="1" fileType="video" variant="a5813a26-76ae-4999-a70e-0f4fb1beb065" />
<Transcode startTime="2484" endTime="2532" complete="1" fileType="audio" variant="a5813a26-76ae-4999-a70e-0f4fb1beb065" />
<Download startTime="2535" endTime="2539" complete="1" fileType="audio" variant="a5813a26-76ae-4999-a70e-0f4fb1beb065" />
<Download startTime="2545" endTime="2558" complete="1" fileType="video" variant="a5813a26-76ae-4999-a70e-0f4fb1beb065" />
</Timelines>
</Segment>
<Segment duration="5005" startOffset="20020" endOffset="25025">
<File name="chunk-stream0-00005.m4s" type="video">
<FileVariant size="444852" variant="a5813a26-76ae-4999-a70e-0f4fb1beb065" />
</File>
<File name="chunk-stream1-00005.m4s" type="audio">
<FileVariant size="51449" variant="a5813a26-76ae-4999-a70e-0f4fb1beb065" />
</File>
<Timelines>
<Download startTime="2565" endTime="2688" complete="1" fileType="video" variant="a5813a26-76ae-4999-a70e-0f4fb1beb065">
<Pause type="segmentWait" startTime="2565" endTime="2665" />
</Download>
<Transcode startTime="2532" endTime="2578" complete="1" fileType="video" variant="a5813a26-76ae-4999-a70e-0f4fb1beb065" />
<Transcode startTime="2532" endTime="2579" complete="1" fileType="audio" variant="a5813a26-76ae-4999-a70e-0f4fb1beb065" />
<Download startTime="3551" endTime="3553" complete="1" fileType="audio" variant="a5813a26-76ae-4999-a70e-0f4fb1beb065" />
</Timelines>
</Segment>
<Segment duration="5005" startOffset="25025" endOffset="30030">
<File name="chunk-stream0-00006.m4s" type="video">
<FileVariant size="357160" variant="a5813a26-76ae-4999-a70e-0f4fb1beb065" />
</File>
<File name="chunk-stream1-00006.m4s" type="audio">
<FileVariant size="51564" variant="a5813a26-76ae-4999-a70e-0f4fb1beb065" />
</File>
<Timelines>
<Transcode startTime="2578" endTime="2598" complete="1" fileType="video" variant="a5813a26-76ae-4999-a70e-0f4fb1beb065" />
<Transcode startTime="2579" endTime="2598" complete="1" fileType="audio" variant="a5813a26-76ae-4999-a70e-0f4fb1beb065" />
<Download startTime="2693" endTime="2705" complete="1" fileType="video" variant="a5813a26-76ae-4999-a70e-0f4fb1beb065" />
<Download startTime="3558" endTime="3561" complete="1" fileType="audio" variant="a5813a26-76ae-4999-a70e-0f4fb1beb065" />
</Timelines>
</Segment>
<Segment duration="5005" startOffset="30030" endOffset="35035">
<File name="chunk-stream0-00007.m4s" type="video">
<FileVariant size="264500" variant="a5813a26-76ae-4999-a70e-0f4fb1beb065" />
</File>
<File name="chunk-stream1-00007.m4s" type="audio">
<FileVariant size="52285" variant="a5813a26-76ae-4999-a70e-0f4fb1beb065" />
</File>
<Timelines>
<Transcode startTime="2598" endTime="2630" complete="1" fileType="video" variant="a5813a26-76ae-4999-a70e-0f4fb1beb065" />
<Transcode startTime="2598" endTime="2630" complete="1" fileType="audio" variant="a5813a26-76ae-4999-a70e-0f4fb1beb065" />
<Download startTime="3566" endTime="3568" complete="1" fileType="audio" variant="a5813a26-76ae-4999-a70e-0f4fb1beb065" />
<Download startTime="3712" endTime="3719" complete="1" fileType="video" variant="a5813a26-76ae-4999-a70e-0f4fb1beb065" />
</Timelines>
</Segment>
<Segment duration="5005" startOffset="35035" endOffset="40040">
<File name="chunk-stream0-00008.m4s" type="video">
<FileVariant size="544828" variant="a5813a26-76ae-4999-a70e-0f4fb1beb065" />
</File>
<File name="chunk-stream1-00008.m4s" type="audio">
<FileVariant size="51377" variant="a5813a26-76ae-4999-a70e-0f4fb1beb065" />
</File>
<Timelines>
<Transcode startTime="2630" endTime="2682" complete="1" fileType="video" variant="a5813a26-76ae-4999-a70e-0f4fb1beb065" />
<Transcode startTime="2630" endTime="2682" complete="1" fileType="audio" variant="a5813a26-76ae-4999-a70e-0f4fb1beb065" />
<Download startTime="3574" endTime="3575" complete="1" fileType="audio" variant="a5813a26-76ae-4999-a70e-0f4fb1beb065" />
<Download startTime="3728" endTime="3741" complete="1" fileType="video" variant="a5813a26-76ae-4999-a70e-0f4fb1beb065" />
</Timelines>
</Segment>
<Segment duration="5005" startOffset="40040" endOffset="45045">
<File name="chunk-stream0-00009.m4s" type="video">
<FileVariant size="372661" variant="a5813a26-76ae-4999-a70e-0f4fb1beb065" />
</File>
<File name="chunk-stream1-00009.m4s" type="audio">
<FileVariant size="51838" variant="a5813a26-76ae-4999-a70e-0f4fb1beb065" />
</File>
<Timelines>
<Transcode startTime="2682" endTime="2706" complete="1" fileType="video" variant="a5813a26-76ae-4999-a70e-0f4fb1beb065" />
<Transcode startTime="2682" endTime="2706" complete="1" fileType="audio" variant="a5813a26-76ae-4999-a70e-0f4fb1beb065" />
<Download startTime="3748" endTime="3761" complete="1" fileType="video" variant="a5813a26-76ae-4999-a70e-0f4fb1beb065" />
<Download startTime="4591" endTime="4593" complete="1" fileType="audio" variant="a5813a26-76ae-4999-a70e-0f4fb1beb065" />
</Timelines>
</Segment>
<Segment duration="5005" startOffset="45045" endOffset="50050">
<File name="chunk-stream0-00010.m4s" type="video">
<FileVariant size="350559" variant="a5813a26-76ae-4999-a70e-0f4fb1beb065" />
</File>
<File name="chunk-stream1-00010.m4s" type="audio">
<FileVariant size="51505" variant="a5813a26-76ae-4999-a70e-0f4fb1beb065" />
</File>
<Timelines>
<Transcode startTime="2706" endTime="2729" complete="1" fileType="video" variant="a5813a26-76ae-4999-a70e-0f4fb1beb065" />
<Transcode startTime="2706" endTime="2729" complete="1" fileType="audio" variant="a5813a26-76ae-4999-a70e-0f4fb1beb065" />
<Download startTime="3784" endTime="3794" complete="1" fileType="video" variant="a5813a26-76ae-4999-a70e-0f4fb1beb065" />
<Download startTime="4599" endTime="4601" complete="1" fileType="audio" variant="a5813a26-76ae-4999-a70e-0f4fb1beb065" />
</Timelines>
</Segment>
<Segment duration="5005" startOffset="50050" endOffset="55055">
<File name="chunk-stream0-00011.m4s" type="video">
<FileVariant size="389799" variant="a5813a26-76ae-4999-a70e-0f4fb1beb065" />
</File>
<File name="chunk-stream1-00011.m4s" type="audio">
<FileVariant size="51570" variant="a5813a26-76ae-4999-a70e-0f4fb1beb065" />
</File>
<Timelines>
<Transcode startTime="2729" endTime="2760" complete="1" fileType="video" variant="a5813a26-76ae-4999-a70e-0f4fb1beb065" />
<Transcode startTime="2729" endTime="2760" complete="1" fileType="audio" variant="a5813a26-76ae-4999-a70e-0f4fb1beb065" />
<Download startTime="4607" endTime="4609" complete="1" fileType="audio" variant="a5813a26-76ae-4999-a70e-0f4fb1beb065" />
<Download startTime="4802" endTime="4812" complete="1" fileType="video" variant="a5813a26-76ae-4999-a70e-0f4fb1beb065" />
</Timelines>
</Segment>
<Segment duration="5005" startOffset="55055" endOffset="60060">
<File name="chunk-stream0-00012.m4s" type="video">
<FileVariant size="566686" variant="a5813a26-76ae-4999-a70e-0f4fb1beb065" />
</File>
<File name="chunk-stream1-00012.m4s" type="audio">
<FileVariant size="51727" variant="a5813a26-76ae-4999-a70e-0f4fb1beb065" />
</File>
<Timelines>
<Transcode startTime="2760" endTime="2789" complete="1" fileType="video" variant="a5813a26-76ae-4999-a70e-0f4fb1beb065" />
<Transcode startTime="2760" endTime="2789" complete="1" fileType="audio" variant="a5813a26-76ae-4999-a70e-0f4fb1beb065" />
<Download startTime="4615" endTime="4616" complete="1" fileType="audio" variant="a5813a26-76ae-4999-a70e-0f4fb1beb065" />
<Download startTime="4834" endTime="4848" complete="1" fileType="video" variant="a5813a26-76ae-4999-a70e-0f4fb1beb065" />
</Timelines>
</Segment>
<Segment duration="5005" startOffset="60060" endOffset="65065">
<File name="chunk-stream0-00013.m4s" type="video">
<FileVariant size="331246" variant="a5813a26-76ae-4999-a70e-0f4fb1beb065" />
</File>
<File name="chunk-stream1-00013.m4s" type="audio">
<FileVariant size="51888" variant="a5813a26-76ae-4999-a70e-0f4fb1beb065" />
</File>
<Timelines>
<Transcode startTime="2789" endTime="2819" complete="1" fileType="video" variant="a5813a26-76ae-4999-a70e-0f4fb1beb065" />
<Transcode startTime="2789" endTime="2819" complete="1" fileType="audio" variant="a5813a26-76ae-4999-a70e-0f4fb1beb065" />
<Download startTime="4859" endTime="4869" complete="1" fileType="video" variant="a5813a26-76ae-4999-a70e-0f4fb1beb065">
<Pause type="segmentWait" startTime="4859" endTime="4860" />
</Download>
<Download startTime="5632" endTime="5634" complete="1" fileType="audio" variant="a5813a26-76ae-4999-a70e-0f4fb1beb065">
<Pause type="segmentWait" startTime="5632" endTime="5633" />
</Download>
</Timelines>
</Segment>
<Segment duration="5005" startOffset="65065" endOffset="70070">
<File name="chunk-stream0-00014.m4s" type="video">
<FileVariant size="484525" variant="a5813a26-76ae-4999-a70e-0f4fb1beb065" />
</File>
<File name="chunk-stream1-00014.m4s" type="audio">
<FileVariant size="51699" variant="a5813a26-76ae-4999-a70e-0f4fb1beb065" />
</File>
<Timelines>
<Transcode startTime="2819" endTime="2842" complete="1" fileType="video" variant="a5813a26-76ae-4999-a70e-0f4fb1beb065" />
<Transcode startTime="2819" endTime="2842" complete="1" fileType="audio" variant="a5813a26-76ae-4999-a70e-0f4fb1beb065" />
<Download startTime="4875" endTime="4888" complete="1" fileType="video" variant="a5813a26-76ae-4999-a70e-0f4fb1beb065" />
<Download startTime="5640" endTime="5642" complete="1" fileType="audio" variant="a5813a26-76ae-4999-a70e-0f4fb1beb065" />
</Timelines>
</Segment>
<Segment duration="5005" startOffset="70070" endOffset="75075">
<File name="chunk-stream0-00015.m4s" type="video">
<FileVariant size="399011" variant="a5813a26-76ae-4999-a70e-0f4fb1beb065" />
</File>
<File name="chunk-stream1-00015.m4s" type="audio">
<FileVariant size="51931" variant="a5813a26-76ae-4999-a70e-0f4fb1beb065" />
</File>
<Timelines>
<Transcode startTime="2842" endTime="2876" complete="1" fileType="video" variant="a5813a26-76ae-4999-a70e-0f4fb1beb065" />
<Transcode startTime="2842" endTime="2876" complete="1" fileType="audio" variant="a5813a26-76ae-4999-a70e-0f4fb1beb065" />
<Download startTime="5647" endTime="5649" complete="1" fileType="audio" variant="a5813a26-76ae-4999-a70e-0f4fb1beb065" />
<Download startTime="5895" endTime="5906" complete="1" fileType="video" variant="a5813a26-76ae-4999-a70e-0f4fb1beb065" />
</Timelines>
</Segment>
<Segment duration="5005" startOffset="75075" endOffset="80080">
<File name="chunk-stream0-00016.m4s" type="video">
<FileVariant size="519040" variant="a5813a26-76ae-4999-a70e-0f4fb1beb065" />
</File>
<File name="chunk-stream1-00016.m4s" type="audio">
<FileVariant size="51359" variant="a5813a26-76ae-4999-a70e-0f4fb1beb065" />
</File>
<Timelines>
<Transcode startTime="2876" endTime="2910" complete="1" fileType="video" variant="a5813a26-76ae-4999-a70e-0f4fb1beb065" />
<Transcode startTime="2876" endTime="2910" complete="1" fileType="audio" variant="a5813a26-76ae-4999-a70e-0f4fb1beb065" />
<Download startTime="8179" endTime="8181" complete="1" fileType="audio" variant="a5813a26-76ae-4999-a70e-0f4fb1beb065">
<Pause type="segmentWait" startTime="8179" endTime="8180" />
</Download>
<Download startTime="8435" endTime="8452" complete="1" fileType="video" variant="a5813a26-76ae-4999-a70e-0f4fb1beb065" />
</Timelines>
</Segment>
<Segment duration="5005" startOffset="80080" endOffset="85085">
<File name="chunk-stream0-00017.m4s" type="video">
<FileVariant size="554009" variant="a5813a26-76ae-4999-a70e-0f4fb1beb065" />
</File>
<File name="chunk-stream1-00017.m4s" type="audio">
<FileVariant size="51774" variant="a5813a26-76ae-4999-a70e-0f4fb1beb065" />
</File>
<Timelines>
<Transcode startTime="2910" endTime="2936" complete="1" fileType="video" variant="a5813a26-76ae-4999-a70e-0f4fb1beb065" />
<Transcode startTime="2910" endTime="2936" complete="1" fileType="audio" variant="a5813a26-76ae-4999-a70e-0f4fb1beb065" />
<Download startTime="13225" endTime="13229" complete="1" fileType="audio" variant="a5813a26-76ae-4999-a70e-0f4fb1beb065" />
<Download startTime="13519" endTime="13543" complete="1" fileType="video" variant="a5813a26-76ae-4999-a70e-0f4fb1beb065" />
</Timelines>
</Segment>
<Segment duration="5005" startOffset="85085" endOffset="90090">
<File name="chunk-stream0-00018.m4s" type="video">
<FileVariant size="323318" variant="a5813a26-76ae-4999-a70e-0f4fb1beb065" />
</File>
<File name="chunk-stream1-00018.m4s" type="audio">
<FileVariant size="51625" variant="a5813a26-76ae-4999-a70e-0f4fb1beb065" />
</File>
<Timelines>
<Transcode startTime="2936" endTime="2961" complete="1" fileType="video" variant="a5813a26-76ae-4999-a70e-0f4fb1beb065" />
<Transcode startTime="2936" endTime="2961" complete="1" fileType="audio" variant="a5813a26-76ae-4999-a70e-0f4fb1beb065" />
</Timelines>
</Segment>
<Segment duration="5005" startOffset="90090" endOffset="95095">
<File name="chunk-stream0-00019.m4s" type="video">
<FileVariant size="570231" variant="a5813a26-76ae-4999-a70e-0f4fb1beb065" />
</File>
<File name="chunk-stream1-00019.m4s" type="audio">
<FileVariant size="51397" variant="a5813a26-76ae-4999-a70e-0f4fb1beb065" />
</File>
<Timelines>
<Transcode startTime="2961" endTime="2987" complete="1" fileType="video" variant="a5813a26-76ae-4999-a70e-0f4fb1beb065" />
<Transcode startTime="2961" endTime="2987" complete="1" fileType="audio" variant="a5813a26-76ae-4999-a70e-0f4fb1beb065" />
</Timelines>
</Segment>
<Segment duration="5005" startOffset="95095" endOffset="100100">
<File name="chunk-stream0-00020.m4s" type="video">
<FileVariant size="547585" variant="a5813a26-76ae-4999-a70e-0f4fb1beb065" />
</File>
<File name="chunk-stream1-00020.m4s" type="audio">
<FileVariant size="51827" variant="a5813a26-76ae-4999-a70e-0f4fb1beb065" />
</File>
<Timelines>
<Transcode startTime="2987" endTime="3022" complete="1" fileType="video" variant="a5813a26-76ae-4999-a70e-0f4fb1beb065" />
<Transcode startTime="2987" endTime="3022" complete="1" fileType="audio" variant="a5813a26-76ae-4999-a70e-0f4fb1beb065" />
</Timelines>
</Segment>
<Segment duration="5005" startOffset="100100" endOffset="105105">
<File name="chunk-stream0-00021.m4s" type="video">
<FileVariant size="542978" variant="a5813a26-76ae-4999-a70e-0f4fb1beb065" />
</File>
<File name="chunk-stream1-00021.m4s" type="audio">
<FileVariant size="51269" variant="a5813a26-76ae-4999-a70e-0f4fb1beb065" />
</File>
<Timelines>
<Transcode startTime="3022" endTime="3047" complete="1" fileType="video" variant="a5813a26-76ae-4999-a70e-0f4fb1beb065" />
<Transcode startTime="3022" endTime="3047" complete="1" fileType="audio" variant="a5813a26-76ae-4999-a70e-0f4fb1beb065" />
</Timelines>
</Segment>
<Segment duration="5005" startOffset="105105" endOffset="110110">
<File name="chunk-stream0-00022.m4s" type="video">
<FileVariant size="569594" variant="a5813a26-76ae-4999-a70e-0f4fb1beb065" />
</File>
<File name="chunk-stream1-00022.m4s" type="audio">
<FileVariant size="51602" variant="a5813a26-76ae-4999-a70e-0f4fb1beb065" />
</File>
<Timelines>
<Transcode startTime="3047" endTime="3077" complete="1" fileType="video" variant="a5813a26-76ae-4999-a70e-0f4fb1beb065" />
<Transcode startTime="3047" endTime="3077" complete="1" fileType="audio" variant="a5813a26-76ae-4999-a70e-0f4fb1beb065" />
</Timelines>
</Segment>
<Segment duration="5005" startOffset="110110" endOffset="115115">
<File name="chunk-stream0-00023.m4s" type="video">
<FileVariant size="450915" variant="a5813a26-76ae-4999-a70e-0f4fb1beb065" />
</File>
<File name="chunk-stream1-00023.m4s" type="audio">
<FileVariant size="51458" variant="a5813a26-76ae-4999-a70e-0f4fb1beb065" />
</File>
<Timelines>
<Transcode startTime="3077" endTime="3105" complete="1" fileType="video" variant="a5813a26-76ae-4999-a70e-0f4fb1beb065" />
<Transcode startTime="3077" endTime="3105" complete="1" fileType="audio" variant="a5813a26-76ae-4999-a70e-0f4fb1beb065" />
</Timelines>
</Segment>
<Segment duration="5005" startOffset="115115" endOffset="120120">
<File name="chunk-stream0-00024.m4s" type="video">
<FileVariant size="545033" variant="a5813a26-76ae-4999-a70e-0f4fb1beb065" />
</File>
<File name="chunk-stream1-00024.m4s" type="audio">
<FileVariant size="51529" variant="a5813a26-76ae-4999-a70e-0f4fb1beb065" />
</File>
<Timelines>
<Transcode startTime="3105" endTime="3131" complete="1" fileType="video" variant="a5813a26-76ae-4999-a70e-0f4fb1beb065" />
<Transcode startTime="3105" endTime="3131" complete="1" fileType="audio" variant="a5813a26-76ae-4999-a70e-0f4fb1beb065" />
</Timelines>
</Segment>
<Segment duration="5005" startOffset="120120" endOffset="125125">
<File name="chunk-stream0-00025.m4s" type="video">
<FileVariant size="302265" variant="a5813a26-76ae-4999-a70e-0f4fb1beb065" />
</File>
<File name="chunk-stream1-00025.m4s" type="audio">
<FileVariant size="51801" variant="a5813a26-76ae-4999-a70e-0f4fb1beb065" />
</File>
<Timelines>
<Transcode startTime="3131" endTime="5260" complete="1" fileType="video" variant="a5813a26-76ae-4999-a70e-0f4fb1beb065" />
<Transcode startTime="3131" endTime="5260" complete="1" fileType="audio" variant="a5813a26-76ae-4999-a70e-0f4fb1beb065" />
</Timelines>
</Segment>
<Segment duration="5005" startOffset="125125" endOffset="130130">
<File name="chunk-stream0-00026.m4s" type="video">
<FileVariant size="666291" variant="a5813a26-76ae-4999-a70e-0f4fb1beb065" />
</File>
<File name="chunk-stream1-00026.m4s" type="audio">
<FileVariant size="51533" variant="a5813a26-76ae-4999-a70e-0f4fb1beb065" />
</File>
<Timelines>
<Transcode startTime="5260" endTime="5288" complete="1" fileType="video" variant="a5813a26-76ae-4999-a70e-0f4fb1beb065" />
<Transcode startTime="5260" endTime="5288" complete="1" fileType="audio" variant="a5813a26-76ae-4999-a70e-0f4fb1beb065" />
</Timelines>
</Segment>
<Segment duration="5005" startOffset="130130" endOffset="135135">
<File name="chunk-stream0-00027.m4s" type="video">
<FileVariant size="350120" variant="a5813a26-76ae-4999-a70e-0f4fb1beb065" />
</File>
<File name="chunk-stream1-00027.m4s" type="audio">
<FileVariant size="51657" variant="a5813a26-76ae-4999-a70e-0f4fb1beb065" />
</File>
<Timelines>
<Transcode startTime="5288" endTime="5308" complete="1" fileType="video" variant="a5813a26-76ae-4999-a70e-0f4fb1beb065" />
<Transcode startTime="5288" endTime="5308" complete="1" fileType="audio" variant="a5813a26-76ae-4999-a70e-0f4fb1beb065" />
</Timelines>
</Segment>
<Segment duration="3470" startOffset="135135" endOffset="138605">
<File name="chunk-stream0-00028.m4s" type="video">
<FileVariant size="162460" variant="a5813a26-76ae-4999-a70e-0f4fb1beb065" />
</File>
<File name="chunk-stream1-00028.m4s" type="audio">
<FileVariant size="35764" variant="a5813a26-76ae-4999-a70e-0f4fb1beb065" />
</File>
<Timelines>
<Transcode startTime="5308" endTime="5320" complete="1" fileType="video" variant="a5813a26-76ae-4999-a70e-0f4fb1beb065" />
<Transcode startTime="5308" endTime="5320" complete="1" fileType="audio" variant="a5813a26-76ae-4999-a70e-0f4fb1beb065" />
</Timelines>
</Segment>
</SegmentList>
<PlaybackReports>
<Playback startTime="2460" endTime="12436" state="playing" progress="0" />
<Playback startTime="12436" endTime="17613" state="playing" progress="9000" />
<Playback startTime="17613" endTime="17616" state="stopped" progress="14000" />
</PlaybackReports>
<StateReports />
<StateReports type="sloth">
<State startTime="3142" endTime="5252" slothMode="1" />
<State startTime="5252" endTime="5320" slothMode="0" />
<State startTime="5320" endTime="17616" slothMode="1" />
</StateReports>
</SessionReport>
