Oct 25, 2024 02:00:35.471 [547637620216] INFO - Plex Media Scanner v1.41.1.9057-af5eaea7a - Docker Docker Container (LinuxServer.io) aarch64 - build: linux-aarch64 - GMT -03:00
Oct 25, 2024 02:00:35.472 [547637620216] INFO - Linux version: 6.6.51+rpt-rpi-v8, language: en-US
Oct 25, 2024 02:00:35.472 [547637620216] INFO - Processor: 4-core AArch64
Oct 25, 2024 02:00:35.472 [547637620216] INFO - /usr/lib/plexmediaserver/Plex Media Scanner --generate --chapter-thumbs-only --item 1057 --log-file-suffix  Chapter Thumbnails --force
Oct 25, 2024 02:00:35.473 [547717795896] DEBUG - Opening 20 database sessions to library (com.plexapp.plugins.library), SQLite 3.39.4, threadsafe=1
Oct 25, 2024 02:00:35.709 [547717795896] DEBUG - [MI] Opening input file: "/movies/Los hombres lobo (2024).mkv"
Oct 25, 2024 02:00:35.709 [547717795896] DEBUG - [FFMPEG] - Opening '/movies/Los hombres lobo (2024).mkv' for reading
Oct 25, 2024 02:00:35.709 [547717795896] DEBUG - [FFMPEG] - Setting default whitelist 'file,crypto,data'
Oct 25, 2024 02:00:35.710 [547717795896] DEBUG - [FFMPEG] - Format matroska,webm probed with size=2048 and score=100
Oct 25, 2024 02:00:35.710 [547717795896] DEBUG - [FFMPEG] - Unknown entry 0x22B59D at pos. 4423
Oct 25, 2024 02:00:35.710 [547717795896] DEBUG - [FFMPEG] - Unknown entry 0x22B59D at pos. 4500
Oct 25, 2024 02:00:35.710 [547717795896] DEBUG - [FFMPEG] - Unknown entry 0x22B59D at pos. 4578
Oct 25, 2024 02:00:35.710 [547717795896] DEBUG - [FFMPEG] - Unknown entry 0x22B59D at pos. 4658
Oct 25, 2024 02:00:35.710 [547717795896] DEBUG - [FFMPEG] - Unknown entry 0x22B59D at pos. 4719
Oct 25, 2024 02:00:35.710 [547717795896] DEBUG - [FFMPEG] - Unknown entry 0x22B59D at pos. 4781
Oct 25, 2024 02:00:35.710 [547717795896] DEBUG - [FFMPEG] - Unknown entry 0x22B59D at pos. 4842
Oct 25, 2024 02:00:35.710 [547717795896] DEBUG - [FFMPEG] - Unknown entry 0x22B59D at pos. 4896
Oct 25, 2024 02:00:35.710 [547717795896] DEBUG - [FFMPEG] - Unknown entry 0x22B59D at pos. 4963
Oct 25, 2024 02:00:35.710 [547717795896] DEBUG - [FFMPEG] - Unknown entry 0x437D at pos. 80702
Oct 25, 2024 02:00:35.711 [547717795896] DEBUG - [FFMPEG] - Unknown entry 0x437D at pos. 80745
Oct 25, 2024 02:00:35.711 [547717795896] DEBUG - [FFMPEG] - st:0 removing common factor 1000000 from timebase
Oct 25, 2024 02:00:35.711 [547717795896] DEBUG - [FFMPEG] - st:1 removing common factor 1000000 from timebase
Oct 25, 2024 02:00:35.711 [547717795896] DEBUG - [FFMPEG] - st:2 removing common factor 1000000 from timebase
Oct 25, 2024 02:00:35.711 [547717795896] DEBUG - [FFMPEG] - st:3 removing common factor 1000000 from timebase
Oct 25, 2024 02:00:35.711 [547717795896] DEBUG - [FFMPEG] - st:4 removing common factor 1000000 from timebase
Oct 25, 2024 02:00:35.711 [547717795896] DEBUG - [FFMPEG] - st:5 removing common factor 1000000 from timebase
Oct 25, 2024 02:00:35.711 [547717795896] DEBUG - [FFMPEG] - st:6 removing common factor 1000000 from timebase
Oct 25, 2024 02:00:35.711 [547717795896] DEBUG - [FFMPEG] - st:7 removing common factor 1000000 from timebase
Oct 25, 2024 02:00:35.711 [547717795896] DEBUG - [FFMPEG] - st:8 removing common factor 1000000 from timebase
Oct 25, 2024 02:00:35.711 [547717795896] DEBUG - [FFMPEG] - Before avformat_find_stream_info() pos: 80857 bytes read:116312 seeks:2 nb_streams:10
Oct 25, 2024 02:00:35.712 [547717795896] DEBUG - [FFMPEG] - nal_unit_type: 7(SPS), nal_ref_idc: 3
Oct 25, 2024 02:00:35.712 [547717795896] DEBUG - [FFMPEG] - nal_unit_type: 8(PPS), nal_ref_idc: 3
Oct 25, 2024 02:00:35.713 [547717795896] DEBUG - [FFMPEG] - marker=d8 avail_size_in_buf=74354
Oct 25, 2024 02:00:35.713 [547717795896] DEBUG - [FFMPEG] - marker parser used 0 bytes (0 bits)
Oct 25, 2024 02:00:35.713 [547717795896] DEBUG - [FFMPEG] - marker=db avail_size_in_buf=74352
Oct 25, 2024 02:00:35.713 [547717795896] DEBUG - [FFMPEG] - index=0
Oct 25, 2024 02:00:35.713 [547717795896] DEBUG - [FFMPEG] - qscale[0]: 0
Oct 25, 2024 02:00:35.713 [547717795896] DEBUG - [FFMPEG] - marker parser used 67 bytes (536 bits)
Oct 25, 2024 02:00:35.713 [547717795896] DEBUG - [FFMPEG] - marker=db avail_size_in_buf=74283
Oct 25, 2024 02:00:35.713 [547717795896] DEBUG - [FFMPEG] - index=1
Oct 25, 2024 02:00:35.713 [547717795896] DEBUG - [FFMPEG] - qscale[1]: 1
Oct 25, 2024 02:00:35.713 [547717795896] DEBUG - [FFMPEG] - marker parser used 67 bytes (536 bits)
Oct 25, 2024 02:00:35.713 [547717795896] DEBUG - [FFMPEG] - marker=c0 avail_size_in_buf=74214
Oct 25, 2024 02:00:35.713 [547717795896] DEBUG - [FFMPEG] - Changing bps from 0 to 8
Oct 25, 2024 02:00:35.713 [547717795896] DEBUG - [FFMPEG] - sof0: picture: 305x452
Oct 25, 2024 02:00:35.713 [547717795896] DEBUG - [FFMPEG] - component 0 2:2 id: 0 quant:0
Oct 25, 2024 02:00:35.713 [547717795896] DEBUG - [FFMPEG] - component 1 1:1 id: 1 quant:1
Oct 25, 2024 02:00:35.713 [547717795896] DEBUG - [FFMPEG] - component 2 1:1 id: 2 quant:1
Oct 25, 2024 02:00:35.713 [547717795896] DEBUG - [FFMPEG] - pix fmt id 22111100
Oct 25, 2024 02:00:35.713 [547717795896] DEBUG - [FFMPEG] - Format yuvj420p chosen by get_format().
Oct 25, 2024 02:00:35.713 [547717795896] DEBUG - [FFMPEG] - marker parser used 17 bytes (136 bits)
Oct 25, 2024 02:00:35.713 [547717795896] DEBUG - [FFMPEG] - marker=c4 avail_size_in_buf=74195
Oct 25, 2024 02:00:35.713 [547717795896] DEBUG - [FFMPEG] - marker parser used 0 bytes (0 bits)
Oct 25, 2024 02:00:35.713 [547717795896] DEBUG - [FFMPEG] - marker=c4 avail_size_in_buf=74163
Oct 25, 2024 02:00:35.713 [547717795896] DEBUG - [FFMPEG] - marker parser used 0 bytes (0 bits)
Oct 25, 2024 02:00:35.713 [547717795896] DEBUG - [FFMPEG] - marker=c4 avail_size_in_buf=74075
Oct 25, 2024 02:00:35.713 [547717795896] DEBUG - [FFMPEG] - marker parser used 0 bytes (0 bits)
Oct 25, 2024 02:00:35.713 [547717795896] DEBUG - [FFMPEG] - marker=c4 avail_size_in_buf=74044
Oct 25, 2024 02:00:35.713 [547717795896] DEBUG - [FFMPEG] - marker parser used 0 bytes (0 bits)
Oct 25, 2024 02:00:35.714 [547717795896] DEBUG - [FFMPEG] - escaping removed 274 bytes
Oct 25, 2024 02:00:35.714 [547717795896] DEBUG - [FFMPEG] - marker=da avail_size_in_buf=73980
Oct 25, 2024 02:00:35.714 [547717795896] DEBUG - [FFMPEG] - marker parser used 73706 bytes (589648 bits)
Oct 25, 2024 02:00:35.714 [547717795896] DEBUG - [FFMPEG] - marker=d9 avail_size_in_buf=0
Oct 25, 2024 02:00:35.714 [547717795896] DEBUG - [FFMPEG] - decode frame unused 0 bytes
Oct 25, 2024 02:00:35.714 [547717795896] DEBUG - [FFMPEG] - nal_unit_type: 7(SPS), nal_ref_idc: 3
Oct 25, 2024 02:00:35.714 [547717795896] DEBUG - [FFMPEG] - nal_unit_type: 8(PPS), nal_ref_idc: 3
Oct 25, 2024 02:00:35.714 [547717795896] DEBUG - [FFMPEG] - nal_unit_type: 6(SEI), nal_ref_idc: 0
Oct 25, 2024 02:00:35.714 [547717795896] DEBUG - [FFMPEG] - nal_unit_type: 6(SEI), nal_ref_idc: 0
Oct 25, 2024 02:00:35.714 [547717795896] DEBUG - [FFMPEG] - nal_unit_type: 6(SEI), nal_ref_idc: 0
Oct 25, 2024 02:00:35.714 [547717795896] DEBUG - [FFMPEG] - nal_unit_type: 5(IDR), nal_ref_idc: 3
Oct 25, 2024 02:00:35.714 [547717795896] DEBUG - [FFMPEG] - Format yuv420p chosen by get_format().
Oct 25, 2024 02:00:35.721 [547717795896] DEBUG - [FFMPEG] - no picture 
Oct 25, 2024 02:00:35.727 [547717795896] DEBUG - [FFMPEG] - nal_unit_type: 6(SEI), nal_ref_idc: 0
Oct 25, 2024 02:00:35.727 [547717795896] DEBUG - [FFMPEG] - nal_unit_type: 1(Coded slice of a non-IDR picture), nal_ref_idc: 2
Oct 25, 2024 02:00:35.738 [547717795896] DEBUG - [FFMPEG] - nal_unit_type: 6(SEI), nal_ref_idc: 0
Oct 25, 2024 02:00:35.738 [547717795896] DEBUG - [FFMPEG] - nal_unit_type: 1(Coded slice of a non-IDR picture), nal_ref_idc: 0
Oct 25, 2024 02:00:35.753 [547717795896] DEBUG - [FFMPEG] - nal_unit_type: 6(SEI), nal_ref_idc: 0
Oct 25, 2024 02:00:35.753 [547717795896] DEBUG - [FFMPEG] - nal_unit_type: 1(Coded slice of a non-IDR picture), nal_ref_idc: 0
Oct 25, 2024 02:00:35.768 [547717795896] DEBUG - [FFMPEG] - nal_unit_type: 6(SEI), nal_ref_idc: 0
Oct 25, 2024 02:00:35.768 [547717795896] DEBUG - [FFMPEG] - nal_unit_type: 1(Coded slice of a non-IDR picture), nal_ref_idc: 2
Oct 25, 2024 02:00:35.775 [547717795896] DEBUG - [FFMPEG] - nal_unit_type: 6(SEI), nal_ref_idc: 0
Oct 25, 2024 02:00:35.775 [547717795896] DEBUG - [FFMPEG] - nal_unit_type: 1(Coded slice of a non-IDR picture), nal_ref_idc: 0
Oct 25, 2024 02:00:35.785 [547717795896] DEBUG - [FFMPEG] - nal_unit_type: 6(SEI), nal_ref_idc: 0
Oct 25, 2024 02:00:35.785 [547717795896] DEBUG - [FFMPEG] - nal_unit_type: 1(Coded slice of a non-IDR picture), nal_ref_idc: 0
Oct 25, 2024 02:00:35.801 [547717795896] DEBUG - [FFMPEG] - nal_unit_type: 6(SEI), nal_ref_idc: 0
Oct 25, 2024 02:00:35.801 [547717795896] DEBUG - [FFMPEG] - nal_unit_type: 1(Coded slice of a non-IDR picture), nal_ref_idc: 2
Oct 25, 2024 02:00:35.807 [547717795896] DEBUG - [FFMPEG] - All info found
Oct 25, 2024 02:00:35.811 [547717795896] DEBUG - [FFMPEG] - After avformat_find_stream_info() pos: 164896 bytes read:214616 seeks:2 frames:40
Oct 25, 2024 02:00:35.811 [547717795896] DEBUG - Creating /config/Library/Application Support/Plex Media Server/Media/localhost/6/9fd1ba27aaccac0eaf824d675cd9bd3f6aeeb04.bundle/Contents/Chapters/chapter1.jpg (0.0%, 1280x720).
Oct 25, 2024 02:00:35.812 [547717795896] DEBUG - [FFMPEG] - nal_unit_type: 7(SPS), nal_ref_idc: 3
Oct 25, 2024 02:00:35.812 [547717795896] DEBUG - [FFMPEG] - nal_unit_type: 8(PPS), nal_ref_idc: 3
Oct 25, 2024 02:00:35.831 [547717795896] DEBUG - [FFMPEG] - nal_unit_type: 7(SPS), nal_ref_idc: 3
Oct 25, 2024 02:00:35.831 [547717795896] DEBUG - [FFMPEG] - nal_unit_type: 8(PPS), nal_ref_idc: 3
Oct 25, 2024 02:00:35.831 [547717795896] DEBUG - [FFMPEG] - nal_unit_type: 6(SEI), nal_ref_idc: 0
Oct 25, 2024 02:00:35.831 [547717795896] DEBUG - [FFMPEG] - nal_unit_type: 6(SEI), nal_ref_idc: 0
Oct 25, 2024 02:00:35.832 [547717795896] DEBUG - [FFMPEG] - nal_unit_type: 5(IDR), nal_ref_idc: 3
Oct 25, 2024 02:00:35.832 [547717795896] DEBUG - [FFMPEG] - Format yuv420p chosen by get_format().
Oct 25, 2024 02:00:35.837 [547717795896] DEBUG - [FFMPEG] - no picture 
Oct 25, 2024 02:00:35.847 [547717795896] DEBUG - [FFMPEG] - nal_unit_type: 6(SEI), nal_ref_idc: 0
Oct 25, 2024 02:00:35.848 [547717795896] DEBUG - [FFMPEG] - nal_unit_type: 1(Coded slice of a non-IDR picture), nal_ref_idc: 2
Oct 25, 2024 02:00:35.863 [547717795896] WARN - [FFMPEG] - No accelerated colorspace conversion found from yuv420p to rgb24.
Oct 25, 2024 02:00:35.998 [547717795896] DEBUG - Loaded memory image of size 1920x1080.
Oct 25, 2024 02:00:36.170 [547717795896] DEBUG - [FFMPEG] - nal_unit_type: 7(SPS), nal_ref_idc: 3
Oct 25, 2024 02:00:36.170 [547717795896] DEBUG - [FFMPEG] - nal_unit_type: 8(PPS), nal_ref_idc: 3
Oct 25, 2024 02:00:36.171 [547717795896] DEBUG - [FFMPEG] - nal_unit_type: 7(SPS), nal_ref_idc: 3
Oct 25, 2024 02:00:36.171 [547717795896] DEBUG - [FFMPEG] - nal_unit_type: 8(PPS), nal_ref_idc: 3
Oct 25, 2024 02:00:36.171 [547717795896] DEBUG - [FFMPEG] - nal_unit_type: 6(SEI), nal_ref_idc: 0
Oct 25, 2024 02:00:36.171 [547717795896] DEBUG - [FFMPEG] - nal_unit_type: 6(SEI), nal_ref_idc: 0
Oct 25, 2024 02:00:36.171 [547717795896] DEBUG - [FFMPEG] - nal_unit_type: 5(IDR), nal_ref_idc: 3
Oct 25, 2024 02:00:36.171 [547717795896] DEBUG - [FFMPEG] - Format yuv420p chosen by get_format().
Oct 25, 2024 02:00:36.177 [547717795896] DEBUG - [FFMPEG] - no picture 
Oct 25, 2024 02:00:36.186 [547717795896] DEBUG - [FFMPEG] - nal_unit_type: 6(SEI), nal_ref_idc: 0
Oct 25, 2024 02:00:36.186 [547717795896] DEBUG - [FFMPEG] - nal_unit_type: 1(Coded slice of a non-IDR picture), nal_ref_idc: 2
Oct 25, 2024 02:00:36.201 [547717795896] WARN - [FFMPEG] - No accelerated colorspace conversion found from yuv420p to rgb24.
Oct 25, 2024 02:00:36.338 [547717795896] DEBUG - Loaded memory image of size 1920x1080.
Oct 25, 2024 02:00:36.507 [547717795896] DEBUG - [FFMPEG] - nal_unit_type: 7(SPS), nal_ref_idc: 3
Oct 25, 2024 02:00:36.507 [547717795896] DEBUG - [FFMPEG] - nal_unit_type: 8(PPS), nal_ref_idc: 3
Oct 25, 2024 02:00:36.508 [547717795896] DEBUG - [FFMPEG] - nal_unit_type: 7(SPS), nal_ref_idc: 3
Oct 25, 2024 02:00:36.508 [547717795896] DEBUG - [FFMPEG] - nal_unit_type: 8(PPS), nal_ref_idc: 3
Oct 25, 2024 02:00:36.508 [547717795896] DEBUG - [FFMPEG] - nal_unit_type: 6(SEI), nal_ref_idc: 0
Oct 25, 2024 02:00:36.508 [547717795896] DEBUG - [FFMPEG] - nal_unit_type: 6(SEI), nal_ref_idc: 0
Oct 25, 2024 02:00:36.508 [547717795896] DEBUG - [FFMPEG] - nal_unit_type: 5(IDR), nal_ref_idc: 3
Oct 25, 2024 02:00:36.508 [547717795896] DEBUG - [FFMPEG] - Format yuv420p chosen by get_format().
Oct 25, 2024 02:00:36.514 [547717795896] DEBUG - [FFMPEG] - no picture 
Oct 25, 2024 02:00:36.524 [547717795896] DEBUG - [FFMPEG] - nal_unit_type: 6(SEI), nal_ref_idc: 0
Oct 25, 2024 02:00:36.524 [547717795896] DEBUG - [FFMPEG] - nal_unit_type: 1(Coded slice of a non-IDR picture), nal_ref_idc: 2
Oct 25, 2024 02:00:36.538 [547717795896] WARN - [FFMPEG] - No accelerated colorspace conversion found from yuv420p to rgb24.
Oct 25, 2024 02:00:36.674 [547717795896] DEBUG - Loaded memory image of size 1920x1080.
Oct 25, 2024 02:00:36.844 [547717795896] DEBUG - [FFMPEG] - nal_unit_type: 7(SPS), nal_ref_idc: 3
Oct 25, 2024 02:00:36.844 [547717795896] DEBUG - [FFMPEG] - nal_unit_type: 8(PPS), nal_ref_idc: 3
Oct 25, 2024 02:00:36.844 [547717795896] DEBUG - [FFMPEG] - nal_unit_type: 7(SPS), nal_ref_idc: 3
Oct 25, 2024 02:00:36.844 [547717795896] DEBUG - [FFMPEG] - nal_unit_type: 8(PPS), nal_ref_idc: 3
Oct 25, 2024 02:00:36.845 [547717795896] DEBUG - [FFMPEG] - nal_unit_type: 6(SEI), nal_ref_idc: 0
Oct 25, 2024 02:00:36.845 [547717795896] DEBUG - [FFMPEG] - nal_unit_type: 6(SEI), nal_ref_idc: 0
Oct 25, 2024 02:00:36.845 [547717795896] DEBUG - [FFMPEG] - nal_unit_type: 5(IDR), nal_ref_idc: 3
Oct 25, 2024 02:00:36.845 [547717795896] DEBUG - [FFMPEG] - Format yuv420p chosen by get_format().
Oct 25, 2024 02:00:36.851 [547717795896] DEBUG - [FFMPEG] - no picture 
Oct 25, 2024 02:00:36.860 [547717795896] DEBUG - [FFMPEG] - nal_unit_type: 6(SEI), nal_ref_idc: 0
Oct 25, 2024 02:00:36.860 [547717795896] DEBUG - [FFMPEG] - nal_unit_type: 1(Coded slice of a non-IDR picture), nal_ref_idc: 2
Oct 25, 2024 02:00:36.875 [547717795896] WARN - [FFMPEG] - No accelerated colorspace conversion found from yuv420p to rgb24.
Oct 25, 2024 02:00:37.010 [547717795896] DEBUG - Loaded memory image of size 1920x1080.
Oct 25, 2024 02:00:37.184 [547717795896] DEBUG - [FFMPEG] - nal_unit_type: 7(SPS), nal_ref_idc: 3
Oct 25, 2024 02:00:37.184 [547717795896] DEBUG - [FFMPEG] - nal_unit_type: 8(PPS), nal_ref_idc: 3
Oct 25, 2024 02:00:37.185 [547717795896] DEBUG - [FFMPEG] - nal_unit_type: 7(SPS), nal_ref_idc: 3
Oct 25, 2024 02:00:37.185 [547717795896] DEBUG - [FFMPEG] - nal_unit_type: 8(PPS), nal_ref_idc: 3
Oct 25, 2024 02:00:37.185 [547717795896] DEBUG - [FFMPEG] - nal_unit_type: 6(SEI), nal_ref_idc: 0
Oct 25, 2024 02:00:37.185 [547717795896] DEBUG - [FFMPEG] - nal_unit_type: 6(SEI), nal_ref_idc: 0
Oct 25, 2024 02:00:37.185 [547717795896] DEBUG - [FFMPEG] - nal_unit_type: 5(IDR), nal_ref_idc: 3
Oct 25, 2024 02:00:37.185 [547717795896] DEBUG - [FFMPEG] - Format yuv420p chosen by get_format().
Oct 25, 2024 02:00:37.191 [547717795896] DEBUG - [FFMPEG] - no picture 
Oct 25, 2024 02:00:37.201 [547717795896] DEBUG - [FFMPEG] - nal_unit_type: 6(SEI), nal_ref_idc: 0
Oct 25, 2024 02:00:37.201 [547717795896] DEBUG - [FFMPEG] - nal_unit_type: 1(Coded slice of a non-IDR picture), nal_ref_idc: 2
Oct 25, 2024 02:00:37.215 [547717795896] WARN - [FFMPEG] - No accelerated colorspace conversion found from yuv420p to rgb24.
Oct 25, 2024 02:00:37.351 [547717795896] DEBUG - Loaded memory image of size 1920x1080.
Oct 25, 2024 02:00:37.520 [547717795896] DEBUG - Skipped thumbnail for metadata item 1057, media item 1961 for chapter number 1:0
Oct 25, 2024 02:00:37.520 [547717795896] DEBUG - Creating /config/Library/Application Support/Plex Media Server/Media/localhost/6/9fd1ba27aaccac0eaf824d675cd9bd3f6aeeb04.bundle/Contents/Chapters/chapter2.jpg (91.6%, 1280x720).
Oct 25, 2024 02:00:37.521 [547717795896] DEBUG - [FFMPEG] - nal_unit_type: 7(SPS), nal_ref_idc: 3
Oct 25, 2024 02:00:37.521 [547717795896] DEBUG - [FFMPEG] - nal_unit_type: 8(PPS), nal_ref_idc: 3
Oct 25, 2024 02:00:37.523 [547717795896] DEBUG - [FFMPEG] - nal_unit_type: 7(SPS), nal_ref_idc: 3
Oct 25, 2024 02:00:37.523 [547717795896] DEBUG - [FFMPEG] - nal_unit_type: 8(PPS), nal_ref_idc: 3
Oct 25, 2024 02:00:37.524 [547717795896] DEBUG - [FFMPEG] - nal_unit_type: 6(SEI), nal_ref_idc: 0
Oct 25, 2024 02:00:37.524 [547717795896] DEBUG - [FFMPEG] - nal_unit_type: 6(SEI), nal_ref_idc: 0
Oct 25, 2024 02:00:37.524 [547717795896] DEBUG - [FFMPEG] - nal_unit_type: 5(IDR), nal_ref_idc: 3
Oct 25, 2024 02:00:37.524 [547717795896] DEBUG - [FFMPEG] - Format yuv420p chosen by get_format().
Oct 25, 2024 02:00:37.530 [547717795896] DEBUG - [FFMPEG] - no picture 
Oct 25, 2024 02:00:37.547 [547717795896] DEBUG - [FFMPEG] - nal_unit_type: 6(SEI), nal_ref_idc: 0
Oct 25, 2024 02:00:37.547 [547717795896] DEBUG - [FFMPEG] - nal_unit_type: 1(Coded slice of a non-IDR picture), nal_ref_idc: 2
Oct 25, 2024 02:00:37.564 [547717795896] WARN - [FFMPEG] - No accelerated colorspace conversion found from yuv420p to rgb24.
Oct 25, 2024 02:00:37.700 [547717795896] DEBUG - Loaded memory image of size 1920x1080.
Oct 25, 2024 02:00:37.870 [547717795896] DEBUG - [FFMPEG] - nal_unit_type: 7(SPS), nal_ref_idc: 3
Oct 25, 2024 02:00:37.870 [547717795896] DEBUG - [FFMPEG] - nal_unit_type: 8(PPS), nal_ref_idc: 3
Oct 25, 2024 02:00:37.871 [547717795896] DEBUG - [FFMPEG] - nal_unit_type: 7(SPS), nal_ref_idc: 3
Oct 25, 2024 02:00:37.871 [547717795896] DEBUG - [FFMPEG] - nal_unit_type: 8(PPS), nal_ref_idc: 3
Oct 25, 2024 02:00:37.871 [547717795896] DEBUG - [FFMPEG] - nal_unit_type: 6(SEI), nal_ref_idc: 0
Oct 25, 2024 02:00:37.871 [547717795896] DEBUG - [FFMPEG] - nal_unit_type: 6(SEI), nal_ref_idc: 0
Oct 25, 2024 02:00:37.871 [547717795896] DEBUG - [FFMPEG] - nal_unit_type: 5(IDR), nal_ref_idc: 3
Oct 25, 2024 02:00:37.871 [547717795896] DEBUG - [FFMPEG] - Format yuv420p chosen by get_format().
Oct 25, 2024 02:00:37.877 [547717795896] DEBUG - [FFMPEG] - no picture 
Oct 25, 2024 02:00:37.894 [547717795896] DEBUG - [FFMPEG] - nal_unit_type: 6(SEI), nal_ref_idc: 0
Oct 25, 2024 02:00:37.894 [547717795896] DEBUG - [FFMPEG] - nal_unit_type: 1(Coded slice of a non-IDR picture), nal_ref_idc: 2
Oct 25, 2024 02:00:37.912 [547717795896] WARN - [FFMPEG] - No accelerated colorspace conversion found from yuv420p to rgb24.
Oct 25, 2024 02:00:38.047 [547717795896] DEBUG - Loaded memory image of size 1920x1080.
Oct 25, 2024 02:00:38.218 [547717795896] DEBUG - [FFMPEG] - nal_unit_type: 7(SPS), nal_ref_idc: 3
Oct 25, 2024 02:00:38.218 [547717795896] DEBUG - [FFMPEG] - nal_unit_type: 8(PPS), nal_ref_idc: 3
Oct 25, 2024 02:00:38.218 [547717795896] DEBUG - [FFMPEG] - nal_unit_type: 7(SPS), nal_ref_idc: 3
Oct 25, 2024 02:00:38.218 [547717795896] DEBUG - [FFMPEG] - nal_unit_type: 8(PPS), nal_ref_idc: 3
Oct 25, 2024 02:00:38.219 [547717795896] DEBUG - [FFMPEG] - nal_unit_type: 6(SEI), nal_ref_idc: 0
Oct 25, 2024 02:00:38.219 [547717795896] DEBUG - [FFMPEG] - nal_unit_type: 6(SEI), nal_ref_idc: 0
Oct 25, 2024 02:00:38.219 [547717795896] DEBUG - [FFMPEG] - nal_unit_type: 5(IDR), nal_ref_idc: 3
Oct 25, 2024 02:00:38.219 [547717795896] DEBUG - [FFMPEG] - Format yuv420p chosen by get_format().
Oct 25, 2024 02:00:38.225 [547717795896] DEBUG - [FFMPEG] - no picture 
Oct 25, 2024 02:00:38.242 [547717795896] DEBUG - [FFMPEG] - nal_unit_type: 6(SEI), nal_ref_idc: 0
Oct 25, 2024 02:00:38.242 [547717795896] DEBUG - [FFMPEG] - nal_unit_type: 1(Coded slice of a non-IDR picture), nal_ref_idc: 2
Oct 25, 2024 02:00:38.260 [547717795896] WARN - [FFMPEG] - No accelerated colorspace conversion found from yuv420p to rgb24.
Oct 25, 2024 02:00:38.395 [547717795896] DEBUG - Loaded memory image of size 1920x1080.
Oct 25, 2024 02:00:38.566 [547717795896] DEBUG - [FFMPEG] - nal_unit_type: 7(SPS), nal_ref_idc: 3
Oct 25, 2024 02:00:38.566 [547717795896] DEBUG - [FFMPEG] - nal_unit_type: 8(PPS), nal_ref_idc: 3
Oct 25, 2024 02:00:38.566 [547717795896] DEBUG - [FFMPEG] - nal_unit_type: 7(SPS), nal_ref_idc: 3
Oct 25, 2024 02:00:38.566 [547717795896] DEBUG - [FFMPEG] - nal_unit_type: 8(PPS), nal_ref_idc: 3
Oct 25, 2024 02:00:38.567 [547717795896] DEBUG - [FFMPEG] - nal_unit_type: 6(SEI), nal_ref_idc: 0
Oct 25, 2024 02:00:38.567 [547717795896] DEBUG - [FFMPEG] - nal_unit_type: 6(SEI), nal_ref_idc: 0
Oct 25, 2024 02:00:38.567 [547717795896] DEBUG - [FFMPEG] - nal_unit_type: 5(IDR), nal_ref_idc: 3
Oct 25, 2024 02:00:38.567 [547717795896] DEBUG - [FFMPEG] - Format yuv420p chosen by get_format().
Oct 25, 2024 02:00:38.573 [547717795896] DEBUG - [FFMPEG] - no picture 
Oct 25, 2024 02:00:38.590 [547717795896] DEBUG - [FFMPEG] - nal_unit_type: 6(SEI), nal_ref_idc: 0
Oct 25, 2024 02:00:38.590 [547717795896] DEBUG - [FFMPEG] - nal_unit_type: 1(Coded slice of a non-IDR picture), nal_ref_idc: 2
Oct 25, 2024 02:00:38.607 [547717795896] WARN - [FFMPEG] - No accelerated colorspace conversion found from yuv420p to rgb24.
Oct 25, 2024 02:00:38.742 [547717795896] DEBUG - Loaded memory image of size 1920x1080.
Oct 25, 2024 02:00:38.913 [547717795896] DEBUG - [FFMPEG] - nal_unit_type: 7(SPS), nal_ref_idc: 3
Oct 25, 2024 02:00:38.913 [547717795896] DEBUG - [FFMPEG] - nal_unit_type: 8(PPS), nal_ref_idc: 3
Oct 25, 2024 02:00:38.914 [547717795896] DEBUG - [FFMPEG] - nal_unit_type: 7(SPS), nal_ref_idc: 3
Oct 25, 2024 02:00:38.914 [547717795896] DEBUG - [FFMPEG] - nal_unit_type: 8(PPS), nal_ref_idc: 3
Oct 25, 2024 02:00:38.914 [547717795896] DEBUG - [FFMPEG] - nal_unit_type: 6(SEI), nal_ref_idc: 0
Oct 25, 2024 02:00:38.914 [547717795896] DEBUG - [FFMPEG] - nal_unit_type: 6(SEI), nal_ref_idc: 0
Oct 25, 2024 02:00:38.914 [547717795896] DEBUG - [FFMPEG] - nal_unit_type: 5(IDR), nal_ref_idc: 3
Oct 25, 2024 02:00:38.914 [547717795896] DEBUG - [FFMPEG] - Format yuv420p chosen by get_format().
Oct 25, 2024 02:00:38.920 [547717795896] DEBUG - [FFMPEG] - no picture 
Oct 25, 2024 02:00:38.937 [547717795896] DEBUG - [FFMPEG] - nal_unit_type: 6(SEI), nal_ref_idc: 0
Oct 25, 2024 02:00:38.937 [547717795896] DEBUG - [FFMPEG] - nal_unit_type: 1(Coded slice of a non-IDR picture), nal_ref_idc: 2
Oct 25, 2024 02:00:38.955 [547717795896] WARN - [FFMPEG] - No accelerated colorspace conversion found from yuv420p to rgb24.
Oct 25, 2024 02:00:39.090 [547717795896] DEBUG - Loaded memory image of size 1920x1080.
Oct 25, 2024 02:00:39.262 [547717795896] DEBUG - Skipped thumbnail for metadata item 1057, media item 1961 for chapter number 2:5244450
Oct 25, 2024 02:00:39.262 [547717795896] DEBUG - [MI] Closing input file: "/movies/Los hombres lobo (2024).mkv"
Oct 25, 2024 02:00:39.264 [547717795896] DEBUG - Generated new chapter thumbnails for Loups-Garous.
