Oct 25, 2024 02:01:46.286 [548206431736] INFO - Plex Media Scanner v1.41.1.9057-af5eaea7a - Docker Docker Container (LinuxServer.io) aarch64 - build: linux-aarch64 - GMT -03:00
Oct 25, 2024 02:01:46.286 [548206431736] INFO - Linux version: 6.6.51+rpt-rpi-v8, language: en-US
Oct 25, 2024 02:01:46.286 [548206431736] INFO - Processor: 4-core AArch64
Oct 25, 2024 02:01:46.286 [548206431736] INFO - /usr/lib/plexmediaserver/Plex Media Scanner --generate --chapter-thumbs-only --item 1056 --log-file-suffix  Chapter Thumbnails --force
Oct 25, 2024 02:01:46.288 [548286607416] DEBUG - Opening 20 database sessions to library (com.plexapp.plugins.library), SQLite 3.39.4, threadsafe=1
Oct 25, 2024 02:01:46.527 [548286607416] DEBUG - [MI] Opening input file: "/movies/LEGO Marvel Avengers Mision demolicion (2024).mkv"
Oct 25, 2024 02:01:46.527 [548286607416] DEBUG - [FFMPEG] - Opening '/movies/LEGO Marvel Avengers Mision demolicion (2024).mkv' for reading
Oct 25, 2024 02:01:46.527 [548286607416] DEBUG - [FFMPEG] - Setting default whitelist 'file,crypto,data'
Oct 25, 2024 02:01:46.528 [548286607416] DEBUG - [FFMPEG] - Format matroska,webm probed with size=2048 and score=100
Oct 25, 2024 02:01:46.528 [548286607416] DEBUG - [FFMPEG] - Unknown entry 0x22B59D at pos. 4426
Oct 25, 2024 02:01:46.528 [548286607416] DEBUG - [FFMPEG] - Unknown entry 0x22B59D at pos. 4530
Oct 25, 2024 02:01:46.528 [548286607416] DEBUG - [FFMPEG] - Unknown entry 0x22B59D at pos. 4601
Oct 25, 2024 02:01:46.528 [548286607416] DEBUG - [FFMPEG] - Unknown entry 0x22B59D at pos. 4680
Oct 25, 2024 02:01:46.528 [548286607416] DEBUG - [FFMPEG] - Unknown entry 0x22B59D at pos. 4741
Oct 25, 2024 02:01:46.528 [548286607416] DEBUG - [FFMPEG] - Unknown entry 0x22B59D at pos. 4802
Oct 25, 2024 02:01:46.528 [548286607416] DEBUG - [FFMPEG] - Unknown entry 0x437D at pos. 100040
Oct 25, 2024 02:01:46.528 [548286607416] DEBUG - [FFMPEG] - st:0 removing common factor 1000000 from timebase
Oct 25, 2024 02:01:46.528 [548286607416] DEBUG - [FFMPEG] - st:1 removing common factor 1000000 from timebase
Oct 25, 2024 02:01:46.528 [548286607416] DEBUG - [FFMPEG] - st:2 removing common factor 1000000 from timebase
Oct 25, 2024 02:01:46.528 [548286607416] DEBUG - [FFMPEG] - st:3 removing common factor 1000000 from timebase
Oct 25, 2024 02:01:46.528 [548286607416] DEBUG - [FFMPEG] - st:4 removing common factor 1000000 from timebase
Oct 25, 2024 02:01:46.528 [548286607416] DEBUG - [FFMPEG] - st:5 removing common factor 1000000 from timebase
Oct 25, 2024 02:01:46.529 [548286607416] DEBUG - [FFMPEG] - Before avformat_find_stream_info() pos: 100152 bytes read:134672 seeks:2 nb_streams:7
Oct 25, 2024 02:01:46.530 [548286607416] DEBUG - [FFMPEG] - nal_unit_type: 7(SPS), nal_ref_idc: 3
Oct 25, 2024 02:01:46.530 [548286607416] DEBUG - [FFMPEG] - nal_unit_type: 8(PPS), nal_ref_idc: 3
Oct 25, 2024 02:01:46.531 [548286607416] DEBUG - [FFMPEG] - marker=d8 avail_size_in_buf=93900
Oct 25, 2024 02:01:46.531 [548286607416] DEBUG - [FFMPEG] - marker parser used 0 bytes (0 bits)
Oct 25, 2024 02:01:46.531 [548286607416] DEBUG - [FFMPEG] - marker=db avail_size_in_buf=93898
Oct 25, 2024 02:01:46.531 [548286607416] DEBUG - [FFMPEG] - index=0
Oct 25, 2024 02:01:46.531 [548286607416] DEBUG - [FFMPEG] - qscale[0]: 0
Oct 25, 2024 02:01:46.531 [548286607416] DEBUG - [FFMPEG] - marker parser used 67 bytes (536 bits)
Oct 25, 2024 02:01:46.531 [548286607416] DEBUG - [FFMPEG] - marker=db avail_size_in_buf=93829
Oct 25, 2024 02:01:46.531 [548286607416] DEBUG - [FFMPEG] - index=1
Oct 25, 2024 02:01:46.531 [548286607416] DEBUG - [FFMPEG] - qscale[1]: 1
Oct 25, 2024 02:01:46.531 [548286607416] DEBUG - [FFMPEG] - marker parser used 67 bytes (536 bits)
Oct 25, 2024 02:01:46.531 [548286607416] DEBUG - [FFMPEG] - marker=c0 avail_size_in_buf=93760
Oct 25, 2024 02:01:46.531 [548286607416] DEBUG - [FFMPEG] - Changing bps from 0 to 8
Oct 25, 2024 02:01:46.531 [548286607416] DEBUG - [FFMPEG] - sof0: picture: 305x452
Oct 25, 2024 02:01:46.531 [548286607416] DEBUG - [FFMPEG] - component 0 2:2 id: 0 quant:0
Oct 25, 2024 02:01:46.531 [548286607416] DEBUG - [FFMPEG] - component 1 1:1 id: 1 quant:1
Oct 25, 2024 02:01:46.531 [548286607416] DEBUG - [FFMPEG] - component 2 1:1 id: 2 quant:1
Oct 25, 2024 02:01:46.531 [548286607416] DEBUG - [FFMPEG] - pix fmt id 22111100
Oct 25, 2024 02:01:46.531 [548286607416] DEBUG - [FFMPEG] - Format yuvj420p chosen by get_format().
Oct 25, 2024 02:01:46.531 [548286607416] DEBUG - [FFMPEG] - marker parser used 17 bytes (136 bits)
Oct 25, 2024 02:01:46.531 [548286607416] DEBUG - [FFMPEG] - marker=c4 avail_size_in_buf=93741
Oct 25, 2024 02:01:46.531 [548286607416] DEBUG - [FFMPEG] - marker parser used 0 bytes (0 bits)
Oct 25, 2024 02:01:46.531 [548286607416] DEBUG - [FFMPEG] - marker=c4 avail_size_in_buf=93709
Oct 25, 2024 02:01:46.531 [548286607416] DEBUG - [FFMPEG] - marker parser used 0 bytes (0 bits)
Oct 25, 2024 02:01:46.531 [548286607416] DEBUG - [FFMPEG] - marker=c4 avail_size_in_buf=93611
Oct 25, 2024 02:01:46.531 [548286607416] DEBUG - [FFMPEG] - marker parser used 0 bytes (0 bits)
Oct 25, 2024 02:01:46.531 [548286607416] DEBUG - [FFMPEG] - marker=c4 avail_size_in_buf=93580
Oct 25, 2024 02:01:46.531 [548286607416] DEBUG - [FFMPEG] - marker parser used 0 bytes (0 bits)
Oct 25, 2024 02:01:46.531 [548286607416] DEBUG - [FFMPEG] - escaping removed 281 bytes
Oct 25, 2024 02:01:46.531 [548286607416] DEBUG - [FFMPEG] - marker=da avail_size_in_buf=93501
Oct 25, 2024 02:01:46.531 [548286607416] DEBUG - [FFMPEG] - marker parser used 93220 bytes (745760 bits)
Oct 25, 2024 02:01:46.531 [548286607416] DEBUG - [FFMPEG] - marker=d9 avail_size_in_buf=0
Oct 25, 2024 02:01:46.531 [548286607416] DEBUG - [FFMPEG] - decode frame unused 0 bytes
Oct 25, 2024 02:01:46.531 [548286607416] DEBUG - [FFMPEG] - nal_unit_type: 7(SPS), nal_ref_idc: 3
Oct 25, 2024 02:01:46.531 [548286607416] DEBUG - [FFMPEG] - nal_unit_type: 8(PPS), nal_ref_idc: 3
Oct 25, 2024 02:01:46.532 [548286607416] DEBUG - [FFMPEG] - ct_type:1 pic_struct:0
Oct 25, 2024 02:01:46.532 [548286607416] DEBUG - [FFMPEG] - nal_unit_type: 6(SEI), nal_ref_idc: 0
Oct 25, 2024 02:01:46.532 [548286607416] DEBUG - [FFMPEG] - nal_unit_type: 6(SEI), nal_ref_idc: 0
Oct 25, 2024 02:01:46.532 [548286607416] DEBUG - [FFMPEG] - nal_unit_type: 5(IDR), nal_ref_idc: 3
Oct 25, 2024 02:01:46.532 [548286607416] DEBUG - [FFMPEG] - Format yuv420p chosen by get_format().
Oct 25, 2024 02:01:46.538 [548286607416] DEBUG - [FFMPEG] - ct_type:1 pic_struct:0
Oct 25, 2024 02:01:46.538 [548286607416] DEBUG - [FFMPEG] - no picture 
Oct 25, 2024 02:01:46.545 [548286607416] DEBUG - [FFMPEG] - ct_type:1 pic_struct:0
Oct 25, 2024 02:01:46.545 [548286607416] DEBUG - [FFMPEG] - nal_unit_type: 6(SEI), nal_ref_idc: 0
Oct 25, 2024 02:01:46.545 [548286607416] DEBUG - [FFMPEG] - nal_unit_type: 1(Coded slice of a non-IDR picture), nal_ref_idc: 2
Oct 25, 2024 02:01:46.550 [548286607416] DEBUG - [FFMPEG] - ct_type:1 pic_struct:0
Oct 25, 2024 02:01:46.550 [548286607416] DEBUG - [FFMPEG] - no picture 
Oct 25, 2024 02:01:46.556 [548286607416] DEBUG - [FFMPEG] - ct_type:1 pic_struct:0
Oct 25, 2024 02:01:46.556 [548286607416] DEBUG - [FFMPEG] - nal_unit_type: 6(SEI), nal_ref_idc: 0
Oct 25, 2024 02:01:46.556 [548286607416] DEBUG - [FFMPEG] - nal_unit_type: 1(Coded slice of a non-IDR picture), nal_ref_idc: 2
Oct 25, 2024 02:01:46.561 [548286607416] DEBUG - [FFMPEG] - ct_type:1 pic_struct:0
Oct 25, 2024 02:01:46.569 [548286607416] DEBUG - [FFMPEG] - ct_type:1 pic_struct:0
Oct 25, 2024 02:01:46.569 [548286607416] DEBUG - [FFMPEG] - nal_unit_type: 6(SEI), nal_ref_idc: 0
Oct 25, 2024 02:01:46.569 [548286607416] DEBUG - [FFMPEG] - nal_unit_type: 1(Coded slice of a non-IDR picture), nal_ref_idc: 0
Oct 25, 2024 02:01:46.574 [548286607416] DEBUG - [FFMPEG] - ct_type:1 pic_struct:0
Oct 25, 2024 02:01:46.583 [548286607416] DEBUG - [FFMPEG] - ct_type:1 pic_struct:0
Oct 25, 2024 02:01:46.583 [548286607416] DEBUG - [FFMPEG] - nal_unit_type: 6(SEI), nal_ref_idc: 0
Oct 25, 2024 02:01:46.583 [548286607416] DEBUG - [FFMPEG] - nal_unit_type: 1(Coded slice of a non-IDR picture), nal_ref_idc: 0
Oct 25, 2024 02:01:46.588 [548286607416] DEBUG - [FFMPEG] - ct_type:1 pic_struct:0
Oct 25, 2024 02:01:46.597 [548286607416] DEBUG - [FFMPEG] - ct_type:1 pic_struct:0
Oct 25, 2024 02:01:46.597 [548286607416] DEBUG - [FFMPEG] - nal_unit_type: 6(SEI), nal_ref_idc: 0
Oct 25, 2024 02:01:46.597 [548286607416] DEBUG - [FFMPEG] - nal_unit_type: 1(Coded slice of a non-IDR picture), nal_ref_idc: 2
Oct 25, 2024 02:01:46.597 [548286607416] DEBUG - [FFMPEG] - ct_type:1 pic_struct:0
Oct 25, 2024 02:01:46.603 [548286607416] DEBUG - [FFMPEG] - ct_type:1 pic_struct:0
Oct 25, 2024 02:01:46.604 [548286607416] DEBUG - [FFMPEG] - nal_unit_type: 6(SEI), nal_ref_idc: 0
Oct 25, 2024 02:01:46.604 [548286607416] DEBUG - [FFMPEG] - nal_unit_type: 1(Coded slice of a non-IDR picture), nal_ref_idc: 2
Oct 25, 2024 02:01:46.604 [548286607416] DEBUG - [FFMPEG] - ct_type:1 pic_struct:0
Oct 25, 2024 02:01:46.612 [548286607416] DEBUG - [FFMPEG] - ct_type:1 pic_struct:0
Oct 25, 2024 02:01:46.612 [548286607416] DEBUG - [FFMPEG] - nal_unit_type: 6(SEI), nal_ref_idc: 0
Oct 25, 2024 02:01:46.612 [548286607416] DEBUG - [FFMPEG] - nal_unit_type: 1(Coded slice of a non-IDR picture), nal_ref_idc: 0
Oct 25, 2024 02:01:46.612 [548286607416] DEBUG - [FFMPEG] - ct_type:1 pic_struct:0
Oct 25, 2024 02:01:46.621 [548286607416] DEBUG - [FFMPEG] - ct_type:1 pic_struct:0
Oct 25, 2024 02:01:46.621 [548286607416] DEBUG - [FFMPEG] - nal_unit_type: 6(SEI), nal_ref_idc: 0
Oct 25, 2024 02:01:46.621 [548286607416] DEBUG - [FFMPEG] - nal_unit_type: 1(Coded slice of a non-IDR picture), nal_ref_idc: 0
Oct 25, 2024 02:01:46.621 [548286607416] DEBUG - [FFMPEG] - ct_type:1 pic_struct:0
Oct 25, 2024 02:01:46.630 [548286607416] DEBUG - [FFMPEG] - ct_type:1 pic_struct:0
Oct 25, 2024 02:01:46.630 [548286607416] DEBUG - [FFMPEG] - All info found
Oct 25, 2024 02:01:46.634 [548286607416] DEBUG - [FFMPEG] - After avformat_find_stream_info() pos: 134273 bytes read:200208 seeks:2 frames:41
Oct 25, 2024 02:01:46.634 [548286607416] DEBUG - Creating /config/Library/Application Support/Plex Media Server/Media/localhost/3/32f0e9f12022ab42ff27ab26b583e9a1fa785d6.bundle/Contents/Chapters/chapter1.jpg (98.9%, 1280x720).
Oct 25, 2024 02:01:46.635 [548286607416] DEBUG - [FFMPEG] - nal_unit_type: 7(SPS), nal_ref_idc: 3
Oct 25, 2024 02:01:46.635 [548286607416] DEBUG - [FFMPEG] - nal_unit_type: 8(PPS), nal_ref_idc: 3
Oct 25, 2024 02:01:46.642 [548286607416] DEBUG - [FFMPEG] - nal_unit_type: 7(SPS), nal_ref_idc: 3
Oct 25, 2024 02:01:46.642 [548286607416] DEBUG - [FFMPEG] - nal_unit_type: 8(PPS), nal_ref_idc: 3
Oct 25, 2024 02:01:46.642 [548286607416] DEBUG - [FFMPEG] - ct_type:1 pic_struct:0
Oct 25, 2024 02:01:46.642 [548286607416] DEBUG - [FFMPEG] - nal_unit_type: 6(SEI), nal_ref_idc: 0
Oct 25, 2024 02:01:46.642 [548286607416] DEBUG - [FFMPEG] - nal_unit_type: 6(SEI), nal_ref_idc: 0
Oct 25, 2024 02:01:46.642 [548286607416] DEBUG - [FFMPEG] - nal_unit_type: 5(IDR), nal_ref_idc: 3
Oct 25, 2024 02:01:46.642 [548286607416] DEBUG - [FFMPEG] - Format yuv420p chosen by get_format().
Oct 25, 2024 02:01:46.649 [548286607416] DEBUG - [FFMPEG] - ct_type:1 pic_struct:0
Oct 25, 2024 02:01:46.649 [548286607416] DEBUG - [FFMPEG] - no picture 
Oct 25, 2024 02:01:46.659 [548286607416] DEBUG - [FFMPEG] - ct_type:1 pic_struct:0
Oct 25, 2024 02:01:46.659 [548286607416] DEBUG - [FFMPEG] - nal_unit_type: 6(SEI), nal_ref_idc: 0
Oct 25, 2024 02:01:46.659 [548286607416] DEBUG - [FFMPEG] - nal_unit_type: 1(Coded slice of a non-IDR picture), nal_ref_idc: 2
Oct 25, 2024 02:01:46.664 [548286607416] DEBUG - [FFMPEG] - ct_type:1 pic_struct:0
Oct 25, 2024 02:01:46.664 [548286607416] DEBUG - [FFMPEG] - no picture 
Oct 25, 2024 02:01:46.670 [548286607416] DEBUG - [FFMPEG] - ct_type:1 pic_struct:0
Oct 25, 2024 02:01:46.671 [548286607416] DEBUG - [FFMPEG] - nal_unit_type: 6(SEI), nal_ref_idc: 0
Oct 25, 2024 02:01:46.671 [548286607416] DEBUG - [FFMPEG] - nal_unit_type: 1(Coded slice of a non-IDR picture), nal_ref_idc: 2
Oct 25, 2024 02:01:46.676 [548286607416] DEBUG - [FFMPEG] - ct_type:1 pic_struct:0
Oct 25, 2024 02:01:46.687 [548286607416] WARN - [FFMPEG] - No accelerated colorspace conversion found from yuv420p to rgb24.
Oct 25, 2024 02:01:46.822 [548286607416] DEBUG - Loaded memory image of size 1920x1080.
Oct 25, 2024 02:01:46.997 [548286607416] DEBUG - [FFMPEG] - nal_unit_type: 7(SPS), nal_ref_idc: 3
Oct 25, 2024 02:01:46.997 [548286607416] DEBUG - [FFMPEG] - nal_unit_type: 8(PPS), nal_ref_idc: 3
Oct 25, 2024 02:01:46.998 [548286607416] DEBUG - [FFMPEG] - nal_unit_type: 7(SPS), nal_ref_idc: 3
Oct 25, 2024 02:01:46.998 [548286607416] DEBUG - [FFMPEG] - nal_unit_type: 8(PPS), nal_ref_idc: 3
Oct 25, 2024 02:01:46.998 [548286607416] DEBUG - [FFMPEG] - ct_type:1 pic_struct:0
Oct 25, 2024 02:01:46.998 [548286607416] DEBUG - [FFMPEG] - nal_unit_type: 6(SEI), nal_ref_idc: 0
Oct 25, 2024 02:01:46.998 [548286607416] DEBUG - [FFMPEG] - nal_unit_type: 6(SEI), nal_ref_idc: 0
Oct 25, 2024 02:01:46.998 [548286607416] DEBUG - [FFMPEG] - nal_unit_type: 5(IDR), nal_ref_idc: 3
Oct 25, 2024 02:01:46.998 [548286607416] DEBUG - [FFMPEG] - Format yuv420p chosen by get_format().
Oct 25, 2024 02:01:47.005 [548286607416] DEBUG - [FFMPEG] - ct_type:1 pic_struct:0
Oct 25, 2024 02:01:47.005 [548286607416] DEBUG - [FFMPEG] - no picture 
Oct 25, 2024 02:01:47.016 [548286607416] DEBUG - [FFMPEG] - ct_type:1 pic_struct:0
Oct 25, 2024 02:01:47.016 [548286607416] DEBUG - [FFMPEG] - nal_unit_type: 6(SEI), nal_ref_idc: 0
Oct 25, 2024 02:01:47.016 [548286607416] DEBUG - [FFMPEG] - nal_unit_type: 1(Coded slice of a non-IDR picture), nal_ref_idc: 2
Oct 25, 2024 02:01:47.022 [548286607416] DEBUG - [FFMPEG] - ct_type:1 pic_struct:0
Oct 25, 2024 02:01:47.022 [548286607416] DEBUG - [FFMPEG] - no picture 
Oct 25, 2024 02:01:47.029 [548286607416] DEBUG - [FFMPEG] - ct_type:1 pic_struct:0
Oct 25, 2024 02:01:47.029 [548286607416] DEBUG - [FFMPEG] - nal_unit_type: 6(SEI), nal_ref_idc: 0
Oct 25, 2024 02:01:47.029 [548286607416] DEBUG - [FFMPEG] - nal_unit_type: 1(Coded slice of a non-IDR picture), nal_ref_idc: 2
Oct 25, 2024 02:01:47.034 [548286607416] DEBUG - [FFMPEG] - ct_type:1 pic_struct:0
Oct 25, 2024 02:01:47.046 [548286607416] WARN - [FFMPEG] - No accelerated colorspace conversion found from yuv420p to rgb24.
Oct 25, 2024 02:01:47.182 [548286607416] DEBUG - Loaded memory image of size 1920x1080.
Oct 25, 2024 02:01:47.357 [548286607416] DEBUG - [FFMPEG] - nal_unit_type: 7(SPS), nal_ref_idc: 3
Oct 25, 2024 02:01:47.357 [548286607416] DEBUG - [FFMPEG] - nal_unit_type: 8(PPS), nal_ref_idc: 3
Oct 25, 2024 02:01:47.358 [548286607416] DEBUG - [FFMPEG] - nal_unit_type: 7(SPS), nal_ref_idc: 3
Oct 25, 2024 02:01:47.358 [548286607416] DEBUG - [FFMPEG] - nal_unit_type: 8(PPS), nal_ref_idc: 3
Oct 25, 2024 02:01:47.358 [548286607416] DEBUG - [FFMPEG] - ct_type:1 pic_struct:0
Oct 25, 2024 02:01:47.358 [548286607416] DEBUG - [FFMPEG] - nal_unit_type: 6(SEI), nal_ref_idc: 0
Oct 25, 2024 02:01:47.358 [548286607416] DEBUG - [FFMPEG] - nal_unit_type: 6(SEI), nal_ref_idc: 0
Oct 25, 2024 02:01:47.358 [548286607416] DEBUG - [FFMPEG] - nal_unit_type: 5(IDR), nal_ref_idc: 3
Oct 25, 2024 02:01:47.358 [548286607416] DEBUG - [FFMPEG] - Format yuv420p chosen by get_format().
Oct 25, 2024 02:01:47.365 [548286607416] DEBUG - [FFMPEG] - ct_type:1 pic_struct:0
Oct 25, 2024 02:01:47.365 [548286607416] DEBUG - [FFMPEG] - no picture 
Oct 25, 2024 02:01:47.375 [548286607416] DEBUG - [FFMPEG] - ct_type:1 pic_struct:0
Oct 25, 2024 02:01:47.375 [548286607416] DEBUG - [FFMPEG] - nal_unit_type: 6(SEI), nal_ref_idc: 0
Oct 25, 2024 02:01:47.375 [548286607416] DEBUG - [FFMPEG] - nal_unit_type: 1(Coded slice of a non-IDR picture), nal_ref_idc: 2
Oct 25, 2024 02:01:47.380 [548286607416] DEBUG - [FFMPEG] - ct_type:1 pic_struct:0
Oct 25, 2024 02:01:47.380 [548286607416] DEBUG - [FFMPEG] - no picture 
Oct 25, 2024 02:01:47.386 [548286607416] DEBUG - [FFMPEG] - ct_type:1 pic_struct:0
Oct 25, 2024 02:01:47.386 [548286607416] DEBUG - [FFMPEG] - nal_unit_type: 6(SEI), nal_ref_idc: 0
Oct 25, 2024 02:01:47.386 [548286607416] DEBUG - [FFMPEG] - nal_unit_type: 1(Coded slice of a non-IDR picture), nal_ref_idc: 2
Oct 25, 2024 02:01:47.392 [548286607416] DEBUG - [FFMPEG] - ct_type:1 pic_struct:0
Oct 25, 2024 02:01:47.403 [548286607416] WARN - [FFMPEG] - No accelerated colorspace conversion found from yuv420p to rgb24.
Oct 25, 2024 02:01:47.539 [548286607416] DEBUG - Loaded memory image of size 1920x1080.
Oct 25, 2024 02:01:47.717 [548286607416] DEBUG - [FFMPEG] - nal_unit_type: 7(SPS), nal_ref_idc: 3
Oct 25, 2024 02:01:47.717 [548286607416] DEBUG - [FFMPEG] - nal_unit_type: 8(PPS), nal_ref_idc: 3
Oct 25, 2024 02:01:47.717 [548286607416] DEBUG - [FFMPEG] - nal_unit_type: 7(SPS), nal_ref_idc: 3
Oct 25, 2024 02:01:47.717 [548286607416] DEBUG - [FFMPEG] - nal_unit_type: 8(PPS), nal_ref_idc: 3
Oct 25, 2024 02:01:47.718 [548286607416] DEBUG - [FFMPEG] - ct_type:1 pic_struct:0
Oct 25, 2024 02:01:47.718 [548286607416] DEBUG - [FFMPEG] - nal_unit_type: 6(SEI), nal_ref_idc: 0
Oct 25, 2024 02:01:47.718 [548286607416] DEBUG - [FFMPEG] - nal_unit_type: 6(SEI), nal_ref_idc: 0
Oct 25, 2024 02:01:47.718 [548286607416] DEBUG - [FFMPEG] - nal_unit_type: 5(IDR), nal_ref_idc: 3
Oct 25, 2024 02:01:47.718 [548286607416] DEBUG - [FFMPEG] - Format yuv420p chosen by get_format().
Oct 25, 2024 02:01:47.724 [548286607416] DEBUG - [FFMPEG] - ct_type:1 pic_struct:0
Oct 25, 2024 02:01:47.724 [548286607416] DEBUG - [FFMPEG] - no picture 
Oct 25, 2024 02:01:47.735 [548286607416] DEBUG - [FFMPEG] - ct_type:1 pic_struct:0
Oct 25, 2024 02:01:47.735 [548286607416] DEBUG - [FFMPEG] - nal_unit_type: 6(SEI), nal_ref_idc: 0
Oct 25, 2024 02:01:47.735 [548286607416] DEBUG - [FFMPEG] - nal_unit_type: 1(Coded slice of a non-IDR picture), nal_ref_idc: 2
Oct 25, 2024 02:01:47.740 [548286607416] DEBUG - [FFMPEG] - ct_type:1 pic_struct:0
Oct 25, 2024 02:01:47.740 [548286607416] DEBUG - [FFMPEG] - no picture 
Oct 25, 2024 02:01:47.746 [548286607416] DEBUG - [FFMPEG] - ct_type:1 pic_struct:0
Oct 25, 2024 02:01:47.746 [548286607416] DEBUG - [FFMPEG] - nal_unit_type: 6(SEI), nal_ref_idc: 0
Oct 25, 2024 02:01:47.746 [548286607416] DEBUG - [FFMPEG] - nal_unit_type: 1(Coded slice of a non-IDR picture), nal_ref_idc: 2
Oct 25, 2024 02:01:47.751 [548286607416] DEBUG - [FFMPEG] - ct_type:1 pic_struct:0
Oct 25, 2024 02:01:47.762 [548286607416] WARN - [FFMPEG] - No accelerated colorspace conversion found from yuv420p to rgb24.
Oct 25, 2024 02:01:47.898 [548286607416] DEBUG - Loaded memory image of size 1920x1080.
Oct 25, 2024 02:01:48.079 [548286607416] DEBUG - [FFMPEG] - nal_unit_type: 7(SPS), nal_ref_idc: 3
Oct 25, 2024 02:01:48.079 [548286607416] DEBUG - [FFMPEG] - nal_unit_type: 8(PPS), nal_ref_idc: 3
Oct 25, 2024 02:01:48.079 [548286607416] DEBUG - [FFMPEG] - nal_unit_type: 7(SPS), nal_ref_idc: 3
Oct 25, 2024 02:01:48.079 [548286607416] DEBUG - [FFMPEG] - nal_unit_type: 8(PPS), nal_ref_idc: 3
Oct 25, 2024 02:01:48.080 [548286607416] DEBUG - [FFMPEG] - ct_type:1 pic_struct:0
Oct 25, 2024 02:01:48.080 [548286607416] DEBUG - [FFMPEG] - nal_unit_type: 6(SEI), nal_ref_idc: 0
Oct 25, 2024 02:01:48.080 [548286607416] DEBUG - [FFMPEG] - nal_unit_type: 6(SEI), nal_ref_idc: 0
Oct 25, 2024 02:01:48.080 [548286607416] DEBUG - [FFMPEG] - nal_unit_type: 5(IDR), nal_ref_idc: 3
Oct 25, 2024 02:01:48.080 [548286607416] DEBUG - [FFMPEG] - Format yuv420p chosen by get_format().
Oct 25, 2024 02:01:48.086 [548286607416] DEBUG - [FFMPEG] - ct_type:1 pic_struct:0
Oct 25, 2024 02:01:48.086 [548286607416] DEBUG - [FFMPEG] - no picture 
Oct 25, 2024 02:01:48.096 [548286607416] DEBUG - [FFMPEG] - ct_type:1 pic_struct:0
Oct 25, 2024 02:01:48.096 [548286607416] DEBUG - [FFMPEG] - nal_unit_type: 6(SEI), nal_ref_idc: 0
Oct 25, 2024 02:01:48.096 [548286607416] DEBUG - [FFMPEG] - nal_unit_type: 1(Coded slice of a non-IDR picture), nal_ref_idc: 2
Oct 25, 2024 02:01:48.102 [548286607416] DEBUG - [FFMPEG] - ct_type:1 pic_struct:0
Oct 25, 2024 02:01:48.102 [548286607416] DEBUG - [FFMPEG] - no picture 
Oct 25, 2024 02:01:48.108 [548286607416] DEBUG - [FFMPEG] - ct_type:1 pic_struct:0
Oct 25, 2024 02:01:48.108 [548286607416] DEBUG - [FFMPEG] - nal_unit_type: 6(SEI), nal_ref_idc: 0
Oct 25, 2024 02:01:48.108 [548286607416] DEBUG - [FFMPEG] - nal_unit_type: 1(Coded slice of a non-IDR picture), nal_ref_idc: 2
Oct 25, 2024 02:01:48.113 [548286607416] DEBUG - [FFMPEG] - ct_type:1 pic_struct:0
Oct 25, 2024 02:01:48.124 [548286607416] WARN - [FFMPEG] - No accelerated colorspace conversion found from yuv420p to rgb24.
Oct 25, 2024 02:01:48.260 [548286607416] DEBUG - Loaded memory image of size 1920x1080.
Oct 25, 2024 02:01:48.437 [548286607416] DEBUG - Created chapter thumbnail for metadata item 1056, media item 1960 for chapter number 1:2382620 at "/config/Library/Application Support/Plex Media Server/Media/localhost/3/32f0e9f12022ab42ff27ab26b583e9a1fa785d6.bundle/Contents/Chapters/chapter1.jpg"
Oct 25, 2024 02:01:48.437 [548286607416] DEBUG - [MI] Closing input file: "/movies/LEGO Marvel Avengers Mision demolicion (2024).mkv"
Oct 25, 2024 02:01:48.438 [548286607416] DEBUG - Generated new chapter thumbnails for LEGO Marvel Avengers: Mission Demolition.
