Oct 26, 2024 02:01:56.456 [547638443512] INFO - Plex Media Scanner v1.41.1.9057-af5eaea7a - Docker Docker Container (LinuxServer.io) aarch64 - build: linux-aarch64 - GMT -03:00
Oct 26, 2024 02:01:56.457 [547638443512] INFO - Linux version: 6.6.51+rpt-rpi-v8, language: en-US
Oct 26, 2024 02:01:56.457 [547638443512] INFO - Processor: 4-core AArch64
Oct 26, 2024 02:01:56.457 [547638443512] INFO - /usr/lib/plexmediaserver/Plex Media Scanner --match --type 2 --log-file-suffix  Matcher --item 862
Oct 26, 2024 02:01:56.458 [547718619192] DEBUG - Opening 20 database sessions to library (com.plexapp.plugins.library), SQLite 3.39.4, threadsafe=1
Oct 26, 2024 02:01:56.696 [547718619192] DEBUG - Matcher: found 28 auxiliary files for Combate mortal. Punto crítico. Energías Hadou al límite. Explosión.
Oct 26, 2024 02:01:56.696 [547718619192] DEBUG - [MI] Opening input file: "/tv/Street Fighter II V/E27.mp4"
Oct 26, 2024 02:01:56.696 [547718619192] DEBUG - [FFMPEG] - Opening '/tv/Street Fighter II V/E27.mp4' for reading
Oct 26, 2024 02:01:56.696 [547718619192] DEBUG - [FFMPEG] - Setting default whitelist 'file,crypto,data'
Oct 26, 2024 02:01:56.697 [547718619192] DEBUG - [FFMPEG] - Format mov,mp4,m4a,3gp,3g2,mj2 probed with size=2048 and score=100
Oct 26, 2024 02:01:56.698 [547718619192] DEBUG - [FFMPEG] - ISO: File Type Major Brand: isom
Oct 26, 2024 02:01:56.698 [547718619192] DEBUG - [FFMPEG] - Unknown dref type 0x206c7275 size 12
Oct 26, 2024 02:01:56.709 [547718619192] DEBUG - [FFMPEG] - Processing st: 0, edit list 0 - media time: 3754, duration: 128171880
Oct 26, 2024 02:01:56.713 [547718619192] DEBUG - [FFMPEG] - Offset DTS by 3754 to make first pts zero.
Oct 26, 2024 02:01:56.715 [547718619192] DEBUG - [FFMPEG] - Setting codecpar->delay to 1 for stream st: 0
Oct 26, 2024 02:01:56.715 [547718619192] DEBUG - [FFMPEG] - Unknown dref type 0x206c7275 size 12
Oct 26, 2024 02:01:56.724 [547718619192] DEBUG - [FFMPEG] - Processing st: 1, edit list 0 - media time: 0, duration: 62891010
Oct 26, 2024 02:01:56.728 [547718619192] DEBUG - [FFMPEG] - rfps: 23.916667 0.004905
Oct 26, 2024 02:01:56.728 [547718619192] DEBUG - [FFMPEG] - rfps: 23.916667 0.004905
Oct 26, 2024 02:01:56.728 [547718619192] DEBUG - [FFMPEG] - rfps: 24.000000 0.000800
Oct 26, 2024 02:01:56.728 [547718619192] DEBUG - [FFMPEG] - rfps: 24.000000 0.000800
Oct 26, 2024 02:01:56.728 [547718619192] DEBUG - [FFMPEG] - rfps: 24.083333 0.016030
Oct 26, 2024 02:01:56.728 [547718619192] DEBUG - [FFMPEG] - rfps: 24.083333 0.016030
Oct 26, 2024 02:01:56.728 [547718619192] DEBUG - [FFMPEG] - rfps: 48.000000 0.003201
Oct 26, 2024 02:01:56.728 [547718619192] DEBUG - [FFMPEG] - rfps: 48.000000 0.003201
Oct 26, 2024 02:01:56.728 [547718619192] DEBUG - [FFMPEG] - rfps: 23.976024 0.000000
Oct 26, 2024 02:01:56.728 [547718619192] DEBUG - [FFMPEG] - rfps: 47.952048 0.000000
Oct 26, 2024 02:01:56.729 [547718619192] DEBUG - [FFMPEG] - Before avformat_find_stream_info() pos: 85092326 bytes read:1205060 seeks:1 nb_streams:2
Oct 26, 2024 02:01:56.730 [547718619192] DEBUG - [FFMPEG] - nal_unit_type: 7(SPS), nal_ref_idc: 3
Oct 26, 2024 02:01:56.730 [547718619192] DEBUG - [FFMPEG] - nal_unit_type: 8(PPS), nal_ref_idc: 3
Oct 26, 2024 02:01:56.731 [547718619192] DEBUG - [FFMPEG] - nal_unit_type: 7(SPS), nal_ref_idc: 3
Oct 26, 2024 02:01:56.731 [547718619192] DEBUG - [FFMPEG] - nal_unit_type: 8(PPS), nal_ref_idc: 3
Oct 26, 2024 02:01:56.731 [547718619192] DEBUG - [FFMPEG] - nal_unit_type: 5(IDR), nal_ref_idc: 3
Oct 26, 2024 02:01:56.731 [547718619192] DEBUG - [FFMPEG] - Format yuv420p chosen by get_format().
Oct 26, 2024 02:01:56.732 [547718619192] DEBUG - [FFMPEG] - no picture 
Oct 26, 2024 02:01:56.735 [547718619192] DEBUG - [FFMPEG] - nal_unit_type: 1(Coded slice of a non-IDR picture), nal_ref_idc: 2
Oct 26, 2024 02:01:56.737 [547718619192] DEBUG - [FFMPEG] - All info found
Oct 26, 2024 02:01:56.738 [547718619192] DEBUG - [FFMPEG] - After avformat_find_stream_info() pos: 533 bytes read:1237828 seeks:2 frames:3
Oct 26, 2024 02:01:56.739 [547718619192] DEBUG - [FFMPEG] - nal_unit_type: 7(SPS), nal_ref_idc: 3
Oct 26, 2024 02:01:56.739 [547718619192] DEBUG - [FFMPEG] - nal_unit_type: 8(PPS), nal_ref_idc: 3
Oct 26, 2024 02:01:56.739 [547718619192] ERROR - [Time] Date looks invalid: 2014--1--1
Oct 26, 2024 02:01:56.739 [547718619192] DEBUG - [MI] Closing input file: "/tv/Street Fighter II V/E27.mp4"
Oct 26, 2024 02:01:56.740 [547718619192] DEBUG - Matcher: no sidecar subtitle files found for /tv/Street Fighter II V/E27.mp4
