Oct 25, 2024 02:01:14.268 [548082589176] INFO - Plex Media Scanner v1.41.1.9057-af5eaea7a - Docker Docker Container (LinuxServer.io) aarch64 - build: linux-aarch64 - GMT -03:00
Oct 25, 2024 02:01:14.268 [548082589176] INFO - Linux version: 6.6.51+rpt-rpi-v8, language: en-US
Oct 25, 2024 02:01:14.268 [548082589176] INFO - Processor: 4-core AArch64
Oct 25, 2024 02:01:14.268 [548082589176] INFO - /usr/lib/plexmediaserver/Plex Media Scanner --analyze-deeply --item 1057 --log-file-suffix  Deep Analysis
Oct 25, 2024 02:01:14.269 [548162764856] DEBUG - Opening 20 database sessions to library (com.plexapp.plugins.library), SQLite 3.39.4, threadsafe=1
Oct 25, 2024 02:01:14.505 [548162764856] DEBUG - [MI] Opening input file: "/movies/Los hombres lobo (2024).mkv"
Oct 25, 2024 02:01:14.506 [548162764856] DEBUG - [FFMPEG] - Opening '/movies/Los hombres lobo (2024).mkv' for reading
Oct 25, 2024 02:01:14.506 [548162764856] DEBUG - [FFMPEG] - Setting default whitelist 'file,crypto,data'
Oct 25, 2024 02:01:14.506 [548162764856] DEBUG - [FFMPEG] - Format matroska,webm probed with size=2048 and score=100
Oct 25, 2024 02:01:14.506 [548162764856] DEBUG - [FFMPEG] - Unknown entry 0x22B59D at pos. 4423
Oct 25, 2024 02:01:14.506 [548162764856] DEBUG - [FFMPEG] - Unknown entry 0x22B59D at pos. 4500
Oct 25, 2024 02:01:14.506 [548162764856] DEBUG - [FFMPEG] - Unknown entry 0x22B59D at pos. 4578
Oct 25, 2024 02:01:14.506 [548162764856] DEBUG - [FFMPEG] - Unknown entry 0x22B59D at pos. 4658
Oct 25, 2024 02:01:14.506 [548162764856] DEBUG - [FFMPEG] - Unknown entry 0x22B59D at pos. 4719
Oct 25, 2024 02:01:14.506 [548162764856] DEBUG - [FFMPEG] - Unknown entry 0x22B59D at pos. 4781
Oct 25, 2024 02:01:14.507 [548162764856] DEBUG - [FFMPEG] - Unknown entry 0x22B59D at pos. 4842
Oct 25, 2024 02:01:14.507 [548162764856] DEBUG - [FFMPEG] - Unknown entry 0x22B59D at pos. 4896
Oct 25, 2024 02:01:14.507 [548162764856] DEBUG - [FFMPEG] - Unknown entry 0x22B59D at pos. 4963
Oct 25, 2024 02:01:14.507 [548162764856] DEBUG - [FFMPEG] - Unknown entry 0x437D at pos. 80702
Oct 25, 2024 02:01:14.507 [548162764856] DEBUG - [FFMPEG] - Unknown entry 0x437D at pos. 80745
Oct 25, 2024 02:01:14.507 [548162764856] DEBUG - [FFMPEG] - st:0 removing common factor 1000000 from timebase
Oct 25, 2024 02:01:14.507 [548162764856] DEBUG - [FFMPEG] - st:1 removing common factor 1000000 from timebase
Oct 25, 2024 02:01:14.507 [548162764856] DEBUG - [FFMPEG] - st:2 removing common factor 1000000 from timebase
Oct 25, 2024 02:01:14.507 [548162764856] DEBUG - [FFMPEG] - st:3 removing common factor 1000000 from timebase
Oct 25, 2024 02:01:14.507 [548162764856] DEBUG - [FFMPEG] - st:4 removing common factor 1000000 from timebase
Oct 25, 2024 02:01:14.507 [548162764856] DEBUG - [FFMPEG] - st:5 removing common factor 1000000 from timebase
Oct 25, 2024 02:01:14.507 [548162764856] DEBUG - [FFMPEG] - st:6 removing common factor 1000000 from timebase
Oct 25, 2024 02:01:14.507 [548162764856] DEBUG - [FFMPEG] - st:7 removing common factor 1000000 from timebase
Oct 25, 2024 02:01:14.507 [548162764856] DEBUG - [FFMPEG] - st:8 removing common factor 1000000 from timebase
Oct 25, 2024 02:01:14.507 [548162764856] DEBUG - [FFMPEG] - Before avformat_find_stream_info() pos: 80857 bytes read:116312 seeks:2 nb_streams:10
Oct 25, 2024 02:01:14.509 [548162764856] DEBUG - [FFMPEG] - nal_unit_type: 7(SPS), nal_ref_idc: 3
Oct 25, 2024 02:01:14.509 [548162764856] DEBUG - [FFMPEG] - nal_unit_type: 8(PPS), nal_ref_idc: 3
Oct 25, 2024 02:01:14.510 [548162764856] DEBUG - [FFMPEG] - marker=d8 avail_size_in_buf=74354
Oct 25, 2024 02:01:14.510 [548162764856] DEBUG - [FFMPEG] - marker parser used 0 bytes (0 bits)
Oct 25, 2024 02:01:14.510 [548162764856] DEBUG - [FFMPEG] - marker=db avail_size_in_buf=74352
Oct 25, 2024 02:01:14.510 [548162764856] DEBUG - [FFMPEG] - index=0
Oct 25, 2024 02:01:14.510 [548162764856] DEBUG - [FFMPEG] - qscale[0]: 0
Oct 25, 2024 02:01:14.510 [548162764856] DEBUG - [FFMPEG] - marker parser used 67 bytes (536 bits)
Oct 25, 2024 02:01:14.510 [548162764856] DEBUG - [FFMPEG] - marker=db avail_size_in_buf=74283
Oct 25, 2024 02:01:14.510 [548162764856] DEBUG - [FFMPEG] - index=1
Oct 25, 2024 02:01:14.510 [548162764856] DEBUG - [FFMPEG] - qscale[1]: 1
Oct 25, 2024 02:01:14.510 [548162764856] DEBUG - [FFMPEG] - marker parser used 67 bytes (536 bits)
Oct 25, 2024 02:01:14.510 [548162764856] DEBUG - [FFMPEG] - marker=c0 avail_size_in_buf=74214
Oct 25, 2024 02:01:14.510 [548162764856] DEBUG - [FFMPEG] - Changing bps from 0 to 8
Oct 25, 2024 02:01:14.510 [548162764856] DEBUG - [FFMPEG] - sof0: picture: 305x452
Oct 25, 2024 02:01:14.510 [548162764856] DEBUG - [FFMPEG] - component 0 2:2 id: 0 quant:0
Oct 25, 2024 02:01:14.510 [548162764856] DEBUG - [FFMPEG] - component 1 1:1 id: 1 quant:1
Oct 25, 2024 02:01:14.510 [548162764856] DEBUG - [FFMPEG] - component 2 1:1 id: 2 quant:1
Oct 25, 2024 02:01:14.510 [548162764856] DEBUG - [FFMPEG] - pix fmt id 22111100
Oct 25, 2024 02:01:14.510 [548162764856] DEBUG - [FFMPEG] - Format yuvj420p chosen by get_format().
Oct 25, 2024 02:01:14.510 [548162764856] DEBUG - [FFMPEG] - marker parser used 17 bytes (136 bits)
Oct 25, 2024 02:01:14.510 [548162764856] DEBUG - [FFMPEG] - marker=c4 avail_size_in_buf=74195
Oct 25, 2024 02:01:14.510 [548162764856] DEBUG - [FFMPEG] - marker parser used 0 bytes (0 bits)
Oct 25, 2024 02:01:14.510 [548162764856] DEBUG - [FFMPEG] - marker=c4 avail_size_in_buf=74163
Oct 25, 2024 02:01:14.510 [548162764856] DEBUG - [FFMPEG] - marker parser used 0 bytes (0 bits)
Oct 25, 2024 02:01:14.510 [548162764856] DEBUG - [FFMPEG] - marker=c4 avail_size_in_buf=74075
Oct 25, 2024 02:01:14.510 [548162764856] DEBUG - [FFMPEG] - marker parser used 0 bytes (0 bits)
Oct 25, 2024 02:01:14.510 [548162764856] DEBUG - [FFMPEG] - marker=c4 avail_size_in_buf=74044
Oct 25, 2024 02:01:14.510 [548162764856] DEBUG - [FFMPEG] - marker parser used 0 bytes (0 bits)
Oct 25, 2024 02:01:14.510 [548162764856] DEBUG - [FFMPEG] - escaping removed 274 bytes
Oct 25, 2024 02:01:14.510 [548162764856] DEBUG - [FFMPEG] - marker=da avail_size_in_buf=73980
Oct 25, 2024 02:01:14.510 [548162764856] DEBUG - [FFMPEG] - marker parser used 73706 bytes (589648 bits)
Oct 25, 2024 02:01:14.510 [548162764856] DEBUG - [FFMPEG] - marker=d9 avail_size_in_buf=0
Oct 25, 2024 02:01:14.510 [548162764856] DEBUG - [FFMPEG] - decode frame unused 0 bytes
Oct 25, 2024 02:01:14.510 [548162764856] DEBUG - [FFMPEG] - nal_unit_type: 7(SPS), nal_ref_idc: 3
Oct 25, 2024 02:01:14.510 [548162764856] DEBUG - [FFMPEG] - nal_unit_type: 8(PPS), nal_ref_idc: 3
Oct 25, 2024 02:01:14.511 [548162764856] DEBUG - [FFMPEG] - nal_unit_type: 6(SEI), nal_ref_idc: 0
Oct 25, 2024 02:01:14.511 [548162764856] DEBUG - [FFMPEG] - nal_unit_type: 6(SEI), nal_ref_idc: 0
Oct 25, 2024 02:01:14.511 [548162764856] DEBUG - [FFMPEG] - nal_unit_type: 6(SEI), nal_ref_idc: 0
Oct 25, 2024 02:01:14.511 [548162764856] DEBUG - [FFMPEG] - nal_unit_type: 5(IDR), nal_ref_idc: 3
Oct 25, 2024 02:01:14.511 [548162764856] DEBUG - [FFMPEG] - Format yuv420p chosen by get_format().
Oct 25, 2024 02:01:14.517 [548162764856] DEBUG - [FFMPEG] - no picture 
Oct 25, 2024 02:01:14.524 [548162764856] DEBUG - [FFMPEG] - nal_unit_type: 6(SEI), nal_ref_idc: 0
Oct 25, 2024 02:01:14.524 [548162764856] DEBUG - [FFMPEG] - nal_unit_type: 1(Coded slice of a non-IDR picture), nal_ref_idc: 2
Oct 25, 2024 02:01:14.535 [548162764856] DEBUG - [FFMPEG] - nal_unit_type: 6(SEI), nal_ref_idc: 0
Oct 25, 2024 02:01:14.535 [548162764856] DEBUG - [FFMPEG] - nal_unit_type: 1(Coded slice of a non-IDR picture), nal_ref_idc: 0
Oct 25, 2024 02:01:14.550 [548162764856] DEBUG - [FFMPEG] - nal_unit_type: 6(SEI), nal_ref_idc: 0
Oct 25, 2024 02:01:14.550 [548162764856] DEBUG - [FFMPEG] - nal_unit_type: 1(Coded slice of a non-IDR picture), nal_ref_idc: 0
Oct 25, 2024 02:01:14.565 [548162764856] DEBUG - [FFMPEG] - nal_unit_type: 6(SEI), nal_ref_idc: 0
Oct 25, 2024 02:01:14.565 [548162764856] DEBUG - [FFMPEG] - nal_unit_type: 1(Coded slice of a non-IDR picture), nal_ref_idc: 2
Oct 25, 2024 02:01:14.572 [548162764856] DEBUG - [FFMPEG] - nal_unit_type: 6(SEI), nal_ref_idc: 0
Oct 25, 2024 02:01:14.572 [548162764856] DEBUG - [FFMPEG] - nal_unit_type: 1(Coded slice of a non-IDR picture), nal_ref_idc: 0
Oct 25, 2024 02:01:14.582 [548162764856] DEBUG - [FFMPEG] - nal_unit_type: 6(SEI), nal_ref_idc: 0
Oct 25, 2024 02:01:14.582 [548162764856] DEBUG - [FFMPEG] - nal_unit_type: 1(Coded slice of a non-IDR picture), nal_ref_idc: 0
Oct 25, 2024 02:01:14.598 [548162764856] DEBUG - [FFMPEG] - nal_unit_type: 6(SEI), nal_ref_idc: 0
Oct 25, 2024 02:01:14.598 [548162764856] DEBUG - [FFMPEG] - nal_unit_type: 1(Coded slice of a non-IDR picture), nal_ref_idc: 2
Oct 25, 2024 02:01:14.604 [548162764856] DEBUG - [FFMPEG] - All info found
Oct 25, 2024 02:01:14.608 [548162764856] DEBUG - [FFMPEG] - After avformat_find_stream_info() pos: 164896 bytes read:214616 seeks:2 frames:40
Oct 25, 2024 02:01:15.213 [548162764856] DEBUG - Deep Analysis: Read 10000 packets at 114.000000
Oct 25, 2024 02:01:15.795 [548162764856] DEBUG - Deep Analysis: Read 20000 packets at 227.424000
Oct 25, 2024 02:01:16.389 [548162764856] DEBUG - Deep Analysis: Read 30000 packets at 340.708000
Oct 25, 2024 02:01:16.961 [548162764856] DEBUG - Deep Analysis: Read 40000 packets at 453.542000
Oct 25, 2024 02:01:17.615 [548162764856] DEBUG - Deep Analysis: Read 50000 packets at 567.840000
Oct 25, 2024 02:01:18.264 [548162764856] DEBUG - Deep Analysis: Read 60000 packets at 681.167000
Oct 25, 2024 02:01:18.897 [548162764856] DEBUG - Deep Analysis: Read 70000 packets at 794.944000
Oct 25, 2024 02:01:19.541 [548162764856] DEBUG - Deep Analysis: Read 80000 packets at 908.128000
Oct 25, 2024 02:01:20.186 [548162764856] DEBUG - Deep Analysis: Read 90000 packets at 1021.750000
Oct 25, 2024 02:01:20.831 [548162764856] DEBUG - Deep Analysis: Read 100000 packets at 1135.680000
Oct 25, 2024 02:01:21.480 [548162764856] DEBUG - Deep Analysis: Read 110000 packets at 1248.792000
Oct 25, 2024 02:01:22.129 [548162764856] DEBUG - Deep Analysis: Read 120000 packets at 1361.792000
Oct 25, 2024 02:01:22.749 [548162764856] DEBUG - Deep Analysis: Read 130000 packets at 1475.136000
Oct 25, 2024 02:01:23.427 [548162764856] DEBUG - Deep Analysis: Read 140000 packets at 1589.504000
Oct 25, 2024 02:01:24.074 [548162764856] DEBUG - Deep Analysis: Read 150000 packets at 1703.680000
Oct 25, 2024 02:01:24.700 [548162764856] DEBUG - Deep Analysis: Read 160000 packets at 1816.992000
Oct 25, 2024 02:01:25.349 [548162764856] DEBUG - Deep Analysis: Read 170000 packets at 1930.720000
Oct 25, 2024 02:01:25.972 [548162764856] DEBUG - Deep Analysis: Read 180000 packets at 2044.320000
Oct 25, 2024 02:01:26.626 [548162764856] DEBUG - Deep Analysis: Read 190000 packets at 2158.250000
Oct 25, 2024 02:01:27.277 [548162764856] DEBUG - Deep Analysis: Read 200000 packets at 2271.392000
Oct 25, 2024 02:01:27.918 [548162764856] DEBUG - Deep Analysis: Read 210000 packets at 2384.608000
Oct 25, 2024 02:01:28.569 [548162764856] DEBUG - Deep Analysis: Read 220000 packets at 2497.632000
Oct 25, 2024 02:01:29.222 [548162764856] DEBUG - Deep Analysis: Read 230000 packets at 2610.656000
Oct 25, 2024 02:01:29.899 [548162764856] DEBUG - Deep Analysis: Read 240000 packets at 2723.904000
Oct 25, 2024 02:01:30.549 [548162764856] DEBUG - Deep Analysis: Read 250000 packets at 2836.672000
Oct 25, 2024 02:01:31.169 [548162764856] DEBUG - Deep Analysis: Read 260000 packets at 2950.496000
Oct 25, 2024 02:01:31.758 [548162764856] DEBUG - Deep Analysis: Read 270000 packets at 3063.708000
Oct 25, 2024 02:01:32.353 [548162764856] DEBUG - Deep Analysis: Read 280000 packets at 3177.120000
Oct 25, 2024 02:01:32.933 [548162764856] DEBUG - Deep Analysis: Read 290000 packets at 3290.528000
Oct 25, 2024 02:01:33.503 [548162764856] DEBUG - Deep Analysis: Read 300000 packets at 3404.960000
Oct 25, 2024 02:01:34.107 [548162764856] DEBUG - Deep Analysis: Read 310000 packets at 3518.500000
Oct 25, 2024 02:01:34.684 [548162764856] DEBUG - Deep Analysis: Read 320000 packets at 3631.625000
Oct 25, 2024 02:01:35.270 [548162764856] DEBUG - Deep Analysis: Read 330000 packets at 3744.736000
Oct 25, 2024 02:01:35.859 [548162764856] DEBUG - Deep Analysis: Read 340000 packets at 3858.368000
Oct 25, 2024 02:01:36.469 [548162764856] DEBUG - Deep Analysis: Read 350000 packets at 3972.352000
Oct 25, 2024 02:01:37.124 [548162764856] DEBUG - Deep Analysis: Read 360000 packets at 4086.368000
Oct 25, 2024 02:01:37.760 [548162764856] DEBUG - Deep Analysis: Read 370000 packets at 4199.552000
Oct 25, 2024 02:01:38.392 [548162764856] DEBUG - Deep Analysis: Read 380000 packets at 4312.708000
Oct 25, 2024 02:01:39.053 [548162764856] DEBUG - Deep Analysis: Read 390000 packets at 4426.958000
Oct 25, 2024 02:01:39.696 [548162764856] DEBUG - Deep Analysis: Read 400000 packets at 4541.632000
Oct 25, 2024 02:01:40.353 [548162764856] DEBUG - Deep Analysis: Read 410000 packets at 4655.958000
Oct 25, 2024 02:01:40.985 [548162764856] DEBUG - Deep Analysis: Read 420000 packets at 4769.920000
Oct 25, 2024 02:01:41.640 [548162764856] DEBUG - Deep Analysis: Read 430000 packets at 4884.667000
Oct 25, 2024 02:01:42.284 [548162764856] DEBUG - Deep Analysis: Read 440000 packets at 4998.528000
Oct 25, 2024 02:01:42.934 [548162764856] DEBUG - Deep Analysis: Read 450000 packets at 5112.576000
Oct 25, 2024 02:01:43.608 [548162764856] DEBUG - Deep Analysis: Read 460000 packets at 5226.592000
Oct 25, 2024 02:01:44.121 [548162764856] DEBUG - Deep Analysis: Read 470000 packets at 5341.792000
Oct 25, 2024 02:01:44.714 [548162764856] DEBUG - Deep Analysis: Read 480000 packets at 5457.152000
Oct 25, 2024 02:01:45.337 [548162764856] DEBUG - Deep Analysis: Read 490000 packets at 5572.608000
Oct 25, 2024 02:01:45.764 [548162764856] DEBUG - Deep Analysis: Read 500000 packets at 5688.083000
Oct 25, 2024 02:01:45.826 [548162764856] DEBUG - Deep Analysis: Sorting packets
Oct 25, 2024 02:01:45.873 [548162764856] DEBUG - Deep Analysis: Performing file bitrate analysis
Oct 25, 2024 02:01:46.047 [548162764856] DEBUG - Deep Analysis: Performing stream bitrate analysis on stream 0
Oct 25, 2024 02:01:46.089 [548162764856] DEBUG - Deep Analysis: Performing stream bitrate analysis on stream 1
Oct 25, 2024 02:01:46.129 [548162764856] DEBUG - Deep Analysis: Performing stream bitrate analysis on stream 2
Oct 25, 2024 02:01:46.169 [548162764856] DEBUG - Deep Analysis: Performing stream bitrate analysis on stream 3
Oct 25, 2024 02:01:46.171 [548162764856] DEBUG - Deep Analysis: Performing stream bitrate analysis on stream 4
Oct 25, 2024 02:01:46.173 [548162764856] DEBUG - Deep Analysis: Performing stream bitrate analysis on stream 5
Oct 25, 2024 02:01:46.175 [548162764856] DEBUG - Deep Analysis: Performing stream bitrate analysis on stream 6
Oct 25, 2024 02:01:46.177 [548162764856] DEBUG - Deep Analysis: Performing stream bitrate analysis on stream 7
Oct 25, 2024 02:01:46.180 [548162764856] DEBUG - Deep Analysis: Performing stream bitrate analysis on stream 8
Oct 25, 2024 02:01:46.182 [548162764856] DEBUG - Deep Analysis: Performing stream bitrate analysis on stream 9
Oct 25, 2024 02:01:46.185 [548162764856] DEBUG - Deep Analysis: Saving GoP analysis for stream 0
Oct 25, 2024 02:01:46.195 [548162764856] DEBUG - Deep Analysis: Saving GoP analysis for stream 9
Oct 25, 2024 02:01:46.195 [548162764856] DEBUG - Deep Analysis: Saving bitrate analysis
Oct 25, 2024 02:01:46.196 [548162764856] DEBUG - Updating part with ID=2169 [/movies/Los hombres lobo (2024).mkv]
Oct 25, 2024 02:01:46.206 [548162764856] DEBUG - [MI] Closing input file: "/movies/Los hombres lobo (2024).mkv"
Oct 25, 2024 02:01:46.208 [548162764856] DEBUG - Updating media item 1961, size=4423076953, metadata_item_id=1057
Oct 25, 2024 02:01:46.208 [548162764856] DEBUG - Updating part with ID=2169 [/movies/Los hombres lobo (2024).mkv]
