Oct 25, 2024 19:18:41.061 [0x7fb8046b08] INFO - Plex Tuner Service v1.41.1.9057-af5eaea7a - Docker Docker Container (LinuxServer.io) aarch64 - build: 
Oct 25, 2024 19:18:41.063 [0x7fb8046b08] INFO - Linux version: 6.6.51+rpt-rpi-v8 (#1 SMP PREEMPT Debian 1:6.6.51-1+rpt3 (2024-10-08)), language: en-US
Oct 25, 2024 19:18:41.063 [0x7fb8046b08] INFO - Processor Unknown architecture
Oct 25, 2024 19:18:41.063 [0x7fb8046b08] INFO - /usr/lib/plexmediaserver/Plex Tuner Service /usr/lib/plexmediaserver/Resources/Tuner/Private /usr/lib/plexmediaserver/Resources/Tuner/Shared 1.41.1.9057-af5eaea7a 32600
Oct 25, 2024 19:18:41.062 [0x7fb9fb9890] INFO - [I] broker_t::start...
Oct 25, 2024 19:18:41.105 [0x7fb9fb9890] INFO - [I] device_manager_t::init.
Oct 25, 2024 19:18:41.105 [0x7fb9fb9890] INFO - [I] device_manager_t::init. Initialize provider manager
Oct 25, 2024 19:18:41.105 [0x7fb9fb9890] INFO - [I] device_manager_t::init. Initialize all device auxes
Oct 25, 2024 19:18:41.105 [0x7fb9fb9890] INFO - [I] dvb_device_factory_t::get_aux_list
Oct 25, 2024 19:18:41.106 [0x7fb9fb9890] INFO - [I] tvbutler_aux_t::init
Oct 25, 2024 19:18:41.115 [0x7fb9fb9890] INFO - [I] web_server_t::start. Starting web server on port 32600
Oct 25, 2024 19:18:48.136 [0x7fb7acab08] INFO - [I] web_service_t::process_device_discovery
Oct 25, 2024 19:18:48.136 [0x7fb7acab08] INFO - [I] device_reactor_t::get_device_list ()
Oct 25, 2024 19:18:50.143 [0x7fb7acab08] INFO - [I] SAT2IP - discover_satip_servers(): no servers found
Oct 25, 2024 19:18:50.564 [0x7fb7acab08] INFO - [I] v4l::DeviceGetList_impl. getting v4l device list
Oct 25, 2024 19:18:50.570 [0x7fb7acab08] INFO - [I] onetv_factory::DeviceGetListEx >>
Oct 25, 2024 19:18:50.571 [0x7fb7acab08] WARN - [W] onetv_factory::DeviceGetListEx. libusb_init returned an error -99
Oct 25, 2024 19:21:22.008 [0x7fb9fb9890] INFO - Received SIGINT: Interrupt from keyboard.
Oct 25, 2024 19:21:22.049 [0x7fb9fb9890] INFO - [I] device_manager_t::term
Oct 25, 2024 19:21:22.049 [0x7fb9fb9890] INFO - [I] device_manager_t::term. Stop all devices
Oct 25, 2024 19:21:22.050 [0x7fb9fb9890] INFO - [I] device_manager_t::term. Shut down all device auxes
Oct 25, 2024 19:21:22.050 [0x7fb9fb9890] INFO - [I] tvbutler_aux_t::term
Oct 25, 2024 19:21:22.076 [0x7fb9fb9890] INFO - [I] web_server_t::stop. Web server is stopped
