<SessionReport version="2" startTime="0" startTimestamp="Oct 07, 2024 16:58:40.962" key="/library/metadata/254" session="o30cz8mns4e7ymuapko2wcap" transcode="pssudks66xl2px7srll4arwd">
<User id="1" thumb="https://plex.tv/users/ef53e5d7b97d6688/avatar?c=1728330701" title="danteverdugo" />
<Player address="192.168.3.3" device="Windows" machineIdentifier="msxc521ef0kt63uwsa1xd6t3" model="hosted" platform="Microsoft Edge" platformVersion="129.0" product="Plex Web" remotePublicAddress="179.2.9.129" title="Microsoft Edge" version="4.139.0" local="1" relayed="0" secure="1" userID="1" />
<Variants>
<Variant id="77d079aa-bb63-4129-858e-2ec89be4e69f" targetBitrate="10000000" context="streaming" sourceVideoCodec="h264" sourceAudioCodec="aac" videoDecision="copy" audioDecision="copy" protocol="dash" container="mp4" videoCodec="h264" audioCodec="aac" audioChannels="2" transcodeHwRequested="0" transcodeHwFullPipeline="0">
<Media id="549" premium="1" audioChannels="2" audioCodec="aac" bitrate="1500" container="mp4" duration="85000" height="480" optimizedForStreaming="1" protocol="dash" videoCodec="h264" videoResolution="480p" width="720" selected="1">
<Part id="549" bitrate="1500" container="mp4" duration="85000" height="480" optimizedForStreaming="1" protocol="dash" width="720" decision="transcode" selected="1">
<Stream bitrate="1500" codec="h264" displayTitle="480p (H.264)" extendedDisplayTitle="480p (H.264)" height="480" id="1265" streamType="1" width="720" decision="copy" location="segments-video" />
<Stream bitrateMode="cbr" channels="2" codec="aac" displayTitle="English (AAC Stereo)" extendedDisplayTitle="English (AAC Stereo)" id="1266" language="English" languageCode="eng" languageTag="en" selected="1" streamType="2" decision="copy" location="segments-audio" />
</Part>
</Media>
</Variant>
</Variants>
<SegmentList>
<Segment duration="5005" startOffset="33" endOffset="5038">
<File name="chunk-stream0-00001.m4s" type="video">
<FileVariant size="1309689" variant="77d079aa-bb63-4129-858e-2ec89be4e69f" />
</File>
<File name="chunk-stream1-00001.m4s" type="audio">
<FileVariant size="82551" variant="77d079aa-bb63-4129-858e-2ec89be4e69f" />
</File>
<Timelines>
<Transcode startTime="1181" endTime="1237" complete="1" fileType="video" variant="77d079aa-bb63-4129-858e-2ec89be4e69f" />
<Transcode startTime="1181" endTime="1237" complete="1" fileType="audio" variant="77d079aa-bb63-4129-858e-2ec89be4e69f" />
<Download startTime="1313" endTime="1366" complete="1" fileType="video" variant="77d079aa-bb63-4129-858e-2ec89be4e69f">
<Pause type="segmentWait" startTime="1313" endTime="1314" />
</Download>
<Download startTime="1314" endTime="1317" complete="1" fileType="audio" variant="77d079aa-bb63-4129-858e-2ec89be4e69f" />
</Timelines>
</Segment>
<Segment duration="5005" startOffset="5038" endOffset="10043">
<File name="chunk-stream0-00002.m4s" type="video">
<FileVariant size="2348515" variant="77d079aa-bb63-4129-858e-2ec89be4e69f" />
</File>
<File name="chunk-stream1-00002.m4s" type="audio">
<FileVariant size="81447" variant="77d079aa-bb63-4129-858e-2ec89be4e69f" />
</File>
<Timelines>
<Transcode startTime="1237" endTime="1312" complete="1" fileType="video" variant="77d079aa-bb63-4129-858e-2ec89be4e69f" />
<Transcode startTime="1237" endTime="1312" complete="1" fileType="audio" variant="77d079aa-bb63-4129-858e-2ec89be4e69f" />
<Download startTime="1329" endTime="1333" complete="1" fileType="audio" variant="77d079aa-bb63-4129-858e-2ec89be4e69f" />
<Download startTime="1389" endTime="1501" complete="1" fileType="video" variant="77d079aa-bb63-4129-858e-2ec89be4e69f" />
</Timelines>
</Segment>
<Segment duration="5005" startOffset="10043" endOffset="15048">
<File name="chunk-stream0-00003.m4s" type="video">
<FileVariant size="651216" variant="77d079aa-bb63-4129-858e-2ec89be4e69f" />
</File>
<File name="chunk-stream1-00003.m4s" type="audio">
<FileVariant size="81432" variant="77d079aa-bb63-4129-858e-2ec89be4e69f" />
</File>
<Timelines>
<Transcode startTime="1312" endTime="1364" complete="1" fileType="video" variant="77d079aa-bb63-4129-858e-2ec89be4e69f" />
<Transcode startTime="1312" endTime="1364" complete="1" fileType="audio" variant="77d079aa-bb63-4129-858e-2ec89be4e69f" />
<Download startTime="1511" endTime="1537" complete="1" fileType="video" variant="77d079aa-bb63-4129-858e-2ec89be4e69f" />
<Download startTime="2346" endTime="2349" complete="1" fileType="audio" variant="77d079aa-bb63-4129-858e-2ec89be4e69f" />
</Timelines>
</Segment>
<Segment duration="5005" startOffset="15048" endOffset="20053">
<File name="chunk-stream0-00004.m4s" type="video">
<FileVariant size="538967" variant="77d079aa-bb63-4129-858e-2ec89be4e69f" />
</File>
<File name="chunk-stream1-00004.m4s" type="audio">
<FileVariant size="80977" variant="77d079aa-bb63-4129-858e-2ec89be4e69f" />
</File>
<Timelines>
<Transcode startTime="1364" endTime="1401" complete="1" fileType="video" variant="77d079aa-bb63-4129-858e-2ec89be4e69f" />
<Transcode startTime="1364" endTime="1401" complete="1" fileType="audio" variant="77d079aa-bb63-4129-858e-2ec89be4e69f" />
<Download startTime="1543" endTime="1567" complete="1" fileType="video" variant="77d079aa-bb63-4129-858e-2ec89be4e69f" />
<Download startTime="2355" endTime="2357" complete="1" fileType="audio" variant="77d079aa-bb63-4129-858e-2ec89be4e69f" />
</Timelines>
</Segment>
<Segment duration="5005" startOffset="20053" endOffset="25058">
<File name="chunk-stream0-00005.m4s" type="video">
<FileVariant size="832273" variant="77d079aa-bb63-4129-858e-2ec89be4e69f" />
</File>
<File name="chunk-stream1-00005.m4s" type="audio">
<FileVariant size="80890" variant="77d079aa-bb63-4129-858e-2ec89be4e69f" />
</File>
<Timelines>
<Transcode startTime="1401" endTime="1458" complete="1" fileType="video" variant="77d079aa-bb63-4129-858e-2ec89be4e69f" />
<Transcode startTime="1401" endTime="1458" complete="1" fileType="audio" variant="77d079aa-bb63-4129-858e-2ec89be4e69f" />
<Download startTime="2363" endTime="2366" complete="1" fileType="audio" variant="77d079aa-bb63-4129-858e-2ec89be4e69f" />
<Download startTime="2578" endTime="2598" complete="1" fileType="video" variant="77d079aa-bb63-4129-858e-2ec89be4e69f" />
</Timelines>
</Segment>
<Segment duration="5005" startOffset="25058" endOffset="30063">
<File name="chunk-stream0-00006.m4s" type="video">
<FileVariant size="456670" variant="77d079aa-bb63-4129-858e-2ec89be4e69f" />
</File>
<File name="chunk-stream1-00006.m4s" type="audio">
<FileVariant size="81282" variant="77d079aa-bb63-4129-858e-2ec89be4e69f" />
</File>
<Timelines>
<Transcode startTime="1458" endTime="1483" complete="1" fileType="video" variant="77d079aa-bb63-4129-858e-2ec89be4e69f" />
<Transcode startTime="1458" endTime="1483" complete="1" fileType="audio" variant="77d079aa-bb63-4129-858e-2ec89be4e69f" />
<Download startTime="2372" endTime="2375" complete="1" fileType="audio" variant="77d079aa-bb63-4129-858e-2ec89be4e69f" />
<Download startTime="2604" endTime="2618" complete="1" fileType="video" variant="77d079aa-bb63-4129-858e-2ec89be4e69f" />
</Timelines>
</Segment>
<Segment duration="5005" startOffset="30063" endOffset="35068">
<File name="chunk-stream0-00007.m4s" type="video">
<FileVariant size="765987" variant="77d079aa-bb63-4129-858e-2ec89be4e69f" />
</File>
<File name="chunk-stream1-00007.m4s" type="audio">
<FileVariant size="81243" variant="77d079aa-bb63-4129-858e-2ec89be4e69f" />
</File>
<Timelines>
<Transcode startTime="1483" endTime="1530" complete="1" fileType="video" variant="77d079aa-bb63-4129-858e-2ec89be4e69f" />
<Transcode startTime="1483" endTime="1530" complete="1" fileType="audio" variant="77d079aa-bb63-4129-858e-2ec89be4e69f" />
<Download startTime="2625" endTime="2646" complete="1" fileType="video" variant="77d079aa-bb63-4129-858e-2ec89be4e69f" />
<Download startTime="3381" endTime="3384" complete="1" fileType="audio" variant="77d079aa-bb63-4129-858e-2ec89be4e69f" />
</Timelines>
</Segment>
<Segment duration="5005" startOffset="35068" endOffset="40073">
<File name="chunk-stream0-00008.m4s" type="video">
<FileVariant size="1029607" variant="77d079aa-bb63-4129-858e-2ec89be4e69f" />
</File>
<File name="chunk-stream1-00008.m4s" type="audio">
<FileVariant size="81708" variant="77d079aa-bb63-4129-858e-2ec89be4e69f" />
</File>
<Timelines>
<Transcode startTime="1530" endTime="1584" complete="1" fileType="video" variant="77d079aa-bb63-4129-858e-2ec89be4e69f" />
<Transcode startTime="1530" endTime="1584" complete="1" fileType="audio" variant="77d079aa-bb63-4129-858e-2ec89be4e69f" />
<Download startTime="2653" endTime="2682" complete="1" fileType="video" variant="77d079aa-bb63-4129-858e-2ec89be4e69f" />
<Download startTime="3389" endTime="3392" complete="1" fileType="audio" variant="77d079aa-bb63-4129-858e-2ec89be4e69f" />
</Timelines>
</Segment>
<Segment duration="5005" startOffset="40073" endOffset="45078">
<File name="chunk-stream0-00009.m4s" type="video">
<FileVariant size="963286" variant="77d079aa-bb63-4129-858e-2ec89be4e69f" />
</File>
<File name="chunk-stream1-00009.m4s" type="audio">
<FileVariant size="81350" variant="77d079aa-bb63-4129-858e-2ec89be4e69f" />
</File>
<Timelines>
<Transcode startTime="1584" endTime="1623" complete="1" fileType="video" variant="77d079aa-bb63-4129-858e-2ec89be4e69f" />
<Transcode startTime="1584" endTime="1623" complete="1" fileType="audio" variant="77d079aa-bb63-4129-858e-2ec89be4e69f" />
<Download startTime="3401" endTime="3404" complete="1" fileType="audio" variant="77d079aa-bb63-4129-858e-2ec89be4e69f" />
<Download startTime="3691" endTime="3738" complete="1" fileType="video" variant="77d079aa-bb63-4129-858e-2ec89be4e69f" />
</Timelines>
</Segment>
<Segment duration="5005" startOffset="45078" endOffset="50083">
<File name="chunk-stream0-00010.m4s" type="video">
<FileVariant size="916726" variant="77d079aa-bb63-4129-858e-2ec89be4e69f" />
</File>
<File name="chunk-stream1-00010.m4s" type="audio">
<FileVariant size="82000" variant="77d079aa-bb63-4129-858e-2ec89be4e69f" />
</File>
<Timelines>
<Transcode startTime="1623" endTime="1660" complete="1" fileType="video" variant="77d079aa-bb63-4129-858e-2ec89be4e69f" />
<Transcode startTime="1623" endTime="1660" complete="1" fileType="audio" variant="77d079aa-bb63-4129-858e-2ec89be4e69f" />
<Download startTime="3410" endTime="3412" complete="1" fileType="audio" variant="77d079aa-bb63-4129-858e-2ec89be4e69f" />
<Download startTime="3756" endTime="3796" complete="1" fileType="video" variant="77d079aa-bb63-4129-858e-2ec89be4e69f">
<Pause type="segmentWait" startTime="3756" endTime="3757" />
</Download>
</Timelines>
</Segment>
<Segment duration="5005" startOffset="50083" endOffset="55088">
<File name="chunk-stream0-00011.m4s" type="video">
<FileVariant size="628449" variant="77d079aa-bb63-4129-858e-2ec89be4e69f" />
</File>
<File name="chunk-stream1-00011.m4s" type="audio">
<FileVariant size="81448" variant="77d079aa-bb63-4129-858e-2ec89be4e69f" />
</File>
<Timelines>
<Transcode startTime="1660" endTime="1692" complete="1" fileType="video" variant="77d079aa-bb63-4129-858e-2ec89be4e69f" />
<Transcode startTime="1660" endTime="1692" complete="1" fileType="audio" variant="77d079aa-bb63-4129-858e-2ec89be4e69f" />
<Download startTime="3804" endTime="3827" complete="1" fileType="video" variant="77d079aa-bb63-4129-858e-2ec89be4e69f" />
<Download startTime="4420" endTime="4422" complete="1" fileType="audio" variant="77d079aa-bb63-4129-858e-2ec89be4e69f" />
</Timelines>
</Segment>
<Segment duration="5005" startOffset="55088" endOffset="60093">
<File name="chunk-stream0-00012.m4s" type="video">
<FileVariant size="889117" variant="77d079aa-bb63-4129-858e-2ec89be4e69f" />
</File>
<File name="chunk-stream1-00012.m4s" type="audio">
<FileVariant size="81422" variant="77d079aa-bb63-4129-858e-2ec89be4e69f" />
</File>
<Timelines>
<Transcode startTime="1692" endTime="1727" complete="1" fileType="video" variant="77d079aa-bb63-4129-858e-2ec89be4e69f" />
<Transcode startTime="1692" endTime="1727" complete="1" fileType="audio" variant="77d079aa-bb63-4129-858e-2ec89be4e69f" />
<Download startTime="3856" endTime="3877" complete="1" fileType="video" variant="77d079aa-bb63-4129-858e-2ec89be4e69f" />
<Download startTime="4428" endTime="4432" complete="1" fileType="audio" variant="77d079aa-bb63-4129-858e-2ec89be4e69f" />
</Timelines>
</Segment>
<Segment duration="5005" startOffset="60093" endOffset="65098">
<File name="chunk-stream0-00013.m4s" type="video">
<FileVariant size="1020341" variant="77d079aa-bb63-4129-858e-2ec89be4e69f" />
</File>
<File name="chunk-stream1-00013.m4s" type="audio">
<FileVariant size="81635" variant="77d079aa-bb63-4129-858e-2ec89be4e69f" />
</File>
<Timelines>
<Transcode startTime="1727" endTime="1767" complete="1" fileType="video" variant="77d079aa-bb63-4129-858e-2ec89be4e69f" />
<Transcode startTime="1727" endTime="1767" complete="1" fileType="audio" variant="77d079aa-bb63-4129-858e-2ec89be4e69f" />
<Download startTime="4443" endTime="4445" complete="1" fileType="audio" variant="77d079aa-bb63-4129-858e-2ec89be4e69f" />
<Download startTime="4895" endTime="4925" complete="1" fileType="video" variant="77d079aa-bb63-4129-858e-2ec89be4e69f" />
</Timelines>
</Segment>
<Segment duration="5005" startOffset="65098" endOffset="70103">
<File name="chunk-stream0-00014.m4s" type="video">
<FileVariant size="938176" variant="77d079aa-bb63-4129-858e-2ec89be4e69f" />
</File>
<File name="chunk-stream1-00014.m4s" type="audio">
<FileVariant size="81308" variant="77d079aa-bb63-4129-858e-2ec89be4e69f" />
</File>
<Timelines>
<Transcode startTime="1767" endTime="1804" complete="1" fileType="video" variant="77d079aa-bb63-4129-858e-2ec89be4e69f" />
<Transcode startTime="1767" endTime="1804" complete="1" fileType="audio" variant="77d079aa-bb63-4129-858e-2ec89be4e69f" />
<Download startTime="4452" endTime="4455" complete="1" fileType="audio" variant="77d079aa-bb63-4129-858e-2ec89be4e69f" />
<Download startTime="4938" endTime="4964" complete="1" fileType="video" variant="77d079aa-bb63-4129-858e-2ec89be4e69f" />
</Timelines>
</Segment>
<Segment duration="5005" startOffset="70103" endOffset="75108">
<File name="chunk-stream0-00015.m4s" type="video">
<FileVariant size="1241039" variant="77d079aa-bb63-4129-858e-2ec89be4e69f" />
</File>
<File name="chunk-stream1-00015.m4s" type="audio">
<FileVariant size="81331" variant="77d079aa-bb63-4129-858e-2ec89be4e69f" />
</File>
<Timelines>
<Transcode startTime="1804" endTime="1848" complete="1" fileType="video" variant="77d079aa-bb63-4129-858e-2ec89be4e69f" />
<Transcode startTime="1804" endTime="1848" complete="1" fileType="audio" variant="77d079aa-bb63-4129-858e-2ec89be4e69f" />
</Timelines>
</Segment>
<Segment duration="5005" startOffset="75108" endOffset="80113">
<File name="chunk-stream0-00016.m4s" type="video">
<FileVariant size="562946" variant="77d079aa-bb63-4129-858e-2ec89be4e69f" />
</File>
<File name="chunk-stream1-00016.m4s" type="audio">
<FileVariant size="81332" variant="77d079aa-bb63-4129-858e-2ec89be4e69f" />
</File>
<Timelines>
<Transcode startTime="1848" endTime="1873" complete="1" fileType="video" variant="77d079aa-bb63-4129-858e-2ec89be4e69f" />
<Transcode startTime="1848" endTime="1873" complete="1" fileType="audio" variant="77d079aa-bb63-4129-858e-2ec89be4e69f" />
</Timelines>
</Segment>
<Segment duration="5005" startOffset="80113" endOffset="85118">
<File name="chunk-stream0-00017.m4s" type="video">
<FileVariant size="335894" variant="77d079aa-bb63-4129-858e-2ec89be4e69f" />
</File>
<File name="chunk-stream1-00017.m4s" type="audio">
<FileVariant size="81788" variant="77d079aa-bb63-4129-858e-2ec89be4e69f" />
</File>
<Timelines>
<Transcode startTime="1873" endTime="1894" complete="1" fileType="video" variant="77d079aa-bb63-4129-858e-2ec89be4e69f" />
<Transcode startTime="1873" endTime="1894" complete="1" fileType="audio" variant="77d079aa-bb63-4129-858e-2ec89be4e69f" />
</Timelines>
</Segment>
<Segment duration="166" startOffset="85118" endOffset="85284">
<File name="chunk-stream0-00018.m4s" type="video">
<FileVariant size="1323" variant="77d079aa-bb63-4129-858e-2ec89be4e69f" />
</File>
<File name="chunk-stream1-00018.m4s" type="audio">
<FileVariant size="4189" variant="77d079aa-bb63-4129-858e-2ec89be4e69f" />
</File>
<Timelines>
<Transcode startTime="1894" endTime="1896" complete="1" fileType="video" variant="77d079aa-bb63-4129-858e-2ec89be4e69f" />
<Transcode startTime="1894" endTime="1896" complete="1" fileType="audio" variant="77d079aa-bb63-4129-858e-2ec89be4e69f" />
</Timelines>
</Segment>
</SegmentList>
<PlaybackReports>
<Playback startTime="1996" endTime="2427" state="buffering" progress="0" />
<Playback startTime="2427" endTime="5016" state="playing" progress="0" />
<Playback startTime="5016" state="stopped" progress="2000" />
</PlaybackReports>
<StateReports />
<StateReports type="sloth">
<State startTime="1896" endTime="5016" slothMode="1" />
</StateReports>
</SessionReport>
