Oct 24, 2024 18:35:44.079 [548331015672] INFO - Plex Media Scanner v1.41.1.9057-af5eaea7a - Docker Docker Container (LinuxServer.io) aarch64 - build: linux-aarch64 - GMT -03:00
Oct 24, 2024 18:35:44.080 [548331015672] INFO - Linux version: 6.6.51+rpt-rpi-v8, language: en-US
Oct 24, 2024 18:35:44.080 [548331015672] INFO - Processor: 4-core AArch64
Oct 24, 2024 18:35:44.080 [548331015672] INFO - /usr/lib/plexmediaserver/Plex Media Scanner --analyze --log-file-suffix  Analysis --no-thumbs --item 1057
Oct 24, 2024 18:35:44.081 [548411191352] DEBUG - Opening 20 database sessions to library (com.plexapp.plugins.library), SQLite 3.39.4, threadsafe=1
Oct 24, 2024 18:35:44.333 [548411191352] DEBUG - Analyzing media parts for item 1057 (Loups-Garous): 1961
Oct 24, 2024 18:35:44.336 [548411191352] DEBUG - [ID 2169] Media part analysis: /movies/Los hombres lobo (2024).mkv
Oct 24, 2024 18:35:44.336 [548411191352] DEBUG - [MI] Opening input file: "/movies/Los hombres lobo (2024).mkv"
Oct 24, 2024 18:35:44.337 [548411191352] DEBUG - [FFMPEG] - Opening '/movies/Los hombres lobo (2024).mkv' for reading
Oct 24, 2024 18:35:44.337 [548411191352] DEBUG - [FFMPEG] - Setting default whitelist 'file,crypto,data'
Oct 24, 2024 18:35:44.338 [548411191352] DEBUG - [FFMPEG] - Format matroska,webm probed with size=2048 and score=100
Oct 24, 2024 18:35:44.338 [548411191352] DEBUG - [FFMPEG] - Unknown entry 0x22B59D at pos. 4423
Oct 24, 2024 18:35:44.338 [548411191352] DEBUG - [FFMPEG] - Unknown entry 0x22B59D at pos. 4500
Oct 24, 2024 18:35:44.338 [548411191352] DEBUG - [FFMPEG] - Unknown entry 0x22B59D at pos. 4578
Oct 24, 2024 18:35:44.338 [548411191352] DEBUG - [FFMPEG] - Unknown entry 0x22B59D at pos. 4658
Oct 24, 2024 18:35:44.338 [548411191352] DEBUG - [FFMPEG] - Unknown entry 0x22B59D at pos. 4719
Oct 24, 2024 18:35:44.338 [548411191352] DEBUG - [FFMPEG] - Unknown entry 0x22B59D at pos. 4781
Oct 24, 2024 18:35:44.338 [548411191352] DEBUG - [FFMPEG] - Unknown entry 0x22B59D at pos. 4842
Oct 24, 2024 18:35:44.338 [548411191352] DEBUG - [FFMPEG] - Unknown entry 0x22B59D at pos. 4896
Oct 24, 2024 18:35:44.338 [548411191352] DEBUG - [FFMPEG] - Unknown entry 0x22B59D at pos. 4963
Oct 24, 2024 18:35:44.338 [548411191352] DEBUG - [FFMPEG] - Unknown entry 0x437D at pos. 80702
Oct 24, 2024 18:35:44.338 [548411191352] DEBUG - [FFMPEG] - Unknown entry 0x437D at pos. 80745
Oct 24, 2024 18:35:44.338 [548411191352] DEBUG - [FFMPEG] - st:0 removing common factor 1000000 from timebase
Oct 24, 2024 18:35:44.338 [548411191352] DEBUG - [FFMPEG] - st:1 removing common factor 1000000 from timebase
Oct 24, 2024 18:35:44.339 [548411191352] DEBUG - [FFMPEG] - st:2 removing common factor 1000000 from timebase
Oct 24, 2024 18:35:44.339 [548411191352] DEBUG - [FFMPEG] - st:3 removing common factor 1000000 from timebase
Oct 24, 2024 18:35:44.339 [548411191352] DEBUG - [FFMPEG] - st:4 removing common factor 1000000 from timebase
Oct 24, 2024 18:35:44.339 [548411191352] DEBUG - [FFMPEG] - st:5 removing common factor 1000000 from timebase
Oct 24, 2024 18:35:44.339 [548411191352] DEBUG - [FFMPEG] - st:6 removing common factor 1000000 from timebase
Oct 24, 2024 18:35:44.339 [548411191352] DEBUG - [FFMPEG] - st:7 removing common factor 1000000 from timebase
Oct 24, 2024 18:35:44.339 [548411191352] DEBUG - [FFMPEG] - st:8 removing common factor 1000000 from timebase
Oct 24, 2024 18:35:44.339 [548411191352] DEBUG - [FFMPEG] - Before avformat_find_stream_info() pos: 80857 bytes read:116312 seeks:2 nb_streams:10
Oct 24, 2024 18:35:44.341 [548411191352] DEBUG - [FFMPEG] - nal_unit_type: 7(SPS), nal_ref_idc: 3
Oct 24, 2024 18:35:44.341 [548411191352] DEBUG - [FFMPEG] - nal_unit_type: 8(PPS), nal_ref_idc: 3
Oct 24, 2024 18:35:44.342 [548411191352] DEBUG - [FFMPEG] - marker=d8 avail_size_in_buf=74354
Oct 24, 2024 18:35:44.342 [548411191352] DEBUG - [FFMPEG] - marker parser used 0 bytes (0 bits)
Oct 24, 2024 18:35:44.342 [548411191352] DEBUG - [FFMPEG] - marker=db avail_size_in_buf=74352
Oct 24, 2024 18:35:44.342 [548411191352] DEBUG - [FFMPEG] - index=0
Oct 24, 2024 18:35:44.342 [548411191352] DEBUG - [FFMPEG] - qscale[0]: 0
Oct 24, 2024 18:35:44.342 [548411191352] DEBUG - [FFMPEG] - marker parser used 67 bytes (536 bits)
Oct 24, 2024 18:35:44.342 [548411191352] DEBUG - [FFMPEG] - marker=db avail_size_in_buf=74283
Oct 24, 2024 18:35:44.342 [548411191352] DEBUG - [FFMPEG] - index=1
Oct 24, 2024 18:35:44.342 [548411191352] DEBUG - [FFMPEG] - qscale[1]: 1
Oct 24, 2024 18:35:44.342 [548411191352] DEBUG - [FFMPEG] - marker parser used 67 bytes (536 bits)
Oct 24, 2024 18:35:44.342 [548411191352] DEBUG - [FFMPEG] - marker=c0 avail_size_in_buf=74214
Oct 24, 2024 18:35:44.342 [548411191352] DEBUG - [FFMPEG] - Changing bps from 0 to 8
Oct 24, 2024 18:35:44.342 [548411191352] DEBUG - [FFMPEG] - sof0: picture: 305x452
Oct 24, 2024 18:35:44.342 [548411191352] DEBUG - [FFMPEG] - component 0 2:2 id: 0 quant:0
Oct 24, 2024 18:35:44.342 [548411191352] DEBUG - [FFMPEG] - component 1 1:1 id: 1 quant:1
Oct 24, 2024 18:35:44.342 [548411191352] DEBUG - [FFMPEG] - component 2 1:1 id: 2 quant:1
Oct 24, 2024 18:35:44.342 [548411191352] DEBUG - [FFMPEG] - pix fmt id 22111100
Oct 24, 2024 18:35:44.342 [548411191352] DEBUG - [FFMPEG] - Format yuvj420p chosen by get_format().
Oct 24, 2024 18:35:44.342 [548411191352] DEBUG - [FFMPEG] - marker parser used 17 bytes (136 bits)
Oct 24, 2024 18:35:44.342 [548411191352] DEBUG - [FFMPEG] - marker=c4 avail_size_in_buf=74195
Oct 24, 2024 18:35:44.342 [548411191352] DEBUG - [FFMPEG] - marker parser used 0 bytes (0 bits)
Oct 24, 2024 18:35:44.342 [548411191352] DEBUG - [FFMPEG] - marker=c4 avail_size_in_buf=74163
Oct 24, 2024 18:35:44.342 [548411191352] DEBUG - [FFMPEG] - marker parser used 0 bytes (0 bits)
Oct 24, 2024 18:35:44.342 [548411191352] DEBUG - [FFMPEG] - marker=c4 avail_size_in_buf=74075
Oct 24, 2024 18:35:44.342 [548411191352] DEBUG - [FFMPEG] - marker parser used 0 bytes (0 bits)
Oct 24, 2024 18:35:44.342 [548411191352] DEBUG - [FFMPEG] - marker=c4 avail_size_in_buf=74044
Oct 24, 2024 18:35:44.342 [548411191352] DEBUG - [FFMPEG] - marker parser used 0 bytes (0 bits)
Oct 24, 2024 18:35:44.342 [548411191352] DEBUG - [FFMPEG] - escaping removed 274 bytes
Oct 24, 2024 18:35:44.342 [548411191352] DEBUG - [FFMPEG] - marker=da avail_size_in_buf=73980
Oct 24, 2024 18:35:44.342 [548411191352] DEBUG - [FFMPEG] - marker parser used 73706 bytes (589648 bits)
Oct 24, 2024 18:35:44.342 [548411191352] DEBUG - [FFMPEG] - marker=d9 avail_size_in_buf=0
Oct 24, 2024 18:35:44.342 [548411191352] DEBUG - [FFMPEG] - decode frame unused 0 bytes
Oct 24, 2024 18:35:44.342 [548411191352] DEBUG - [FFMPEG] - nal_unit_type: 7(SPS), nal_ref_idc: 3
Oct 24, 2024 18:35:44.342 [548411191352] DEBUG - [FFMPEG] - nal_unit_type: 8(PPS), nal_ref_idc: 3
Oct 24, 2024 18:35:44.343 [548411191352] DEBUG - [FFMPEG] - nal_unit_type: 6(SEI), nal_ref_idc: 0
Oct 24, 2024 18:35:44.343 [548411191352] DEBUG - [FFMPEG] - nal_unit_type: 6(SEI), nal_ref_idc: 0
Oct 24, 2024 18:35:44.343 [548411191352] DEBUG - [FFMPEG] - nal_unit_type: 6(SEI), nal_ref_idc: 0
Oct 24, 2024 18:35:44.343 [548411191352] DEBUG - [FFMPEG] - nal_unit_type: 5(IDR), nal_ref_idc: 3
Oct 24, 2024 18:35:44.343 [548411191352] DEBUG - [FFMPEG] - Format yuv420p chosen by get_format().
Oct 24, 2024 18:35:44.349 [548411191352] DEBUG - [FFMPEG] - no picture 
Oct 24, 2024 18:35:44.357 [548411191352] DEBUG - [FFMPEG] - nal_unit_type: 6(SEI), nal_ref_idc: 0
Oct 24, 2024 18:35:44.357 [548411191352] DEBUG - [FFMPEG] - nal_unit_type: 1(Coded slice of a non-IDR picture), nal_ref_idc: 2
Oct 24, 2024 18:35:44.369 [548411191352] DEBUG - [FFMPEG] - nal_unit_type: 6(SEI), nal_ref_idc: 0
Oct 24, 2024 18:35:44.369 [548411191352] DEBUG - [FFMPEG] - nal_unit_type: 1(Coded slice of a non-IDR picture), nal_ref_idc: 0
Oct 24, 2024 18:35:44.386 [548411191352] DEBUG - [FFMPEG] - nal_unit_type: 6(SEI), nal_ref_idc: 0
Oct 24, 2024 18:35:44.386 [548411191352] DEBUG - [FFMPEG] - nal_unit_type: 1(Coded slice of a non-IDR picture), nal_ref_idc: 0
Oct 24, 2024 18:35:44.404 [548411191352] DEBUG - [FFMPEG] - nal_unit_type: 6(SEI), nal_ref_idc: 0
Oct 24, 2024 18:35:44.404 [548411191352] DEBUG - [FFMPEG] - nal_unit_type: 1(Coded slice of a non-IDR picture), nal_ref_idc: 2
Oct 24, 2024 18:35:44.411 [548411191352] DEBUG - [FFMPEG] - nal_unit_type: 6(SEI), nal_ref_idc: 0
Oct 24, 2024 18:35:44.411 [548411191352] DEBUG - [FFMPEG] - nal_unit_type: 1(Coded slice of a non-IDR picture), nal_ref_idc: 0
Oct 24, 2024 18:35:44.423 [548411191352] DEBUG - [FFMPEG] - nal_unit_type: 6(SEI), nal_ref_idc: 0
Oct 24, 2024 18:35:44.423 [548411191352] DEBUG - [FFMPEG] - nal_unit_type: 1(Coded slice of a non-IDR picture), nal_ref_idc: 0
Oct 24, 2024 18:35:44.442 [548411191352] DEBUG - [FFMPEG] - nal_unit_type: 6(SEI), nal_ref_idc: 0
Oct 24, 2024 18:35:44.442 [548411191352] DEBUG - [FFMPEG] - nal_unit_type: 1(Coded slice of a non-IDR picture), nal_ref_idc: 2
Oct 24, 2024 18:35:44.449 [548411191352] DEBUG - [FFMPEG] - All info found
Oct 24, 2024 18:35:44.452 [548411191352] DEBUG - [FFMPEG] - After avformat_find_stream_info() pos: 164896 bytes read:214616 seeks:2 frames:40
Oct 24, 2024 18:35:44.465 [548411191352] DEBUG - [MI]  * 69fd1ba27aaccac0eaf824d675cd9bd3f6aeeb04 [mkv h264/eac3] Duration: 5729984ms, 1920x1080 (1.777778) 24.000fps, bitrate=6175kbps, audio channels=6, optimizedForStreaming=0 ("/movies/Los hombres lobo (2024).mkv")
Oct 24, 2024 18:35:44.465 [548411191352] DEBUG - [MI] Importing 2 media chapters.
Oct 24, 2024 18:35:44.466 [548411191352] DEBUG - [MI] Closing input file: "/movies/Los hombres lobo (2024).mkv"
Oct 24, 2024 18:35:44.467 [548411191352] DEBUG - Committing media stream changes for part 2169
Oct 24, 2024 18:35:44.470 [548411191352] DEBUG - Updating media item 1961, size=4423076953, metadata_item_id=1057
Oct 24, 2024 18:35:44.470 [548411191352] DEBUG - Updating part with ID=2169 [/movies/Los hombres lobo (2024).mkv]
Oct 24, 2024 18:35:44.471 [548315225592] DEBUG - [HCl#1] HTTP requesting GET http://127.0.0.1:32400/:/metadata/notify/changeItemState?librarySectionID=1&metadataItemID=1057&metadataType=1&state=-1&parentID=-1&rootID=-1&mediaState=analyzing
Oct 24, 2024 18:35:44.475 [548315078136] DEBUG - [HttpClient/HCl#1] HTTP/1.1 (0.0s) 200 response from GET http://127.0.0.1:32400/:/metadata/notify/changeItemState?librarySectionID=1&metadataItemID=1057&metadataType=1&state=-1&parentID=-1&rootID=-1&mediaState=analyzing
Oct 24, 2024 18:35:44.476 [548315225592] DEBUG - [HCl#2] HTTP requesting GET http://127.0.0.1:32400/:/metadata/notify/changeItemState?librarySectionID=1&metadataItemID=1057&metadataType=1&state=-1&parentID=-1&rootID=-1&mediaState=idle
Oct 24, 2024 18:35:44.478 [548315078136] DEBUG - [HttpClient/HCl#2] HTTP/1.1 (0.0s) 200 response from GET http://127.0.0.1:32400/:/metadata/notify/changeItemState?librarySectionID=1&metadataItemID=1057&metadataType=1&state=-1&parentID=-1&rootID=-1&mediaState=idle (reused)
Oct 24, 2024 18:35:44.481 [548411191352] DEBUG - Downloading document http://127.0.0.1:32400/library/changestamp
Oct 24, 2024 18:35:44.481 [548411191352] DEBUG - [HCl#3] HTTP requesting GET http://127.0.0.1:32400/library/changestamp
Oct 24, 2024 18:35:44.483 [548315078136] DEBUG - [HttpClient/HCl#3] HTTP/1.1 (0.0s) 200 response from GET http://127.0.0.1:32400/library/changestamp (reused)
Oct 24, 2024 18:35:44.483 [548411191352] DEBUG - Updating metadata item (save) (Loups-Garous) with ID 1057
Oct 24, 2024 18:35:44.488 [548411191352] DEBUG - Doing expensive tags write for 'Loups-Garous' because something changed.
Oct 24, 2024 18:35:44.492 [548411191352] DEBUG - Downloading document http://127.0.0.1:32400/library/changestamp
Oct 24, 2024 18:35:44.492 [548411191352] DEBUG - [HCl#4] HTTP requesting GET http://127.0.0.1:32400/library/changestamp
Oct 24, 2024 18:35:44.494 [548315078136] DEBUG - [HttpClient/HCl#4] HTTP/1.1 (0.0s) 200 response from GET http://127.0.0.1:32400/library/changestamp (reused)
Oct 24, 2024 18:35:44.494 [548411191352] DEBUG - Updating metadata item (save) (Loups-Garous) with ID 1057
