<SessionReport version="2" startTime="0" startTimestamp="Oct 07, 2024 16:55:49.084" key="/library/metadata/770" session="ftrttcxasrhy9cmp46dberea" transcode="pn06viix4jpobuz1re2xaw6q">
<User id="1" thumb="https://plex.tv/users/ef53e5d7b97d6688/avatar?c=1728280305" title="danteverdugo" />
<Player address="192.168.3.3" device="Windows" machineIdentifier="msxc521ef0kt63uwsa1xd6t3" model="hosted" platform="Microsoft Edge" platformVersion="129.0" product="Plex Web" remotePublicAddress="179.2.9.129" title="Microsoft Edge" version="4.139.0" local="1" relayed="0" secure="1" userID="1" />
<Variants>
<Variant id="171f9cb8-eb98-4e34-ac49-d0deecba4aab" targetBitrate="10000000" context="streaming" sourceVideoCodec="h264" sourceAudioCodec="aac" videoDecision="copy" audioDecision="copy" protocol="dash" container="mp4" videoCodec="h264" audioCodec="aac" audioChannels="2" transcodeHwRequested="0" transcodeHwFullPipeline="0">
<Media id="1453" premium="1" audioChannels="2" audioCodec="aac" bitrate="750" container="mp4" duration="80000" height="356" optimizedForStreaming="1" protocol="dash" videoCodec="h264" videoResolution="SD" width="480" selected="1">
<Part id="1589" bitrate="750" container="mp4" duration="80000" height="356" optimizedForStreaming="1" protocol="dash" width="480" decision="transcode" selected="1">
<Stream bitrate="750" codec="h264" displayTitle="SD (H.264)" extendedDisplayTitle="SD (H.264)" height="356" id="4089" streamType="1" width="480" decision="copy" location="segments-video" />
<Stream bitrateMode="cbr" channels="2" codec="aac" displayTitle="English (AAC Stereo)" extendedDisplayTitle="English (AAC Stereo)" id="4090" language="English" languageCode="eng" languageTag="en" selected="1" streamType="2" decision="copy" location="segments-audio" />
</Part>
</Media>
</Variant>
</Variants>
<SegmentList>
<Segment duration="5000" startOffset="0" endOffset="5000">
<File name="chunk-stream0-00001.m4s" type="video">
<FileVariant size="509020" variant="171f9cb8-eb98-4e34-ac49-d0deecba4aab" />
</File>
<File name="chunk-stream1-00001.m4s" type="audio">
<FileVariant size="47694" variant="171f9cb8-eb98-4e34-ac49-d0deecba4aab" />
</File>
<Timelines>
<Transcode startTime="1499" endTime="1838" complete="1" fileType="video" variant="171f9cb8-eb98-4e34-ac49-d0deecba4aab" />
<Transcode startTime="1499" endTime="1838" complete="1" fileType="audio" variant="171f9cb8-eb98-4e34-ac49-d0deecba4aab" />
<Download startTime="1920" endTime="1942" complete="1" fileType="video" variant="171f9cb8-eb98-4e34-ac49-d0deecba4aab" />
<Download startTime="1920" endTime="1923" complete="1" fileType="audio" variant="171f9cb8-eb98-4e34-ac49-d0deecba4aab" />
</Timelines>
</Segment>
<Segment duration="5000" startOffset="5000" endOffset="10000">
<File name="chunk-stream0-00002.m4s" type="video">
<FileVariant size="458481" variant="171f9cb8-eb98-4e34-ac49-d0deecba4aab" />
</File>
<File name="chunk-stream1-00002.m4s" type="audio">
<FileVariant size="51388" variant="171f9cb8-eb98-4e34-ac49-d0deecba4aab" />
</File>
<Timelines>
<Download startTime="1937" endTime="2039" complete="1" fileType="audio" variant="171f9cb8-eb98-4e34-ac49-d0deecba4aab">
<Pause type="segmentWait" startTime="1937" endTime="2037" />
</Download>
<Download startTime="1950" endTime="2072" complete="1" fileType="video" variant="171f9cb8-eb98-4e34-ac49-d0deecba4aab">
<Pause type="segmentWait" startTime="1950" endTime="2050" />
</Download>
<Transcode startTime="1838" endTime="1973" complete="1" fileType="video" variant="171f9cb8-eb98-4e34-ac49-d0deecba4aab" />
<Transcode startTime="1838" endTime="1973" complete="1" fileType="audio" variant="171f9cb8-eb98-4e34-ac49-d0deecba4aab" />
</Timelines>
</Segment>
<Segment duration="5000" startOffset="10000" endOffset="15000">
<File name="chunk-stream0-00003.m4s" type="video">
<FileVariant size="389428" variant="171f9cb8-eb98-4e34-ac49-d0deecba4aab" />
</File>
<File name="chunk-stream1-00003.m4s" type="audio">
<FileVariant size="51565" variant="171f9cb8-eb98-4e34-ac49-d0deecba4aab" />
</File>
<Timelines>
<Download startTime="2044" endTime="2146" complete="1" fileType="audio" variant="171f9cb8-eb98-4e34-ac49-d0deecba4aab">
<Pause type="segmentWait" startTime="2044" endTime="2145" />
</Download>
<Transcode startTime="1973" endTime="2070" complete="1" fileType="video" variant="171f9cb8-eb98-4e34-ac49-d0deecba4aab" />
<Transcode startTime="1973" endTime="2070" complete="1" fileType="audio" variant="171f9cb8-eb98-4e34-ac49-d0deecba4aab" />
<Download startTime="2079" endTime="2094" complete="1" fileType="video" variant="171f9cb8-eb98-4e34-ac49-d0deecba4aab" />
</Timelines>
</Segment>
<Segment duration="5000" startOffset="15000" endOffset="20000">
<File name="chunk-stream0-00004.m4s" type="video">
<FileVariant size="431888" variant="171f9cb8-eb98-4e34-ac49-d0deecba4aab" />
</File>
<File name="chunk-stream1-00004.m4s" type="audio">
<FileVariant size="51629" variant="171f9cb8-eb98-4e34-ac49-d0deecba4aab" />
</File>
<Timelines>
<Transcode startTime="2070" endTime="2097" complete="1" fileType="video" variant="171f9cb8-eb98-4e34-ac49-d0deecba4aab" />
<Transcode startTime="2070" endTime="2097" complete="1" fileType="audio" variant="171f9cb8-eb98-4e34-ac49-d0deecba4aab" />
<Download startTime="2106" endTime="2119" complete="1" fileType="video" variant="171f9cb8-eb98-4e34-ac49-d0deecba4aab" />
<Download startTime="2152" endTime="2154" complete="1" fileType="audio" variant="171f9cb8-eb98-4e34-ac49-d0deecba4aab" />
</Timelines>
</Segment>
<Segment duration="5000" startOffset="20000" endOffset="25000">
<File name="chunk-stream0-00005.m4s" type="video">
<FileVariant size="389458" variant="171f9cb8-eb98-4e34-ac49-d0deecba4aab" />
</File>
<File name="chunk-stream1-00005.m4s" type="audio">
<FileVariant size="51360" variant="171f9cb8-eb98-4e34-ac49-d0deecba4aab" />
</File>
<Timelines>
<Transcode startTime="2097" endTime="2123" complete="1" fileType="video" variant="171f9cb8-eb98-4e34-ac49-d0deecba4aab" />
<Transcode startTime="2097" endTime="2123" complete="1" fileType="audio" variant="171f9cb8-eb98-4e34-ac49-d0deecba4aab" />
<Download startTime="2173" endTime="2175" complete="1" fileType="audio" variant="171f9cb8-eb98-4e34-ac49-d0deecba4aab" />
<Download startTime="3166" endTime="3184" complete="1" fileType="video" variant="171f9cb8-eb98-4e34-ac49-d0deecba4aab" />
</Timelines>
</Segment>
<Segment duration="5000" startOffset="25000" endOffset="30000">
<File name="chunk-stream0-00006.m4s" type="video">
<FileVariant size="538559" variant="171f9cb8-eb98-4e34-ac49-d0deecba4aab" />
</File>
<File name="chunk-stream1-00006.m4s" type="audio">
<FileVariant size="52116" variant="171f9cb8-eb98-4e34-ac49-d0deecba4aab" />
</File>
<Timelines>
<Download startTime="2183" endTime="2292" complete="1" fileType="audio" variant="171f9cb8-eb98-4e34-ac49-d0deecba4aab">
<Pause type="segmentWait" startTime="2183" endTime="2283" />
</Download>
<Transcode startTime="2123" endTime="2183" complete="1" fileType="video" variant="171f9cb8-eb98-4e34-ac49-d0deecba4aab" />
<Transcode startTime="2123" endTime="2183" complete="1" fileType="audio" variant="171f9cb8-eb98-4e34-ac49-d0deecba4aab" />
<Download startTime="3198" endTime="3215" complete="1" fileType="video" variant="171f9cb8-eb98-4e34-ac49-d0deecba4aab" />
</Timelines>
</Segment>
<Segment duration="5000" startOffset="30000" endOffset="35000">
<File name="chunk-stream0-00007.m4s" type="video">
<FileVariant size="461457" variant="171f9cb8-eb98-4e34-ac49-d0deecba4aab" />
</File>
<File name="chunk-stream1-00007.m4s" type="audio">
<FileVariant size="51440" variant="171f9cb8-eb98-4e34-ac49-d0deecba4aab" />
</File>
<Timelines>
<Transcode startTime="2183" endTime="2205" complete="1" fileType="video" variant="171f9cb8-eb98-4e34-ac49-d0deecba4aab" />
<Transcode startTime="2183" endTime="2205" complete="1" fileType="audio" variant="171f9cb8-eb98-4e34-ac49-d0deecba4aab" />
<Download startTime="3222" endTime="3237" complete="1" fileType="video" variant="171f9cb8-eb98-4e34-ac49-d0deecba4aab">
<Pause type="segmentWait" startTime="3222" endTime="3223" />
</Download>
<Download startTime="3302" endTime="3304" complete="1" fileType="audio" variant="171f9cb8-eb98-4e34-ac49-d0deecba4aab" />
</Timelines>
</Segment>
<Segment duration="5000" startOffset="35000" endOffset="40000">
<File name="chunk-stream0-00008.m4s" type="video">
<FileVariant size="430970" variant="171f9cb8-eb98-4e34-ac49-d0deecba4aab" />
</File>
<File name="chunk-stream1-00008.m4s" type="audio">
<FileVariant size="51870" variant="171f9cb8-eb98-4e34-ac49-d0deecba4aab" />
</File>
<Timelines>
<Transcode startTime="2205" endTime="2230" complete="1" fileType="video" variant="171f9cb8-eb98-4e34-ac49-d0deecba4aab" />
<Transcode startTime="2205" endTime="2230" complete="1" fileType="audio" variant="171f9cb8-eb98-4e34-ac49-d0deecba4aab" />
<Download startTime="3242" endTime="3256" complete="1" fileType="video" variant="171f9cb8-eb98-4e34-ac49-d0deecba4aab" />
<Download startTime="3309" endTime="3311" complete="1" fileType="audio" variant="171f9cb8-eb98-4e34-ac49-d0deecba4aab">
<Pause type="segmentWait" startTime="3309" endTime="3310" />
</Download>
</Timelines>
</Segment>
<Segment duration="5000" startOffset="40000" endOffset="45000">
<File name="chunk-stream0-00009.m4s" type="video">
<FileVariant size="419340" variant="171f9cb8-eb98-4e34-ac49-d0deecba4aab" />
</File>
<File name="chunk-stream1-00009.m4s" type="audio">
<FileVariant size="52502" variant="171f9cb8-eb98-4e34-ac49-d0deecba4aab" />
</File>
<Timelines>
<Transcode startTime="2230" endTime="2251" complete="1" fileType="video" variant="171f9cb8-eb98-4e34-ac49-d0deecba4aab" />
<Transcode startTime="2230" endTime="2251" complete="1" fileType="audio" variant="171f9cb8-eb98-4e34-ac49-d0deecba4aab" />
<Download startTime="3316" endTime="3318" complete="1" fileType="audio" variant="171f9cb8-eb98-4e34-ac49-d0deecba4aab" />
</Timelines>
</Segment>
<Segment duration="5000" startOffset="45000" endOffset="50000">
<File name="chunk-stream0-00010.m4s" type="video">
<FileVariant size="476712" variant="171f9cb8-eb98-4e34-ac49-d0deecba4aab" />
</File>
<File name="chunk-stream1-00010.m4s" type="audio">
<FileVariant size="51524" variant="171f9cb8-eb98-4e34-ac49-d0deecba4aab" />
</File>
<Timelines>
<Transcode startTime="2251" endTime="2298" complete="1" fileType="video" variant="171f9cb8-eb98-4e34-ac49-d0deecba4aab" />
<Transcode startTime="2251" endTime="2298" complete="1" fileType="audio" variant="171f9cb8-eb98-4e34-ac49-d0deecba4aab" />
<Download startTime="3324" endTime="3326" complete="1" fileType="audio" variant="171f9cb8-eb98-4e34-ac49-d0deecba4aab" />
</Timelines>
</Segment>
<Segment duration="5000" startOffset="50000" endOffset="55000">
<File name="chunk-stream0-00011.m4s" type="video">
<FileVariant size="487485" variant="171f9cb8-eb98-4e34-ac49-d0deecba4aab" />
</File>
<File name="chunk-stream1-00011.m4s" type="audio">
<FileVariant size="51547" variant="171f9cb8-eb98-4e34-ac49-d0deecba4aab" />
</File>
<Timelines>
<Transcode startTime="2298" endTime="2323" complete="1" fileType="video" variant="171f9cb8-eb98-4e34-ac49-d0deecba4aab" />
<Transcode startTime="2298" endTime="2323" complete="1" fileType="audio" variant="171f9cb8-eb98-4e34-ac49-d0deecba4aab" />
</Timelines>
</Segment>
<Segment duration="5000" startOffset="55000" endOffset="60000">
<File name="chunk-stream0-00012.m4s" type="video">
<FileVariant size="384555" variant="171f9cb8-eb98-4e34-ac49-d0deecba4aab" />
</File>
<File name="chunk-stream1-00012.m4s" type="audio">
<FileVariant size="51604" variant="171f9cb8-eb98-4e34-ac49-d0deecba4aab" />
</File>
<Timelines>
<Transcode startTime="2323" endTime="2344" complete="1" fileType="video" variant="171f9cb8-eb98-4e34-ac49-d0deecba4aab" />
<Transcode startTime="2323" endTime="2344" complete="1" fileType="audio" variant="171f9cb8-eb98-4e34-ac49-d0deecba4aab" />
</Timelines>
</Segment>
<Segment duration="5000" startOffset="60000" endOffset="65000">
<File name="chunk-stream0-00013.m4s" type="video">
<FileVariant size="383448" variant="171f9cb8-eb98-4e34-ac49-d0deecba4aab" />
</File>
<File name="chunk-stream1-00013.m4s" type="audio">
<FileVariant size="51302" variant="171f9cb8-eb98-4e34-ac49-d0deecba4aab" />
</File>
<Timelines>
<Transcode startTime="2344" endTime="2364" complete="1" fileType="video" variant="171f9cb8-eb98-4e34-ac49-d0deecba4aab" />
<Transcode startTime="2344" endTime="2364" complete="1" fileType="audio" variant="171f9cb8-eb98-4e34-ac49-d0deecba4aab" />
</Timelines>
</Segment>
<Segment duration="5000" startOffset="65000" endOffset="70000">
<File name="chunk-stream0-00014.m4s" type="video">
<FileVariant size="388424" variant="171f9cb8-eb98-4e34-ac49-d0deecba4aab" />
</File>
<File name="chunk-stream1-00014.m4s" type="audio">
<FileVariant size="51467" variant="171f9cb8-eb98-4e34-ac49-d0deecba4aab" />
</File>
<Timelines>
<Transcode startTime="2364" endTime="2385" complete="1" fileType="video" variant="171f9cb8-eb98-4e34-ac49-d0deecba4aab" />
<Transcode startTime="2364" endTime="2385" complete="1" fileType="audio" variant="171f9cb8-eb98-4e34-ac49-d0deecba4aab" />
</Timelines>
</Segment>
<Segment duration="5000" startOffset="70000" endOffset="75000">
<File name="chunk-stream0-00015.m4s" type="video">
<FileVariant size="485288" variant="171f9cb8-eb98-4e34-ac49-d0deecba4aab" />
</File>
<File name="chunk-stream1-00015.m4s" type="audio">
<FileVariant size="51785" variant="171f9cb8-eb98-4e34-ac49-d0deecba4aab" />
</File>
<Timelines>
<Transcode startTime="2385" endTime="2412" complete="1" fileType="video" variant="171f9cb8-eb98-4e34-ac49-d0deecba4aab" />
<Transcode startTime="2385" endTime="2412" complete="1" fileType="audio" variant="171f9cb8-eb98-4e34-ac49-d0deecba4aab" />
</Timelines>
</Segment>
<Segment duration="4958" startOffset="75000" endOffset="79958">
<File name="chunk-stream0-00016.m4s" type="video">
<FileVariant size="234647" variant="171f9cb8-eb98-4e34-ac49-d0deecba4aab" />
</File>
<File name="chunk-stream1-00016.m4s" type="audio">
<FileVariant size="56477" variant="171f9cb8-eb98-4e34-ac49-d0deecba4aab" />
</File>
<Timelines>
<Transcode startTime="2412" endTime="2428" complete="1" fileType="video" variant="171f9cb8-eb98-4e34-ac49-d0deecba4aab" />
<Transcode startTime="2412" endTime="2428" complete="1" fileType="audio" variant="171f9cb8-eb98-4e34-ac49-d0deecba4aab" />
</Timelines>
</Segment>
</SegmentList>
<PlaybackReports>
<Playback startTime="4237" state="stopped" progress="1000" />
</PlaybackReports>
<StateReports />
<StateReports />
</SessionReport>
