Oct 25, 2024 19:22:47.162 [0x7fa23b3b08] INFO - Plex Tuner Service v1.41.1.9057-af5eaea7a - Docker Docker Container (LinuxServer.io) aarch64 - build: 
Oct 25, 2024 19:22:47.163 [0x7fa23b3b08] INFO - Linux version: 6.6.51+rpt-rpi-v8 (#1 SMP PREEMPT Debian 1:6.6.51-1+rpt3 (2024-10-08)), language: en-US
Oct 25, 2024 19:22:47.163 [0x7fa23b3b08] INFO - Processor Unknown architecture
Oct 25, 2024 19:22:47.163 [0x7fa23b3b08] INFO - /usr/lib/plexmediaserver/Plex Tuner Service /usr/lib/plexmediaserver/Resources/Tuner/Private /usr/lib/plexmediaserver/Resources/Tuner/Shared 1.41.1.9057-af5eaea7a 32600
Oct 25, 2024 19:22:47.159 [0x7fa4326890] INFO - [I] broker_t::start...
Oct 25, 2024 19:22:47.189 [0x7fa4326890] INFO - [I] device_manager_t::init.
Oct 25, 2024 19:22:47.189 [0x7fa4326890] INFO - [I] device_manager_t::init. Initialize provider manager
Oct 25, 2024 19:22:47.189 [0x7fa4326890] INFO - [I] device_manager_t::init. Initialize all device auxes
Oct 25, 2024 19:22:47.189 [0x7fa4326890] INFO - [I] dvb_device_factory_t::get_aux_list
Oct 25, 2024 19:22:47.189 [0x7fa4326890] INFO - [I] tvbutler_aux_t::init
Oct 25, 2024 19:22:47.199 [0x7fa4326890] INFO - [I] web_server_t::start. Starting web server on port 32600
Oct 25, 2024 19:22:47.238 [0x7fa1d35b08] INFO - [I] web_service_t::process_device_discovery
Oct 25, 2024 19:22:47.238 [0x7fa1d35b08] INFO - [I] device_reactor_t::get_device_list ()
Oct 25, 2024 19:22:49.244 [0x7fa1d35b08] INFO - [I] SAT2IP - discover_satip_servers(): no servers found
Oct 25, 2024 19:22:49.661 [0x7fa1d35b08] INFO - [I] v4l::DeviceGetList_impl. getting v4l device list
Oct 25, 2024 19:22:49.668 [0x7fa1d35b08] INFO - [I] onetv_factory::DeviceGetListEx >>
Oct 25, 2024 19:22:49.668 [0x7fa1d35b08] WARN - [W] onetv_factory::DeviceGetListEx. libusb_init returned an error -99
Oct 25, 2024 22:08:42.887 [0x7fa4326890] INFO - Received SIGINT: Interrupt from keyboard.
Oct 25, 2024 22:08:42.895 [0x7fa4326890] INFO - [I] device_manager_t::term
Oct 25, 2024 22:08:42.896 [0x7fa4326890] INFO - [I] device_manager_t::term. Stop all devices
Oct 25, 2024 22:08:42.896 [0x7fa4326890] INFO - [I] device_manager_t::term. Shut down all device auxes
Oct 25, 2024 22:08:42.896 [0x7fa4326890] INFO - [I] tvbutler_aux_t::term
Oct 25, 2024 22:08:42.899 [0x7fa4326890] INFO - [I] web_server_t::stop. Web server is stopped
Oct 25, 2024 22:08:42.899 [0x7fa4326890] INFO - [I] device_manager_t::term
Oct 25, 2024 22:08:42.899 [0x7fa4326890] INFO - [I] device_manager_t::term. Stop all devices
Oct 25, 2024 22:08:42.899 [0x7fa4326890] INFO - [I] device_manager_t::term. Shut down all device auxes
Oct 25, 2024 22:08:42.902 [0x7fa4326890] INFO - [I] broker_t::shutdown. Shutdown is completed.
