Oct 25, 2024 02:00:29.774 [547921923576] INFO - Plex Media Scanner v1.41.1.9057-af5eaea7a - Docker Docker Container (LinuxServer.io) aarch64 - build: linux-aarch64 - GMT -03:00
Oct 25, 2024 02:00:29.774 [547921923576] INFO - Linux version: 6.6.51+rpt-rpi-v8, language: en-US
Oct 25, 2024 02:00:29.775 [547921923576] INFO - Processor: 4-core AArch64
Oct 25, 2024 02:00:29.775 [547921923576] INFO - /usr/lib/plexmediaserver/Plex Media Scanner --analyze --item 1057,1056 --log-file-suffix  Analysis
Oct 25, 2024 02:00:29.776 [548002099256] DEBUG - Opening 20 database sessions to library (com.plexapp.plugins.library), SQLite 3.39.4, threadsafe=1
Oct 25, 2024 02:00:30.021 [548002099256] DEBUG - Analyzing media parts for item 1057 (Loups-Garous): 1961
Oct 25, 2024 02:00:30.023 [548002099256] DEBUG - [ID 2169] Media part analysis: /movies/Los hombres lobo (2024).mkv
Oct 25, 2024 02:00:30.023 [548002099256] DEBUG - [MI] Opening input file: "/movies/Los hombres lobo (2024).mkv"
Oct 25, 2024 02:00:30.023 [548002099256] DEBUG - [FFMPEG] - Opening '/movies/Los hombres lobo (2024).mkv' for reading
Oct 25, 2024 02:00:30.023 [548002099256] DEBUG - [FFMPEG] - Setting default whitelist 'file,crypto,data'
Oct 25, 2024 02:00:30.024 [548002099256] DEBUG - [FFMPEG] - Format matroska,webm probed with size=2048 and score=100
Oct 25, 2024 02:00:30.024 [548002099256] DEBUG - [FFMPEG] - Unknown entry 0x22B59D at pos. 4423
Oct 25, 2024 02:00:30.024 [548002099256] DEBUG - [FFMPEG] - Unknown entry 0x22B59D at pos. 4500
Oct 25, 2024 02:00:30.024 [548002099256] DEBUG - [FFMPEG] - Unknown entry 0x22B59D at pos. 4578
Oct 25, 2024 02:00:30.024 [548002099256] DEBUG - [FFMPEG] - Unknown entry 0x22B59D at pos. 4658
Oct 25, 2024 02:00:30.024 [548002099256] DEBUG - [FFMPEG] - Unknown entry 0x22B59D at pos. 4719
Oct 25, 2024 02:00:30.024 [548002099256] DEBUG - [FFMPEG] - Unknown entry 0x22B59D at pos. 4781
Oct 25, 2024 02:00:30.024 [548002099256] DEBUG - [FFMPEG] - Unknown entry 0x22B59D at pos. 4842
Oct 25, 2024 02:00:30.024 [548002099256] DEBUG - [FFMPEG] - Unknown entry 0x22B59D at pos. 4896
Oct 25, 2024 02:00:30.024 [548002099256] DEBUG - [FFMPEG] - Unknown entry 0x22B59D at pos. 4963
Oct 25, 2024 02:00:30.024 [548002099256] DEBUG - [FFMPEG] - Unknown entry 0x437D at pos. 80702
Oct 25, 2024 02:00:30.024 [548002099256] DEBUG - [FFMPEG] - Unknown entry 0x437D at pos. 80745
Oct 25, 2024 02:00:30.025 [548002099256] DEBUG - [FFMPEG] - st:0 removing common factor 1000000 from timebase
Oct 25, 2024 02:00:30.025 [548002099256] DEBUG - [FFMPEG] - st:1 removing common factor 1000000 from timebase
Oct 25, 2024 02:00:30.025 [548002099256] DEBUG - [FFMPEG] - st:2 removing common factor 1000000 from timebase
Oct 25, 2024 02:00:30.025 [548002099256] DEBUG - [FFMPEG] - st:3 removing common factor 1000000 from timebase
Oct 25, 2024 02:00:30.025 [548002099256] DEBUG - [FFMPEG] - st:4 removing common factor 1000000 from timebase
Oct 25, 2024 02:00:30.025 [548002099256] DEBUG - [FFMPEG] - st:5 removing common factor 1000000 from timebase
Oct 25, 2024 02:00:30.025 [548002099256] DEBUG - [FFMPEG] - st:6 removing common factor 1000000 from timebase
Oct 25, 2024 02:00:30.025 [548002099256] DEBUG - [FFMPEG] - st:7 removing common factor 1000000 from timebase
Oct 25, 2024 02:00:30.025 [548002099256] DEBUG - [FFMPEG] - st:8 removing common factor 1000000 from timebase
Oct 25, 2024 02:00:30.025 [548002099256] DEBUG - [FFMPEG] - Before avformat_find_stream_info() pos: 80857 bytes read:116312 seeks:2 nb_streams:10
Oct 25, 2024 02:00:30.027 [548002099256] DEBUG - [FFMPEG] - nal_unit_type: 7(SPS), nal_ref_idc: 3
Oct 25, 2024 02:00:30.027 [548002099256] DEBUG - [FFMPEG] - nal_unit_type: 8(PPS), nal_ref_idc: 3
Oct 25, 2024 02:00:30.027 [548002099256] DEBUG - [FFMPEG] - marker=d8 avail_size_in_buf=74354
Oct 25, 2024 02:00:30.027 [548002099256] DEBUG - [FFMPEG] - marker parser used 0 bytes (0 bits)
Oct 25, 2024 02:00:30.027 [548002099256] DEBUG - [FFMPEG] - marker=db avail_size_in_buf=74352
Oct 25, 2024 02:00:30.028 [548002099256] DEBUG - [FFMPEG] - index=0
Oct 25, 2024 02:00:30.028 [548002099256] DEBUG - [FFMPEG] - qscale[0]: 0
Oct 25, 2024 02:00:30.028 [548002099256] DEBUG - [FFMPEG] - marker parser used 67 bytes (536 bits)
Oct 25, 2024 02:00:30.028 [548002099256] DEBUG - [FFMPEG] - marker=db avail_size_in_buf=74283
Oct 25, 2024 02:00:30.028 [548002099256] DEBUG - [FFMPEG] - index=1
Oct 25, 2024 02:00:30.028 [548002099256] DEBUG - [FFMPEG] - qscale[1]: 1
Oct 25, 2024 02:00:30.028 [548002099256] DEBUG - [FFMPEG] - marker parser used 67 bytes (536 bits)
Oct 25, 2024 02:00:30.028 [548002099256] DEBUG - [FFMPEG] - marker=c0 avail_size_in_buf=74214
Oct 25, 2024 02:00:30.028 [548002099256] DEBUG - [FFMPEG] - Changing bps from 0 to 8
Oct 25, 2024 02:00:30.028 [548002099256] DEBUG - [FFMPEG] - sof0: picture: 305x452
Oct 25, 2024 02:00:30.028 [548002099256] DEBUG - [FFMPEG] - component 0 2:2 id: 0 quant:0
Oct 25, 2024 02:00:30.028 [548002099256] DEBUG - [FFMPEG] - component 1 1:1 id: 1 quant:1
Oct 25, 2024 02:00:30.028 [548002099256] DEBUG - [FFMPEG] - component 2 1:1 id: 2 quant:1
Oct 25, 2024 02:00:30.028 [548002099256] DEBUG - [FFMPEG] - pix fmt id 22111100
Oct 25, 2024 02:00:30.028 [548002099256] DEBUG - [FFMPEG] - Format yuvj420p chosen by get_format().
Oct 25, 2024 02:00:30.028 [548002099256] DEBUG - [FFMPEG] - marker parser used 17 bytes (136 bits)
Oct 25, 2024 02:00:30.028 [548002099256] DEBUG - [FFMPEG] - marker=c4 avail_size_in_buf=74195
Oct 25, 2024 02:00:30.028 [548002099256] DEBUG - [FFMPEG] - marker parser used 0 bytes (0 bits)
Oct 25, 2024 02:00:30.028 [548002099256] DEBUG - [FFMPEG] - marker=c4 avail_size_in_buf=74163
Oct 25, 2024 02:00:30.028 [548002099256] DEBUG - [FFMPEG] - marker parser used 0 bytes (0 bits)
Oct 25, 2024 02:00:30.028 [548002099256] DEBUG - [FFMPEG] - marker=c4 avail_size_in_buf=74075
Oct 25, 2024 02:00:30.028 [548002099256] DEBUG - [FFMPEG] - marker parser used 0 bytes (0 bits)
Oct 25, 2024 02:00:30.028 [548002099256] DEBUG - [FFMPEG] - marker=c4 avail_size_in_buf=74044
Oct 25, 2024 02:00:30.028 [548002099256] DEBUG - [FFMPEG] - marker parser used 0 bytes (0 bits)
Oct 25, 2024 02:00:30.028 [548002099256] DEBUG - [FFMPEG] - escaping removed 274 bytes
Oct 25, 2024 02:00:30.028 [548002099256] DEBUG - [FFMPEG] - marker=da avail_size_in_buf=73980
Oct 25, 2024 02:00:30.028 [548002099256] DEBUG - [FFMPEG] - marker parser used 73706 bytes (589648 bits)
Oct 25, 2024 02:00:30.028 [548002099256] DEBUG - [FFMPEG] - marker=d9 avail_size_in_buf=0
Oct 25, 2024 02:00:30.028 [548002099256] DEBUG - [FFMPEG] - decode frame unused 0 bytes
Oct 25, 2024 02:00:30.028 [548002099256] DEBUG - [FFMPEG] - nal_unit_type: 7(SPS), nal_ref_idc: 3
Oct 25, 2024 02:00:30.028 [548002099256] DEBUG - [FFMPEG] - nal_unit_type: 8(PPS), nal_ref_idc: 3
Oct 25, 2024 02:00:30.029 [548002099256] DEBUG - [FFMPEG] - nal_unit_type: 6(SEI), nal_ref_idc: 0
Oct 25, 2024 02:00:30.029 [548002099256] DEBUG - [FFMPEG] - nal_unit_type: 6(SEI), nal_ref_idc: 0
Oct 25, 2024 02:00:30.029 [548002099256] DEBUG - [FFMPEG] - nal_unit_type: 6(SEI), nal_ref_idc: 0
Oct 25, 2024 02:00:30.029 [548002099256] DEBUG - [FFMPEG] - nal_unit_type: 5(IDR), nal_ref_idc: 3
Oct 25, 2024 02:00:30.029 [548002099256] DEBUG - [FFMPEG] - Format yuv420p chosen by get_format().
Oct 25, 2024 02:00:30.035 [548002099256] DEBUG - [FFMPEG] - no picture 
Oct 25, 2024 02:00:30.042 [548002099256] DEBUG - [FFMPEG] - nal_unit_type: 6(SEI), nal_ref_idc: 0
Oct 25, 2024 02:00:30.042 [548002099256] DEBUG - [FFMPEG] - nal_unit_type: 1(Coded slice of a non-IDR picture), nal_ref_idc: 2
Oct 25, 2024 02:00:30.052 [548002099256] DEBUG - [FFMPEG] - nal_unit_type: 6(SEI), nal_ref_idc: 0
Oct 25, 2024 02:00:30.052 [548002099256] DEBUG - [FFMPEG] - nal_unit_type: 1(Coded slice of a non-IDR picture), nal_ref_idc: 0
Oct 25, 2024 02:00:30.068 [548002099256] DEBUG - [FFMPEG] - nal_unit_type: 6(SEI), nal_ref_idc: 0
Oct 25, 2024 02:00:30.068 [548002099256] DEBUG - [FFMPEG] - nal_unit_type: 1(Coded slice of a non-IDR picture), nal_ref_idc: 0
Oct 25, 2024 02:00:30.083 [548002099256] DEBUG - [FFMPEG] - nal_unit_type: 6(SEI), nal_ref_idc: 0
Oct 25, 2024 02:00:30.083 [548002099256] DEBUG - [FFMPEG] - nal_unit_type: 1(Coded slice of a non-IDR picture), nal_ref_idc: 2
Oct 25, 2024 02:00:30.089 [548002099256] DEBUG - [FFMPEG] - nal_unit_type: 6(SEI), nal_ref_idc: 0
Oct 25, 2024 02:00:30.089 [548002099256] DEBUG - [FFMPEG] - nal_unit_type: 1(Coded slice of a non-IDR picture), nal_ref_idc: 0
Oct 25, 2024 02:00:30.099 [548002099256] DEBUG - [FFMPEG] - nal_unit_type: 6(SEI), nal_ref_idc: 0
Oct 25, 2024 02:00:30.100 [548002099256] DEBUG - [FFMPEG] - nal_unit_type: 1(Coded slice of a non-IDR picture), nal_ref_idc: 0
Oct 25, 2024 02:00:30.116 [548002099256] DEBUG - [FFMPEG] - nal_unit_type: 6(SEI), nal_ref_idc: 0
Oct 25, 2024 02:00:30.116 [548002099256] DEBUG - [FFMPEG] - nal_unit_type: 1(Coded slice of a non-IDR picture), nal_ref_idc: 2
Oct 25, 2024 02:00:30.122 [548002099256] DEBUG - [FFMPEG] - All info found
Oct 25, 2024 02:00:30.126 [548002099256] DEBUG - [FFMPEG] - After avformat_find_stream_info() pos: 164896 bytes read:214616 seeks:2 frames:40
Oct 25, 2024 02:00:30.137 [548002099256] DEBUG - [MI]  * 69fd1ba27aaccac0eaf824d675cd9bd3f6aeeb04 [mkv h264/eac3] Duration: 5729984ms, 1920x1080 (1.777778) 24.000fps, bitrate=6175kbps, audio channels=6, optimizedForStreaming=0 ("/movies/Los hombres lobo (2024).mkv")
Oct 25, 2024 02:00:30.137 [548002099256] DEBUG - [MI] Importing 2 media chapters.
Oct 25, 2024 02:00:30.138 [548002099256] DEBUG - [MI] Closing input file: "/movies/Los hombres lobo (2024).mkv"
Oct 25, 2024 02:00:30.139 [548002099256] DEBUG - Streams didn't change in analysis, not saving.
Oct 25, 2024 02:00:30.140 [548002099256] DEBUG - Updating media item 1961, size=4423076953, metadata_item_id=1057
Oct 25, 2024 02:00:30.140 [548002099256] DEBUG - Updating part with ID=2169 [/movies/Los hombres lobo (2024).mkv]
Oct 25, 2024 02:00:30.141 [547905924600] DEBUG - [HCl#1] HTTP requesting GET http://127.0.0.1:32400/:/metadata/notify/changeItemState?librarySectionID=1&metadataItemID=1057&metadataType=1&state=-1&parentID=-1&rootID=-1&mediaState=analyzing
Oct 25, 2024 02:00:30.142 [548002099256] DEBUG - [MI] Opening input file: "/movies/Los hombres lobo (2024).mkv"
Oct 25, 2024 02:00:30.142 [548002099256] DEBUG - [FFMPEG] - Opening '/movies/Los hombres lobo (2024).mkv' for reading
Oct 25, 2024 02:00:30.142 [548002099256] DEBUG - [FFMPEG] - Setting default whitelist 'file,crypto,data'
Oct 25, 2024 02:00:30.143 [548002099256] DEBUG - [FFMPEG] - Format matroska,webm probed with size=2048 and score=100
Oct 25, 2024 02:00:30.143 [548002099256] DEBUG - [FFMPEG] - Unknown entry 0x22B59D at pos. 4423
Oct 25, 2024 02:00:30.143 [548002099256] DEBUG - [FFMPEG] - Unknown entry 0x22B59D at pos. 4500
Oct 25, 2024 02:00:30.143 [548002099256] DEBUG - [FFMPEG] - Unknown entry 0x22B59D at pos. 4578
Oct 25, 2024 02:00:30.143 [548002099256] DEBUG - [FFMPEG] - Unknown entry 0x22B59D at pos. 4658
Oct 25, 2024 02:00:30.143 [548002099256] DEBUG - [FFMPEG] - Unknown entry 0x22B59D at pos. 4719
Oct 25, 2024 02:00:30.143 [548002099256] DEBUG - [FFMPEG] - Unknown entry 0x22B59D at pos. 4781
Oct 25, 2024 02:00:30.143 [548002099256] DEBUG - [FFMPEG] - Unknown entry 0x22B59D at pos. 4842
Oct 25, 2024 02:00:30.143 [548002099256] DEBUG - [FFMPEG] - Unknown entry 0x22B59D at pos. 4896
Oct 25, 2024 02:00:30.143 [548002099256] DEBUG - [FFMPEG] - Unknown entry 0x22B59D at pos. 4963
Oct 25, 2024 02:00:30.143 [548002099256] DEBUG - [FFMPEG] - Unknown entry 0x437D at pos. 80702
Oct 25, 2024 02:00:30.143 [548002099256] DEBUG - [FFMPEG] - Unknown entry 0x437D at pos. 80745
Oct 25, 2024 02:00:30.143 [548002099256] DEBUG - [FFMPEG] - st:0 removing common factor 1000000 from timebase
Oct 25, 2024 02:00:30.143 [548002099256] DEBUG - [FFMPEG] - st:1 removing common factor 1000000 from timebase
Oct 25, 2024 02:00:30.143 [548002099256] DEBUG - [FFMPEG] - st:2 removing common factor 1000000 from timebase
Oct 25, 2024 02:00:30.143 [548002099256] DEBUG - [FFMPEG] - st:3 removing common factor 1000000 from timebase
Oct 25, 2024 02:00:30.143 [548002099256] DEBUG - [FFMPEG] - st:4 removing common factor 1000000 from timebase
Oct 25, 2024 02:00:30.143 [548002099256] DEBUG - [FFMPEG] - st:5 removing common factor 1000000 from timebase
Oct 25, 2024 02:00:30.143 [548002099256] DEBUG - [FFMPEG] - st:6 removing common factor 1000000 from timebase
Oct 25, 2024 02:00:30.144 [548002099256] DEBUG - [FFMPEG] - st:7 removing common factor 1000000 from timebase
Oct 25, 2024 02:00:30.144 [548002099256] DEBUG - [FFMPEG] - st:8 removing common factor 1000000 from timebase
Oct 25, 2024 02:00:30.144 [548002099256] DEBUG - [FFMPEG] - Before avformat_find_stream_info() pos: 80857 bytes read:116312 seeks:2 nb_streams:10
Oct 25, 2024 02:00:30.145 [548002099256] DEBUG - [FFMPEG] - nal_unit_type: 7(SPS), nal_ref_idc: 3
Oct 25, 2024 02:00:30.145 [548002099256] DEBUG - [FFMPEG] - nal_unit_type: 8(PPS), nal_ref_idc: 3
Oct 25, 2024 02:00:30.145 [547905777144] DEBUG - [HttpClient/HCl#1] HTTP/1.1 (0.0s) 200 response from GET http://127.0.0.1:32400/:/metadata/notify/changeItemState?librarySectionID=1&metadataItemID=1057&metadataType=1&state=-1&parentID=-1&rootID=-1&mediaState=analyzing
Oct 25, 2024 02:00:30.146 [547905924600] DEBUG - [HCl#2] HTTP requesting GET http://127.0.0.1:32400/:/metadata/notify/changeItemState?librarySectionID=1&metadataItemID=1057&metadataType=1&state=-1&parentID=-1&rootID=-1&mediaState=thumbnailing
Oct 25, 2024 02:00:30.146 [548002099256] DEBUG - [FFMPEG] - marker=d8 avail_size_in_buf=74354
Oct 25, 2024 02:00:30.146 [548002099256] DEBUG - [FFMPEG] - marker parser used 0 bytes (0 bits)
Oct 25, 2024 02:00:30.146 [548002099256] DEBUG - [FFMPEG] - marker=db avail_size_in_buf=74352
Oct 25, 2024 02:00:30.146 [548002099256] DEBUG - [FFMPEG] - index=0
Oct 25, 2024 02:00:30.146 [548002099256] DEBUG - [FFMPEG] - qscale[0]: 0
Oct 25, 2024 02:00:30.146 [548002099256] DEBUG - [FFMPEG] - marker parser used 67 bytes (536 bits)
Oct 25, 2024 02:00:30.146 [548002099256] DEBUG - [FFMPEG] - marker=db avail_size_in_buf=74283
Oct 25, 2024 02:00:30.146 [548002099256] DEBUG - [FFMPEG] - index=1
Oct 25, 2024 02:00:30.146 [548002099256] DEBUG - [FFMPEG] - qscale[1]: 1
Oct 25, 2024 02:00:30.146 [548002099256] DEBUG - [FFMPEG] - marker parser used 67 bytes (536 bits)
Oct 25, 2024 02:00:30.146 [548002099256] DEBUG - [FFMPEG] - marker=c0 avail_size_in_buf=74214
Oct 25, 2024 02:00:30.146 [548002099256] DEBUG - [FFMPEG] - Changing bps from 0 to 8
Oct 25, 2024 02:00:30.146 [548002099256] DEBUG - [FFMPEG] - sof0: picture: 305x452
Oct 25, 2024 02:00:30.146 [548002099256] DEBUG - [FFMPEG] - component 0 2:2 id: 0 quant:0
Oct 25, 2024 02:00:30.146 [548002099256] DEBUG - [FFMPEG] - component 1 1:1 id: 1 quant:1
Oct 25, 2024 02:00:30.146 [548002099256] DEBUG - [FFMPEG] - component 2 1:1 id: 2 quant:1
Oct 25, 2024 02:00:30.146 [548002099256] DEBUG - [FFMPEG] - pix fmt id 22111100
Oct 25, 2024 02:00:30.146 [548002099256] DEBUG - [FFMPEG] - Format yuvj420p chosen by get_format().
Oct 25, 2024 02:00:30.146 [548002099256] DEBUG - [FFMPEG] - marker parser used 17 bytes (136 bits)
Oct 25, 2024 02:00:30.146 [548002099256] DEBUG - [FFMPEG] - marker=c4 avail_size_in_buf=74195
Oct 25, 2024 02:00:30.146 [548002099256] DEBUG - [FFMPEG] - marker parser used 0 bytes (0 bits)
Oct 25, 2024 02:00:30.146 [548002099256] DEBUG - [FFMPEG] - marker=c4 avail_size_in_buf=74163
Oct 25, 2024 02:00:30.147 [548002099256] DEBUG - [FFMPEG] - marker parser used 0 bytes (0 bits)
Oct 25, 2024 02:00:30.147 [548002099256] DEBUG - [FFMPEG] - marker=c4 avail_size_in_buf=74075
Oct 25, 2024 02:00:30.147 [548002099256] DEBUG - [FFMPEG] - marker parser used 0 bytes (0 bits)
Oct 25, 2024 02:00:30.147 [548002099256] DEBUG - [FFMPEG] - marker=c4 avail_size_in_buf=74044
Oct 25, 2024 02:00:30.147 [548002099256] DEBUG - [FFMPEG] - marker parser used 0 bytes (0 bits)
Oct 25, 2024 02:00:30.147 [548002099256] DEBUG - [FFMPEG] - escaping removed 274 bytes
Oct 25, 2024 02:00:30.147 [548002099256] DEBUG - [FFMPEG] - marker=da avail_size_in_buf=73980
Oct 25, 2024 02:00:30.147 [548002099256] DEBUG - [FFMPEG] - marker parser used 73706 bytes (589648 bits)
Oct 25, 2024 02:00:30.147 [548002099256] DEBUG - [FFMPEG] - marker=d9 avail_size_in_buf=0
Oct 25, 2024 02:00:30.147 [548002099256] DEBUG - [FFMPEG] - decode frame unused 0 bytes
Oct 25, 2024 02:00:30.147 [548002099256] DEBUG - [FFMPEG] - nal_unit_type: 7(SPS), nal_ref_idc: 3
Oct 25, 2024 02:00:30.147 [548002099256] DEBUG - [FFMPEG] - nal_unit_type: 8(PPS), nal_ref_idc: 3
Oct 25, 2024 02:00:30.148 [548002099256] DEBUG - [FFMPEG] - nal_unit_type: 6(SEI), nal_ref_idc: 0
Oct 25, 2024 02:00:30.148 [548002099256] DEBUG - [FFMPEG] - nal_unit_type: 6(SEI), nal_ref_idc: 0
Oct 25, 2024 02:00:30.148 [548002099256] DEBUG - [FFMPEG] - nal_unit_type: 6(SEI), nal_ref_idc: 0
Oct 25, 2024 02:00:30.148 [548002099256] DEBUG - [FFMPEG] - nal_unit_type: 5(IDR), nal_ref_idc: 3
Oct 25, 2024 02:00:30.148 [548002099256] DEBUG - [FFMPEG] - Format yuv420p chosen by get_format().
Oct 25, 2024 02:00:30.149 [547905777144] DEBUG - [HttpClient/HCl#2] HTTP/1.1 (0.0s) 200 response from GET http://127.0.0.1:32400/:/metadata/notify/changeItemState?librarySectionID=1&metadataItemID=1057&metadataType=1&state=-1&parentID=-1&rootID=-1&mediaState=thumbnailing (reused)
Oct 25, 2024 02:00:30.154 [548002099256] DEBUG - [FFMPEG] - no picture 
Oct 25, 2024 02:00:30.161 [548002099256] DEBUG - [FFMPEG] - nal_unit_type: 6(SEI), nal_ref_idc: 0
Oct 25, 2024 02:00:30.161 [548002099256] DEBUG - [FFMPEG] - nal_unit_type: 1(Coded slice of a non-IDR picture), nal_ref_idc: 2
Oct 25, 2024 02:00:30.171 [548002099256] DEBUG - [FFMPEG] - nal_unit_type: 6(SEI), nal_ref_idc: 0
Oct 25, 2024 02:00:30.172 [548002099256] DEBUG - [FFMPEG] - nal_unit_type: 1(Coded slice of a non-IDR picture), nal_ref_idc: 0
Oct 25, 2024 02:00:30.187 [548002099256] DEBUG - [FFMPEG] - nal_unit_type: 6(SEI), nal_ref_idc: 0
Oct 25, 2024 02:00:30.187 [548002099256] DEBUG - [FFMPEG] - nal_unit_type: 1(Coded slice of a non-IDR picture), nal_ref_idc: 0
Oct 25, 2024 02:00:30.202 [548002099256] DEBUG - [FFMPEG] - nal_unit_type: 6(SEI), nal_ref_idc: 0
Oct 25, 2024 02:00:30.202 [548002099256] DEBUG - [FFMPEG] - nal_unit_type: 1(Coded slice of a non-IDR picture), nal_ref_idc: 2
Oct 25, 2024 02:00:30.208 [548002099256] DEBUG - [FFMPEG] - nal_unit_type: 6(SEI), nal_ref_idc: 0
Oct 25, 2024 02:00:30.208 [548002099256] DEBUG - [FFMPEG] - nal_unit_type: 1(Coded slice of a non-IDR picture), nal_ref_idc: 0
Oct 25, 2024 02:00:30.218 [548002099256] DEBUG - [FFMPEG] - nal_unit_type: 6(SEI), nal_ref_idc: 0
Oct 25, 2024 02:00:30.218 [548002099256] DEBUG - [FFMPEG] - nal_unit_type: 1(Coded slice of a non-IDR picture), nal_ref_idc: 0
Oct 25, 2024 02:00:30.234 [548002099256] DEBUG - [FFMPEG] - nal_unit_type: 6(SEI), nal_ref_idc: 0
Oct 25, 2024 02:00:30.234 [548002099256] DEBUG - [FFMPEG] - nal_unit_type: 1(Coded slice of a non-IDR picture), nal_ref_idc: 2
Oct 25, 2024 02:00:30.240 [548002099256] DEBUG - [FFMPEG] - All info found
Oct 25, 2024 02:00:30.243 [548002099256] DEBUG - [FFMPEG] - After avformat_find_stream_info() pos: 164896 bytes read:214616 seeks:2 frames:40
Oct 25, 2024 02:00:30.243 [548002099256] DEBUG - Creating /config/Library/Application Support/Plex Media Server/Media/localhost/6/9fd1ba27aaccac0eaf824d675cd9bd3f6aeeb04.bundle/Contents/Thumbnails/thumb1.jpg (50.0%, 720x512).
Oct 25, 2024 02:00:30.245 [548002099256] DEBUG - [FFMPEG] - nal_unit_type: 7(SPS), nal_ref_idc: 3
Oct 25, 2024 02:00:30.245 [548002099256] DEBUG - [FFMPEG] - nal_unit_type: 8(PPS), nal_ref_idc: 3
Oct 25, 2024 02:00:30.267 [548002099256] DEBUG - [FFMPEG] - nal_unit_type: 7(SPS), nal_ref_idc: 3
Oct 25, 2024 02:00:30.267 [548002099256] DEBUG - [FFMPEG] - nal_unit_type: 8(PPS), nal_ref_idc: 3
Oct 25, 2024 02:00:30.268 [548002099256] DEBUG - [FFMPEG] - nal_unit_type: 6(SEI), nal_ref_idc: 0
Oct 25, 2024 02:00:30.268 [548002099256] DEBUG - [FFMPEG] - nal_unit_type: 6(SEI), nal_ref_idc: 0
Oct 25, 2024 02:00:30.269 [548002099256] DEBUG - [FFMPEG] - nal_unit_type: 5(IDR), nal_ref_idc: 3
Oct 25, 2024 02:00:30.269 [548002099256] DEBUG - [FFMPEG] - Format yuv420p chosen by get_format().
Oct 25, 2024 02:00:30.275 [548002099256] DEBUG - [FFMPEG] - no picture 
Oct 25, 2024 02:00:30.320 [548002099256] DEBUG - [FFMPEG] - nal_unit_type: 6(SEI), nal_ref_idc: 0
Oct 25, 2024 02:00:30.320 [548002099256] DEBUG - [FFMPEG] - nal_unit_type: 1(Coded slice of a non-IDR picture), nal_ref_idc: 2
Oct 25, 2024 02:00:30.356 [548002099256] WARN - [FFMPEG] - No accelerated colorspace conversion found from yuv420p to rgb24.
Oct 25, 2024 02:00:30.495 [548002099256] DEBUG - Loaded memory image of size 1920x1080.
Oct 25, 2024 02:00:30.567 [548002099256] DEBUG - [FFMPEG] - nal_unit_type: 7(SPS), nal_ref_idc: 3
Oct 25, 2024 02:00:30.567 [548002099256] DEBUG - [FFMPEG] - nal_unit_type: 8(PPS), nal_ref_idc: 3
Oct 25, 2024 02:00:30.569 [548002099256] DEBUG - [FFMPEG] - nal_unit_type: 7(SPS), nal_ref_idc: 3
Oct 25, 2024 02:00:30.569 [548002099256] DEBUG - [FFMPEG] - nal_unit_type: 8(PPS), nal_ref_idc: 3
Oct 25, 2024 02:00:30.570 [548002099256] DEBUG - [FFMPEG] - nal_unit_type: 6(SEI), nal_ref_idc: 0
Oct 25, 2024 02:00:30.570 [548002099256] DEBUG - [FFMPEG] - nal_unit_type: 6(SEI), nal_ref_idc: 0
Oct 25, 2024 02:00:30.570 [548002099256] DEBUG - [FFMPEG] - nal_unit_type: 5(IDR), nal_ref_idc: 3
Oct 25, 2024 02:00:30.570 [548002099256] DEBUG - [FFMPEG] - Format yuv420p chosen by get_format().
Oct 25, 2024 02:00:30.577 [548002099256] DEBUG - [FFMPEG] - no picture 
Oct 25, 2024 02:00:30.621 [548002099256] DEBUG - [FFMPEG] - nal_unit_type: 6(SEI), nal_ref_idc: 0
Oct 25, 2024 02:00:30.622 [548002099256] DEBUG - [FFMPEG] - nal_unit_type: 1(Coded slice of a non-IDR picture), nal_ref_idc: 2
Oct 25, 2024 02:00:30.657 [548002099256] WARN - [FFMPEG] - No accelerated colorspace conversion found from yuv420p to rgb24.
Oct 25, 2024 02:00:30.792 [548002099256] DEBUG - Loaded memory image of size 1920x1080.
Oct 25, 2024 02:00:30.865 [548002099256] DEBUG - [FFMPEG] - nal_unit_type: 7(SPS), nal_ref_idc: 3
Oct 25, 2024 02:00:30.865 [548002099256] DEBUG - [FFMPEG] - nal_unit_type: 8(PPS), nal_ref_idc: 3
Oct 25, 2024 02:00:30.867 [548002099256] DEBUG - [FFMPEG] - nal_unit_type: 7(SPS), nal_ref_idc: 3
Oct 25, 2024 02:00:30.867 [548002099256] DEBUG - [FFMPEG] - nal_unit_type: 8(PPS), nal_ref_idc: 3
Oct 25, 2024 02:00:30.868 [548002099256] DEBUG - [FFMPEG] - nal_unit_type: 6(SEI), nal_ref_idc: 0
Oct 25, 2024 02:00:30.868 [548002099256] DEBUG - [FFMPEG] - nal_unit_type: 6(SEI), nal_ref_idc: 0
Oct 25, 2024 02:00:30.868 [548002099256] DEBUG - [FFMPEG] - nal_unit_type: 5(IDR), nal_ref_idc: 3
Oct 25, 2024 02:00:30.868 [548002099256] DEBUG - [FFMPEG] - Format yuv420p chosen by get_format().
Oct 25, 2024 02:00:30.874 [548002099256] DEBUG - [FFMPEG] - no picture 
Oct 25, 2024 02:00:30.904 [548002099256] DEBUG - [FFMPEG] - nal_unit_type: 6(SEI), nal_ref_idc: 0
Oct 25, 2024 02:00:30.904 [548002099256] DEBUG - [FFMPEG] - nal_unit_type: 6(SEI), nal_ref_idc: 0
Oct 25, 2024 02:00:30.904 [548002099256] DEBUG - [FFMPEG] - nal_unit_type: 5(IDR), nal_ref_idc: 3
Oct 25, 2024 02:00:30.961 [548002099256] WARN - [FFMPEG] - No accelerated colorspace conversion found from yuv420p to rgb24.
Oct 25, 2024 02:00:31.097 [548002099256] DEBUG - Loaded memory image of size 1920x1080.
Oct 25, 2024 02:00:31.169 [548002099256] DEBUG - [MI] Closing input file: "/movies/Los hombres lobo (2024).mkv"
Oct 25, 2024 02:00:31.171 [548002099256] DEBUG - [MI] Opening input file: "/movies/Los hombres lobo (2024).mkv"
Oct 25, 2024 02:00:31.171 [548002099256] DEBUG - [FFMPEG] - Opening '/movies/Los hombres lobo (2024).mkv' for reading
Oct 25, 2024 02:00:31.171 [548002099256] DEBUG - [FFMPEG] - Setting default whitelist 'file,crypto,data'
Oct 25, 2024 02:00:31.172 [548002099256] DEBUG - [FFMPEG] - Format matroska,webm probed with size=2048 and score=100
Oct 25, 2024 02:00:31.172 [548002099256] DEBUG - [FFMPEG] - Unknown entry 0x22B59D at pos. 4423
Oct 25, 2024 02:00:31.172 [548002099256] DEBUG - [FFMPEG] - Unknown entry 0x22B59D at pos. 4500
Oct 25, 2024 02:00:31.172 [548002099256] DEBUG - [FFMPEG] - Unknown entry 0x22B59D at pos. 4578
Oct 25, 2024 02:00:31.172 [548002099256] DEBUG - [FFMPEG] - Unknown entry 0x22B59D at pos. 4658
Oct 25, 2024 02:00:31.172 [548002099256] DEBUG - [FFMPEG] - Unknown entry 0x22B59D at pos. 4719
Oct 25, 2024 02:00:31.172 [548002099256] DEBUG - [FFMPEG] - Unknown entry 0x22B59D at pos. 4781
Oct 25, 2024 02:00:31.172 [548002099256] DEBUG - [FFMPEG] - Unknown entry 0x22B59D at pos. 4842
Oct 25, 2024 02:00:31.172 [548002099256] DEBUG - [FFMPEG] - Unknown entry 0x22B59D at pos. 4896
Oct 25, 2024 02:00:31.172 [548002099256] DEBUG - [FFMPEG] - Unknown entry 0x22B59D at pos. 4963
Oct 25, 2024 02:00:31.172 [548002099256] DEBUG - [FFMPEG] - Unknown entry 0x437D at pos. 80702
Oct 25, 2024 02:00:31.172 [548002099256] DEBUG - [FFMPEG] - Unknown entry 0x437D at pos. 80745
Oct 25, 2024 02:00:31.172 [548002099256] DEBUG - [FFMPEG] - st:0 removing common factor 1000000 from timebase
Oct 25, 2024 02:00:31.172 [548002099256] DEBUG - [FFMPEG] - st:1 removing common factor 1000000 from timebase
Oct 25, 2024 02:00:31.172 [548002099256] DEBUG - [FFMPEG] - st:2 removing common factor 1000000 from timebase
Oct 25, 2024 02:00:31.172 [548002099256] DEBUG - [FFMPEG] - st:3 removing common factor 1000000 from timebase
Oct 25, 2024 02:00:31.172 [548002099256] DEBUG - [FFMPEG] - st:4 removing common factor 1000000 from timebase
Oct 25, 2024 02:00:31.172 [548002099256] DEBUG - [FFMPEG] - st:5 removing common factor 1000000 from timebase
Oct 25, 2024 02:00:31.172 [548002099256] DEBUG - [FFMPEG] - st:6 removing common factor 1000000 from timebase
Oct 25, 2024 02:00:31.172 [548002099256] DEBUG - [FFMPEG] - st:7 removing common factor 1000000 from timebase
Oct 25, 2024 02:00:31.172 [548002099256] DEBUG - [FFMPEG] - st:8 removing common factor 1000000 from timebase
Oct 25, 2024 02:00:31.172 [548002099256] DEBUG - [FFMPEG] - Before avformat_find_stream_info() pos: 80857 bytes read:116312 seeks:2 nb_streams:10
Oct 25, 2024 02:00:31.174 [548002099256] DEBUG - [FFMPEG] - nal_unit_type: 7(SPS), nal_ref_idc: 3
Oct 25, 2024 02:00:31.174 [548002099256] DEBUG - [FFMPEG] - nal_unit_type: 8(PPS), nal_ref_idc: 3
Oct 25, 2024 02:00:31.174 [548002099256] DEBUG - [FFMPEG] - marker=d8 avail_size_in_buf=74354
Oct 25, 2024 02:00:31.174 [548002099256] DEBUG - [FFMPEG] - marker parser used 0 bytes (0 bits)
Oct 25, 2024 02:00:31.174 [548002099256] DEBUG - [FFMPEG] - marker=db avail_size_in_buf=74352
Oct 25, 2024 02:00:31.174 [548002099256] DEBUG - [FFMPEG] - index=0
Oct 25, 2024 02:00:31.174 [548002099256] DEBUG - [FFMPEG] - qscale[0]: 0
Oct 25, 2024 02:00:31.174 [548002099256] DEBUG - [FFMPEG] - marker parser used 67 bytes (536 bits)
Oct 25, 2024 02:00:31.174 [548002099256] DEBUG - [FFMPEG] - marker=db avail_size_in_buf=74283
Oct 25, 2024 02:00:31.174 [548002099256] DEBUG - [FFMPEG] - index=1
Oct 25, 2024 02:00:31.174 [548002099256] DEBUG - [FFMPEG] - qscale[1]: 1
Oct 25, 2024 02:00:31.174 [548002099256] DEBUG - [FFMPEG] - marker parser used 67 bytes (536 bits)
Oct 25, 2024 02:00:31.174 [548002099256] DEBUG - [FFMPEG] - marker=c0 avail_size_in_buf=74214
Oct 25, 2024 02:00:31.174 [548002099256] DEBUG - [FFMPEG] - Changing bps from 0 to 8
Oct 25, 2024 02:00:31.174 [548002099256] DEBUG - [FFMPEG] - sof0: picture: 305x452
Oct 25, 2024 02:00:31.174 [548002099256] DEBUG - [FFMPEG] - component 0 2:2 id: 0 quant:0
Oct 25, 2024 02:00:31.174 [548002099256] DEBUG - [FFMPEG] - component 1 1:1 id: 1 quant:1
Oct 25, 2024 02:00:31.174 [548002099256] DEBUG - [FFMPEG] - component 2 1:1 id: 2 quant:1
Oct 25, 2024 02:00:31.174 [548002099256] DEBUG - [FFMPEG] - pix fmt id 22111100
Oct 25, 2024 02:00:31.174 [548002099256] DEBUG - [FFMPEG] - Format yuvj420p chosen by get_format().
Oct 25, 2024 02:00:31.174 [548002099256] DEBUG - [FFMPEG] - marker parser used 17 bytes (136 bits)
Oct 25, 2024 02:00:31.174 [548002099256] DEBUG - [FFMPEG] - marker=c4 avail_size_in_buf=74195
Oct 25, 2024 02:00:31.174 [548002099256] DEBUG - [FFMPEG] - marker parser used 0 bytes (0 bits)
Oct 25, 2024 02:00:31.174 [548002099256] DEBUG - [FFMPEG] - marker=c4 avail_size_in_buf=74163
Oct 25, 2024 02:00:31.174 [548002099256] DEBUG - [FFMPEG] - marker parser used 0 bytes (0 bits)
Oct 25, 2024 02:00:31.174 [548002099256] DEBUG - [FFMPEG] - marker=c4 avail_size_in_buf=74075
Oct 25, 2024 02:00:31.174 [548002099256] DEBUG - [FFMPEG] - marker parser used 0 bytes (0 bits)
Oct 25, 2024 02:00:31.174 [548002099256] DEBUG - [FFMPEG] - marker=c4 avail_size_in_buf=74044
Oct 25, 2024 02:00:31.174 [548002099256] DEBUG - [FFMPEG] - marker parser used 0 bytes (0 bits)
Oct 25, 2024 02:00:31.175 [548002099256] DEBUG - [FFMPEG] - escaping removed 274 bytes
Oct 25, 2024 02:00:31.175 [548002099256] DEBUG - [FFMPEG] - marker=da avail_size_in_buf=73980
Oct 25, 2024 02:00:31.175 [548002099256] DEBUG - [FFMPEG] - marker parser used 73706 bytes (589648 bits)
Oct 25, 2024 02:00:31.175 [548002099256] DEBUG - [FFMPEG] - marker=d9 avail_size_in_buf=0
Oct 25, 2024 02:00:31.175 [548002099256] DEBUG - [FFMPEG] - decode frame unused 0 bytes
Oct 25, 2024 02:00:31.175 [548002099256] DEBUG - [FFMPEG] - nal_unit_type: 7(SPS), nal_ref_idc: 3
Oct 25, 2024 02:00:31.175 [548002099256] DEBUG - [FFMPEG] - nal_unit_type: 8(PPS), nal_ref_idc: 3
Oct 25, 2024 02:00:31.175 [548002099256] DEBUG - [FFMPEG] - nal_unit_type: 6(SEI), nal_ref_idc: 0
Oct 25, 2024 02:00:31.175 [548002099256] DEBUG - [FFMPEG] - nal_unit_type: 6(SEI), nal_ref_idc: 0
Oct 25, 2024 02:00:31.175 [548002099256] DEBUG - [FFMPEG] - nal_unit_type: 6(SEI), nal_ref_idc: 0
Oct 25, 2024 02:00:31.175 [548002099256] DEBUG - [FFMPEG] - nal_unit_type: 5(IDR), nal_ref_idc: 3
Oct 25, 2024 02:00:31.175 [548002099256] DEBUG - [FFMPEG] - Format yuv420p chosen by get_format().
Oct 25, 2024 02:00:31.181 [548002099256] DEBUG - [FFMPEG] - no picture 
Oct 25, 2024 02:00:31.188 [548002099256] DEBUG - [FFMPEG] - nal_unit_type: 6(SEI), nal_ref_idc: 0
Oct 25, 2024 02:00:31.188 [548002099256] DEBUG - [FFMPEG] - nal_unit_type: 1(Coded slice of a non-IDR picture), nal_ref_idc: 2
Oct 25, 2024 02:00:31.198 [548002099256] DEBUG - [FFMPEG] - nal_unit_type: 6(SEI), nal_ref_idc: 0
Oct 25, 2024 02:00:31.198 [548002099256] DEBUG - [FFMPEG] - nal_unit_type: 1(Coded slice of a non-IDR picture), nal_ref_idc: 0
Oct 25, 2024 02:00:31.214 [548002099256] DEBUG - [FFMPEG] - nal_unit_type: 6(SEI), nal_ref_idc: 0
Oct 25, 2024 02:00:31.214 [548002099256] DEBUG - [FFMPEG] - nal_unit_type: 1(Coded slice of a non-IDR picture), nal_ref_idc: 0
Oct 25, 2024 02:00:31.229 [548002099256] DEBUG - [FFMPEG] - nal_unit_type: 6(SEI), nal_ref_idc: 0
Oct 25, 2024 02:00:31.229 [548002099256] DEBUG - [FFMPEG] - nal_unit_type: 1(Coded slice of a non-IDR picture), nal_ref_idc: 2
Oct 25, 2024 02:00:31.235 [548002099256] DEBUG - [FFMPEG] - nal_unit_type: 6(SEI), nal_ref_idc: 0
Oct 25, 2024 02:00:31.235 [548002099256] DEBUG - [FFMPEG] - nal_unit_type: 1(Coded slice of a non-IDR picture), nal_ref_idc: 0
Oct 25, 2024 02:00:31.246 [548002099256] DEBUG - [FFMPEG] - nal_unit_type: 6(SEI), nal_ref_idc: 0
Oct 25, 2024 02:00:31.246 [548002099256] DEBUG - [FFMPEG] - nal_unit_type: 1(Coded slice of a non-IDR picture), nal_ref_idc: 0
Oct 25, 2024 02:00:31.262 [548002099256] DEBUG - [FFMPEG] - nal_unit_type: 6(SEI), nal_ref_idc: 0
Oct 25, 2024 02:00:31.262 [548002099256] DEBUG - [FFMPEG] - nal_unit_type: 1(Coded slice of a non-IDR picture), nal_ref_idc: 2
Oct 25, 2024 02:00:31.268 [548002099256] DEBUG - [FFMPEG] - All info found
Oct 25, 2024 02:00:31.271 [548002099256] DEBUG - [FFMPEG] - After avformat_find_stream_info() pos: 164896 bytes read:214616 seeks:2 frames:40
Oct 25, 2024 02:00:31.271 [548002099256] DEBUG - Creating /config/Library/Application Support/Plex Media Server/Media/localhost/6/9fd1ba27aaccac0eaf824d675cd9bd3f6aeeb04.bundle/Contents/Art/art1.jpg (50.0%, 1280x720).
Oct 25, 2024 02:00:31.273 [548002099256] DEBUG - [FFMPEG] - nal_unit_type: 7(SPS), nal_ref_idc: 3
Oct 25, 2024 02:00:31.273 [548002099256] DEBUG - [FFMPEG] - nal_unit_type: 8(PPS), nal_ref_idc: 3
Oct 25, 2024 02:00:31.291 [548002099256] DEBUG - [FFMPEG] - nal_unit_type: 7(SPS), nal_ref_idc: 3
Oct 25, 2024 02:00:31.291 [548002099256] DEBUG - [FFMPEG] - nal_unit_type: 8(PPS), nal_ref_idc: 3
Oct 25, 2024 02:00:31.292 [548002099256] DEBUG - [FFMPEG] - nal_unit_type: 6(SEI), nal_ref_idc: 0
Oct 25, 2024 02:00:31.292 [548002099256] DEBUG - [FFMPEG] - nal_unit_type: 6(SEI), nal_ref_idc: 0
Oct 25, 2024 02:00:31.293 [548002099256] DEBUG - [FFMPEG] - nal_unit_type: 5(IDR), nal_ref_idc: 3
Oct 25, 2024 02:00:31.293 [548002099256] DEBUG - [FFMPEG] - Format yuv420p chosen by get_format().
Oct 25, 2024 02:00:31.299 [548002099256] DEBUG - [FFMPEG] - no picture 
Oct 25, 2024 02:00:31.343 [548002099256] DEBUG - [FFMPEG] - nal_unit_type: 6(SEI), nal_ref_idc: 0
Oct 25, 2024 02:00:31.343 [548002099256] DEBUG - [FFMPEG] - nal_unit_type: 1(Coded slice of a non-IDR picture), nal_ref_idc: 2
Oct 25, 2024 02:00:31.376 [548002099256] WARN - [FFMPEG] - No accelerated colorspace conversion found from yuv420p to rgb24.
Oct 25, 2024 02:00:31.513 [548002099256] DEBUG - Loaded memory image of size 1920x1080.
Oct 25, 2024 02:00:31.691 [548002099256] DEBUG - [FFMPEG] - nal_unit_type: 7(SPS), nal_ref_idc: 3
Oct 25, 2024 02:00:31.691 [548002099256] DEBUG - [FFMPEG] - nal_unit_type: 8(PPS), nal_ref_idc: 3
Oct 25, 2024 02:00:31.692 [548002099256] DEBUG - [FFMPEG] - nal_unit_type: 7(SPS), nal_ref_idc: 3
Oct 25, 2024 02:00:31.692 [548002099256] DEBUG - [FFMPEG] - nal_unit_type: 8(PPS), nal_ref_idc: 3
Oct 25, 2024 02:00:31.693 [548002099256] DEBUG - [FFMPEG] - nal_unit_type: 6(SEI), nal_ref_idc: 0
Oct 25, 2024 02:00:31.693 [548002099256] DEBUG - [FFMPEG] - nal_unit_type: 6(SEI), nal_ref_idc: 0
Oct 25, 2024 02:00:31.693 [548002099256] DEBUG - [FFMPEG] - nal_unit_type: 5(IDR), nal_ref_idc: 3
Oct 25, 2024 02:00:31.693 [548002099256] DEBUG - [FFMPEG] - Format yuv420p chosen by get_format().
Oct 25, 2024 02:00:31.699 [548002099256] DEBUG - [FFMPEG] - no picture 
Oct 25, 2024 02:00:31.743 [548002099256] DEBUG - [FFMPEG] - nal_unit_type: 6(SEI), nal_ref_idc: 0
Oct 25, 2024 02:00:31.743 [548002099256] DEBUG - [FFMPEG] - nal_unit_type: 1(Coded slice of a non-IDR picture), nal_ref_idc: 2
Oct 25, 2024 02:00:31.778 [548002099256] WARN - [FFMPEG] - No accelerated colorspace conversion found from yuv420p to rgb24.
Oct 25, 2024 02:00:31.913 [548002099256] DEBUG - Loaded memory image of size 1920x1080.
Oct 25, 2024 02:00:32.064 [548002099256] DEBUG - [FFMPEG] - nal_unit_type: 7(SPS), nal_ref_idc: 3
Oct 25, 2024 02:00:32.064 [548002099256] DEBUG - [FFMPEG] - nal_unit_type: 8(PPS), nal_ref_idc: 3
Oct 25, 2024 02:00:32.064 [548002099256] DEBUG - [FFMPEG] - nal_unit_type: 7(SPS), nal_ref_idc: 3
Oct 25, 2024 02:00:32.064 [548002099256] DEBUG - [FFMPEG] - nal_unit_type: 8(PPS), nal_ref_idc: 3
Oct 25, 2024 02:00:32.065 [548002099256] DEBUG - [FFMPEG] - nal_unit_type: 6(SEI), nal_ref_idc: 0
Oct 25, 2024 02:00:32.065 [548002099256] DEBUG - [FFMPEG] - nal_unit_type: 6(SEI), nal_ref_idc: 0
Oct 25, 2024 02:00:32.065 [548002099256] DEBUG - [FFMPEG] - nal_unit_type: 5(IDR), nal_ref_idc: 3
Oct 25, 2024 02:00:32.065 [548002099256] DEBUG - [FFMPEG] - Format yuv420p chosen by get_format().
Oct 25, 2024 02:00:32.071 [548002099256] DEBUG - [FFMPEG] - no picture 
Oct 25, 2024 02:00:32.100 [548002099256] DEBUG - [FFMPEG] - nal_unit_type: 6(SEI), nal_ref_idc: 0
Oct 25, 2024 02:00:32.100 [548002099256] DEBUG - [FFMPEG] - nal_unit_type: 6(SEI), nal_ref_idc: 0
Oct 25, 2024 02:00:32.101 [548002099256] DEBUG - [FFMPEG] - nal_unit_type: 5(IDR), nal_ref_idc: 3
Oct 25, 2024 02:00:32.160 [548002099256] WARN - [FFMPEG] - No accelerated colorspace conversion found from yuv420p to rgb24.
Oct 25, 2024 02:00:32.295 [548002099256] DEBUG - Loaded memory image of size 1920x1080.
Oct 25, 2024 02:00:32.472 [548002099256] DEBUG - [MI] Closing input file: "/movies/Los hombres lobo (2024).mkv"
Oct 25, 2024 02:00:32.476 [548002099256] DEBUG - Downloading document http://127.0.0.1:32400/library/changestamp
Oct 25, 2024 02:00:32.476 [548002099256] DEBUG - [HCl#3] HTTP requesting GET http://127.0.0.1:32400/library/changestamp
Oct 25, 2024 02:00:32.477 [547905777144] DEBUG - [HttpClient/HCl#3] HTTP/1.1 (0.0s) 200 response from GET http://127.0.0.1:32400/library/changestamp (reused)
Oct 25, 2024 02:00:32.478 [548002099256] DEBUG - Updating metadata item (save) (Loups-Garous) with ID 1057
Oct 25, 2024 02:00:32.481 [547905924600] DEBUG - [HCl#4] HTTP requesting GET http://127.0.0.1:32400/:/metadata/notify/changeItemState?librarySectionID=1&metadataItemID=1057&metadataType=1&state=-1&parentID=-1&rootID=-1&mediaState=idle
Oct 25, 2024 02:00:32.482 [547905777144] DEBUG - [HttpClient/HCl#4] HTTP/1.1 (0.0s) 200 response from GET http://127.0.0.1:32400/:/metadata/notify/changeItemState?librarySectionID=1&metadataItemID=1057&metadataType=1&state=-1&parentID=-1&rootID=-1&mediaState=idle (reused)
Oct 25, 2024 02:00:32.497 [548002099256] DEBUG - Analyzing media parts for item 1056 (LEGO Marvel Avengers: Mission Demolition): 1960
Oct 25, 2024 02:00:32.498 [548002099256] DEBUG - [ID 2168] Media part analysis: /movies/LEGO Marvel Avengers Mision demolicion (2024).mkv
Oct 25, 2024 02:00:32.498 [548002099256] DEBUG - [MI] Opening input file: "/movies/LEGO Marvel Avengers Mision demolicion (2024).mkv"
Oct 25, 2024 02:00:32.498 [548002099256] DEBUG - [FFMPEG] - Opening '/movies/LEGO Marvel Avengers Mision demolicion (2024).mkv' for reading
Oct 25, 2024 02:00:32.498 [548002099256] DEBUG - [FFMPEG] - Setting default whitelist 'file,crypto,data'
Oct 25, 2024 02:00:32.499 [548002099256] DEBUG - [FFMPEG] - Format matroska,webm probed with size=2048 and score=100
Oct 25, 2024 02:00:32.499 [548002099256] DEBUG - [FFMPEG] - Unknown entry 0x22B59D at pos. 4426
Oct 25, 2024 02:00:32.499 [548002099256] DEBUG - [FFMPEG] - Unknown entry 0x22B59D at pos. 4530
Oct 25, 2024 02:00:32.499 [548002099256] DEBUG - [FFMPEG] - Unknown entry 0x22B59D at pos. 4601
Oct 25, 2024 02:00:32.499 [548002099256] DEBUG - [FFMPEG] - Unknown entry 0x22B59D at pos. 4680
Oct 25, 2024 02:00:32.499 [548002099256] DEBUG - [FFMPEG] - Unknown entry 0x22B59D at pos. 4741
Oct 25, 2024 02:00:32.499 [548002099256] DEBUG - [FFMPEG] - Unknown entry 0x22B59D at pos. 4802
Oct 25, 2024 02:00:32.499 [548002099256] DEBUG - [FFMPEG] - Unknown entry 0x437D at pos. 100040
Oct 25, 2024 02:00:32.499 [548002099256] DEBUG - [FFMPEG] - st:0 removing common factor 1000000 from timebase
Oct 25, 2024 02:00:32.499 [548002099256] DEBUG - [FFMPEG] - st:1 removing common factor 1000000 from timebase
Oct 25, 2024 02:00:32.499 [548002099256] DEBUG - [FFMPEG] - st:2 removing common factor 1000000 from timebase
Oct 25, 2024 02:00:32.499 [548002099256] DEBUG - [FFMPEG] - st:3 removing common factor 1000000 from timebase
Oct 25, 2024 02:00:32.499 [548002099256] DEBUG - [FFMPEG] - st:4 removing common factor 1000000 from timebase
Oct 25, 2024 02:00:32.500 [548002099256] DEBUG - [FFMPEG] - st:5 removing common factor 1000000 from timebase
Oct 25, 2024 02:00:32.500 [548002099256] DEBUG - [FFMPEG] - Before avformat_find_stream_info() pos: 100152 bytes read:134672 seeks:2 nb_streams:7
Oct 25, 2024 02:00:32.501 [548002099256] DEBUG - [FFMPEG] - nal_unit_type: 7(SPS), nal_ref_idc: 3
Oct 25, 2024 02:00:32.501 [548002099256] DEBUG - [FFMPEG] - nal_unit_type: 8(PPS), nal_ref_idc: 3
Oct 25, 2024 02:00:32.502 [548002099256] DEBUG - [FFMPEG] - marker=d8 avail_size_in_buf=93900
Oct 25, 2024 02:00:32.502 [548002099256] DEBUG - [FFMPEG] - marker parser used 0 bytes (0 bits)
Oct 25, 2024 02:00:32.502 [548002099256] DEBUG - [FFMPEG] - marker=db avail_size_in_buf=93898
Oct 25, 2024 02:00:32.502 [548002099256] DEBUG - [FFMPEG] - index=0
Oct 25, 2024 02:00:32.502 [548002099256] DEBUG - [FFMPEG] - qscale[0]: 0
Oct 25, 2024 02:00:32.502 [548002099256] DEBUG - [FFMPEG] - marker parser used 67 bytes (536 bits)
Oct 25, 2024 02:00:32.502 [548002099256] DEBUG - [FFMPEG] - marker=db avail_size_in_buf=93829
Oct 25, 2024 02:00:32.502 [548002099256] DEBUG - [FFMPEG] - index=1
Oct 25, 2024 02:00:32.502 [548002099256] DEBUG - [FFMPEG] - qscale[1]: 1
Oct 25, 2024 02:00:32.502 [548002099256] DEBUG - [FFMPEG] - marker parser used 67 bytes (536 bits)
Oct 25, 2024 02:00:32.502 [548002099256] DEBUG - [FFMPEG] - marker=c0 avail_size_in_buf=93760
Oct 25, 2024 02:00:32.502 [548002099256] DEBUG - [FFMPEG] - Changing bps from 0 to 8
Oct 25, 2024 02:00:32.502 [548002099256] DEBUG - [FFMPEG] - sof0: picture: 305x452
Oct 25, 2024 02:00:32.502 [548002099256] DEBUG - [FFMPEG] - component 0 2:2 id: 0 quant:0
Oct 25, 2024 02:00:32.502 [548002099256] DEBUG - [FFMPEG] - component 1 1:1 id: 1 quant:1
Oct 25, 2024 02:00:32.502 [548002099256] DEBUG - [FFMPEG] - component 2 1:1 id: 2 quant:1
Oct 25, 2024 02:00:32.502 [548002099256] DEBUG - [FFMPEG] - pix fmt id 22111100
Oct 25, 2024 02:00:32.502 [548002099256] DEBUG - [FFMPEG] - Format yuvj420p chosen by get_format().
Oct 25, 2024 02:00:32.502 [548002099256] DEBUG - [FFMPEG] - marker parser used 17 bytes (136 bits)
Oct 25, 2024 02:00:32.502 [548002099256] DEBUG - [FFMPEG] - marker=c4 avail_size_in_buf=93741
Oct 25, 2024 02:00:32.502 [548002099256] DEBUG - [FFMPEG] - marker parser used 0 bytes (0 bits)
Oct 25, 2024 02:00:32.502 [548002099256] DEBUG - [FFMPEG] - marker=c4 avail_size_in_buf=93709
Oct 25, 2024 02:00:32.502 [548002099256] DEBUG - [FFMPEG] - marker parser used 0 bytes (0 bits)
Oct 25, 2024 02:00:32.502 [548002099256] DEBUG - [FFMPEG] - marker=c4 avail_size_in_buf=93611
Oct 25, 2024 02:00:32.502 [548002099256] DEBUG - [FFMPEG] - marker parser used 0 bytes (0 bits)
Oct 25, 2024 02:00:32.502 [548002099256] DEBUG - [FFMPEG] - marker=c4 avail_size_in_buf=93580
Oct 25, 2024 02:00:32.502 [548002099256] DEBUG - [FFMPEG] - marker parser used 0 bytes (0 bits)
Oct 25, 2024 02:00:32.502 [548002099256] DEBUG - [FFMPEG] - escaping removed 281 bytes
Oct 25, 2024 02:00:32.502 [548002099256] DEBUG - [FFMPEG] - marker=da avail_size_in_buf=93501
Oct 25, 2024 02:00:32.502 [548002099256] DEBUG - [FFMPEG] - marker parser used 93220 bytes (745760 bits)
Oct 25, 2024 02:00:32.502 [548002099256] DEBUG - [FFMPEG] - marker=d9 avail_size_in_buf=0
Oct 25, 2024 02:00:32.502 [548002099256] DEBUG - [FFMPEG] - decode frame unused 0 bytes
Oct 25, 2024 02:00:32.502 [548002099256] DEBUG - [FFMPEG] - nal_unit_type: 7(SPS), nal_ref_idc: 3
Oct 25, 2024 02:00:32.502 [548002099256] DEBUG - [FFMPEG] - nal_unit_type: 8(PPS), nal_ref_idc: 3
Oct 25, 2024 02:00:32.502 [548002099256] DEBUG - [FFMPEG] - ct_type:1 pic_struct:0
Oct 25, 2024 02:00:32.503 [548002099256] DEBUG - [FFMPEG] - nal_unit_type: 6(SEI), nal_ref_idc: 0
Oct 25, 2024 02:00:32.503 [548002099256] DEBUG - [FFMPEG] - nal_unit_type: 6(SEI), nal_ref_idc: 0
Oct 25, 2024 02:00:32.503 [548002099256] DEBUG - [FFMPEG] - nal_unit_type: 5(IDR), nal_ref_idc: 3
Oct 25, 2024 02:00:32.503 [548002099256] DEBUG - [FFMPEG] - Format yuv420p chosen by get_format().
Oct 25, 2024 02:00:32.509 [548002099256] DEBUG - [FFMPEG] - ct_type:1 pic_struct:0
Oct 25, 2024 02:00:32.509 [548002099256] DEBUG - [FFMPEG] - no picture 
Oct 25, 2024 02:00:32.515 [548002099256] DEBUG - [FFMPEG] - ct_type:1 pic_struct:0
Oct 25, 2024 02:00:32.515 [548002099256] DEBUG - [FFMPEG] - nal_unit_type: 6(SEI), nal_ref_idc: 0
Oct 25, 2024 02:00:32.515 [548002099256] DEBUG - [FFMPEG] - nal_unit_type: 1(Coded slice of a non-IDR picture), nal_ref_idc: 2
Oct 25, 2024 02:00:32.520 [548002099256] DEBUG - [FFMPEG] - ct_type:1 pic_struct:0
Oct 25, 2024 02:00:32.520 [548002099256] DEBUG - [FFMPEG] - no picture 
Oct 25, 2024 02:00:32.526 [548002099256] DEBUG - [FFMPEG] - ct_type:1 pic_struct:0
Oct 25, 2024 02:00:32.526 [548002099256] DEBUG - [FFMPEG] - nal_unit_type: 6(SEI), nal_ref_idc: 0
Oct 25, 2024 02:00:32.526 [548002099256] DEBUG - [FFMPEG] - nal_unit_type: 1(Coded slice of a non-IDR picture), nal_ref_idc: 2
Oct 25, 2024 02:00:32.531 [548002099256] DEBUG - [FFMPEG] - ct_type:1 pic_struct:0
Oct 25, 2024 02:00:32.539 [548002099256] DEBUG - [FFMPEG] - ct_type:1 pic_struct:0
Oct 25, 2024 02:00:32.539 [548002099256] DEBUG - [FFMPEG] - nal_unit_type: 6(SEI), nal_ref_idc: 0
Oct 25, 2024 02:00:32.539 [548002099256] DEBUG - [FFMPEG] - nal_unit_type: 1(Coded slice of a non-IDR picture), nal_ref_idc: 0
Oct 25, 2024 02:00:32.544 [548002099256] DEBUG - [FFMPEG] - ct_type:1 pic_struct:0
Oct 25, 2024 02:00:32.553 [548002099256] DEBUG - [FFMPEG] - ct_type:1 pic_struct:0
Oct 25, 2024 02:00:32.553 [548002099256] DEBUG - [FFMPEG] - nal_unit_type: 6(SEI), nal_ref_idc: 0
Oct 25, 2024 02:00:32.553 [548002099256] DEBUG - [FFMPEG] - nal_unit_type: 1(Coded slice of a non-IDR picture), nal_ref_idc: 0
Oct 25, 2024 02:00:32.557 [548002099256] DEBUG - [FFMPEG] - ct_type:1 pic_struct:0
Oct 25, 2024 02:00:32.568 [548002099256] DEBUG - [FFMPEG] - ct_type:1 pic_struct:0
Oct 25, 2024 02:00:32.568 [548002099256] DEBUG - [FFMPEG] - nal_unit_type: 6(SEI), nal_ref_idc: 0
Oct 25, 2024 02:00:32.568 [548002099256] DEBUG - [FFMPEG] - nal_unit_type: 1(Coded slice of a non-IDR picture), nal_ref_idc: 2
Oct 25, 2024 02:00:32.568 [548002099256] DEBUG - [FFMPEG] - ct_type:1 pic_struct:0
Oct 25, 2024 02:00:32.574 [548002099256] DEBUG - [FFMPEG] - ct_type:1 pic_struct:0
Oct 25, 2024 02:00:32.574 [548002099256] DEBUG - [FFMPEG] - nal_unit_type: 6(SEI), nal_ref_idc: 0
Oct 25, 2024 02:00:32.574 [548002099256] DEBUG - [FFMPEG] - nal_unit_type: 1(Coded slice of a non-IDR picture), nal_ref_idc: 2
Oct 25, 2024 02:00:32.574 [548002099256] DEBUG - [FFMPEG] - ct_type:1 pic_struct:0
Oct 25, 2024 02:00:32.583 [548002099256] DEBUG - [FFMPEG] - ct_type:1 pic_struct:0
Oct 25, 2024 02:00:32.583 [548002099256] DEBUG - [FFMPEG] - nal_unit_type: 6(SEI), nal_ref_idc: 0
Oct 25, 2024 02:00:32.583 [548002099256] DEBUG - [FFMPEG] - nal_unit_type: 1(Coded slice of a non-IDR picture), nal_ref_idc: 0
Oct 25, 2024 02:00:32.583 [548002099256] DEBUG - [FFMPEG] - ct_type:1 pic_struct:0
Oct 25, 2024 02:00:32.592 [548002099256] DEBUG - [FFMPEG] - ct_type:1 pic_struct:0
Oct 25, 2024 02:00:32.592 [548002099256] DEBUG - [FFMPEG] - nal_unit_type: 6(SEI), nal_ref_idc: 0
Oct 25, 2024 02:00:32.592 [548002099256] DEBUG - [FFMPEG] - nal_unit_type: 1(Coded slice of a non-IDR picture), nal_ref_idc: 0
Oct 25, 2024 02:00:32.592 [548002099256] DEBUG - [FFMPEG] - ct_type:1 pic_struct:0
Oct 25, 2024 02:00:32.601 [548002099256] DEBUG - [FFMPEG] - ct_type:1 pic_struct:0
Oct 25, 2024 02:00:32.601 [548002099256] DEBUG - [FFMPEG] - All info found
Oct 25, 2024 02:00:32.605 [548002099256] DEBUG - [FFMPEG] - After avformat_find_stream_info() pos: 134273 bytes read:200208 seeks:2 frames:41
Oct 25, 2024 02:00:32.605 [548002099256] DEBUG - [MI]  * 332f0e9f12022ab42ff27ab26b583e9a1fa785d6 [mkv h264/eac3] Duration: 2411680ms, 1920x1080 (1.777778) 24.000fps, bitrate=7006kbps, audio channels=6, optimizedForStreaming=0 ("/movies/LEGO Marvel Avengers Mision demolicion (2024).mkv")
Oct 25, 2024 02:00:32.605 [548002099256] DEBUG - [MI] Importing 1 media chapters.
Oct 25, 2024 02:00:32.607 [548002099256] DEBUG - [MI] Closing input file: "/movies/LEGO Marvel Avengers Mision demolicion (2024).mkv"
Oct 25, 2024 02:00:32.608 [548002099256] DEBUG - Committing media stream changes for part 2168
Oct 25, 2024 02:00:32.610 [548002099256] DEBUG - Updating media item 1960, size=2112050745, metadata_item_id=1056
Oct 25, 2024 02:00:32.610 [548002099256] DEBUG - Updating part with ID=2168 [/movies/LEGO Marvel Avengers Mision demolicion (2024).mkv]
Oct 25, 2024 02:00:32.610 [547905924600] DEBUG - [HCl#5] HTTP requesting GET http://127.0.0.1:32400/:/metadata/notify/changeItemState?librarySectionID=1&metadataItemID=1056&metadataType=1&state=-1&parentID=-1&rootID=-1&mediaState=analyzing
Oct 25, 2024 02:00:32.611 [547905777144] DEBUG - [HttpClient/HCl#5] HTTP/1.1 (0.0s) 200 response from GET http://127.0.0.1:32400/:/metadata/notify/changeItemState?librarySectionID=1&metadataItemID=1056&metadataType=1&state=-1&parentID=-1&rootID=-1&mediaState=analyzing (reused)
Oct 25, 2024 02:00:32.611 [547905924600] DEBUG - [HCl#6] HTTP requesting GET http://127.0.0.1:32400/:/metadata/notify/changeItemState?librarySectionID=1&metadataItemID=1056&metadataType=1&state=-1&parentID=-1&rootID=-1&mediaState=thumbnailing
Oct 25, 2024 02:00:32.611 [548002099256] DEBUG - [MI] Opening input file: "/movies/LEGO Marvel Avengers Mision demolicion (2024).mkv"
Oct 25, 2024 02:00:32.612 [548002099256] DEBUG - [FFMPEG] - Opening '/movies/LEGO Marvel Avengers Mision demolicion (2024).mkv' for reading
Oct 25, 2024 02:00:32.612 [548002099256] DEBUG - [FFMPEG] - Setting default whitelist 'file,crypto,data'
Oct 25, 2024 02:00:32.612 [548002099256] DEBUG - [FFMPEG] - Format matroska,webm probed with size=2048 and score=100
Oct 25, 2024 02:00:32.612 [548002099256] DEBUG - [FFMPEG] - Unknown entry 0x22B59D at pos. 4426
Oct 25, 2024 02:00:32.612 [548002099256] DEBUG - [FFMPEG] - Unknown entry 0x22B59D at pos. 4530
Oct 25, 2024 02:00:32.612 [548002099256] DEBUG - [FFMPEG] - Unknown entry 0x22B59D at pos. 4601
Oct 25, 2024 02:00:32.612 [548002099256] DEBUG - [FFMPEG] - Unknown entry 0x22B59D at pos. 4680
Oct 25, 2024 02:00:32.612 [548002099256] DEBUG - [FFMPEG] - Unknown entry 0x22B59D at pos. 4741
Oct 25, 2024 02:00:32.612 [548002099256] DEBUG - [FFMPEG] - Unknown entry 0x22B59D at pos. 4802
Oct 25, 2024 02:00:32.613 [548002099256] DEBUG - [FFMPEG] - Unknown entry 0x437D at pos. 100040
Oct 25, 2024 02:00:32.613 [548002099256] DEBUG - [FFMPEG] - st:0 removing common factor 1000000 from timebase
Oct 25, 2024 02:00:32.613 [548002099256] DEBUG - [FFMPEG] - st:1 removing common factor 1000000 from timebase
Oct 25, 2024 02:00:32.613 [548002099256] DEBUG - [FFMPEG] - st:2 removing common factor 1000000 from timebase
Oct 25, 2024 02:00:32.613 [548002099256] DEBUG - [FFMPEG] - st:3 removing common factor 1000000 from timebase
Oct 25, 2024 02:00:32.613 [548002099256] DEBUG - [FFMPEG] - st:4 removing common factor 1000000 from timebase
Oct 25, 2024 02:00:32.613 [548002099256] DEBUG - [FFMPEG] - st:5 removing common factor 1000000 from timebase
Oct 25, 2024 02:00:32.613 [548002099256] DEBUG - [FFMPEG] - Before avformat_find_stream_info() pos: 100152 bytes read:134672 seeks:2 nb_streams:7
Oct 25, 2024 02:00:32.613 [547905777144] DEBUG - [HttpClient/HCl#6] HTTP/1.1 (0.0s) 200 response from GET http://127.0.0.1:32400/:/metadata/notify/changeItemState?librarySectionID=1&metadataItemID=1056&metadataType=1&state=-1&parentID=-1&rootID=-1&mediaState=thumbnailing (reused)
Oct 25, 2024 02:00:32.614 [548002099256] DEBUG - [FFMPEG] - nal_unit_type: 7(SPS), nal_ref_idc: 3
Oct 25, 2024 02:00:32.614 [548002099256] DEBUG - [FFMPEG] - nal_unit_type: 8(PPS), nal_ref_idc: 3
Oct 25, 2024 02:00:32.615 [548002099256] DEBUG - [FFMPEG] - marker=d8 avail_size_in_buf=93900
Oct 25, 2024 02:00:32.615 [548002099256] DEBUG - [FFMPEG] - marker parser used 0 bytes (0 bits)
Oct 25, 2024 02:00:32.615 [548002099256] DEBUG - [FFMPEG] - marker=db avail_size_in_buf=93898
Oct 25, 2024 02:00:32.615 [548002099256] DEBUG - [FFMPEG] - index=0
Oct 25, 2024 02:00:32.615 [548002099256] DEBUG - [FFMPEG] - qscale[0]: 0
Oct 25, 2024 02:00:32.615 [548002099256] DEBUG - [FFMPEG] - marker parser used 67 bytes (536 bits)
Oct 25, 2024 02:00:32.615 [548002099256] DEBUG - [FFMPEG] - marker=db avail_size_in_buf=93829
Oct 25, 2024 02:00:32.615 [548002099256] DEBUG - [FFMPEG] - index=1
Oct 25, 2024 02:00:32.615 [548002099256] DEBUG - [FFMPEG] - qscale[1]: 1
Oct 25, 2024 02:00:32.615 [548002099256] DEBUG - [FFMPEG] - marker parser used 67 bytes (536 bits)
Oct 25, 2024 02:00:32.615 [548002099256] DEBUG - [FFMPEG] - marker=c0 avail_size_in_buf=93760
Oct 25, 2024 02:00:32.615 [548002099256] DEBUG - [FFMPEG] - Changing bps from 0 to 8
Oct 25, 2024 02:00:32.615 [548002099256] DEBUG - [FFMPEG] - sof0: picture: 305x452
Oct 25, 2024 02:00:32.615 [548002099256] DEBUG - [FFMPEG] - component 0 2:2 id: 0 quant:0
Oct 25, 2024 02:00:32.615 [548002099256] DEBUG - [FFMPEG] - component 1 1:1 id: 1 quant:1
Oct 25, 2024 02:00:32.615 [548002099256] DEBUG - [FFMPEG] - component 2 1:1 id: 2 quant:1
Oct 25, 2024 02:00:32.615 [548002099256] DEBUG - [FFMPEG] - pix fmt id 22111100
Oct 25, 2024 02:00:32.615 [548002099256] DEBUG - [FFMPEG] - Format yuvj420p chosen by get_format().
Oct 25, 2024 02:00:32.615 [548002099256] DEBUG - [FFMPEG] - marker parser used 17 bytes (136 bits)
Oct 25, 2024 02:00:32.615 [548002099256] DEBUG - [FFMPEG] - marker=c4 avail_size_in_buf=93741
Oct 25, 2024 02:00:32.615 [548002099256] DEBUG - [FFMPEG] - marker parser used 0 bytes (0 bits)
Oct 25, 2024 02:00:32.615 [548002099256] DEBUG - [FFMPEG] - marker=c4 avail_size_in_buf=93709
Oct 25, 2024 02:00:32.615 [548002099256] DEBUG - [FFMPEG] - marker parser used 0 bytes (0 bits)
Oct 25, 2024 02:00:32.615 [548002099256] DEBUG - [FFMPEG] - marker=c4 avail_size_in_buf=93611
Oct 25, 2024 02:00:32.615 [548002099256] DEBUG - [FFMPEG] - marker parser used 0 bytes (0 bits)
Oct 25, 2024 02:00:32.615 [548002099256] DEBUG - [FFMPEG] - marker=c4 avail_size_in_buf=93580
Oct 25, 2024 02:00:32.615 [548002099256] DEBUG - [FFMPEG] - marker parser used 0 bytes (0 bits)
Oct 25, 2024 02:00:32.615 [548002099256] DEBUG - [FFMPEG] - escaping removed 281 bytes
Oct 25, 2024 02:00:32.615 [548002099256] DEBUG - [FFMPEG] - marker=da avail_size_in_buf=93501
Oct 25, 2024 02:00:32.615 [548002099256] DEBUG - [FFMPEG] - marker parser used 93220 bytes (745760 bits)
Oct 25, 2024 02:00:32.615 [548002099256] DEBUG - [FFMPEG] - marker=d9 avail_size_in_buf=0
Oct 25, 2024 02:00:32.615 [548002099256] DEBUG - [FFMPEG] - decode frame unused 0 bytes
Oct 25, 2024 02:00:32.616 [548002099256] DEBUG - [FFMPEG] - nal_unit_type: 7(SPS), nal_ref_idc: 3
Oct 25, 2024 02:00:32.616 [548002099256] DEBUG - [FFMPEG] - nal_unit_type: 8(PPS), nal_ref_idc: 3
Oct 25, 2024 02:00:32.616 [548002099256] DEBUG - [FFMPEG] - ct_type:1 pic_struct:0
Oct 25, 2024 02:00:32.616 [548002099256] DEBUG - [FFMPEG] - nal_unit_type: 6(SEI), nal_ref_idc: 0
Oct 25, 2024 02:00:32.616 [548002099256] DEBUG - [FFMPEG] - nal_unit_type: 6(SEI), nal_ref_idc: 0
Oct 25, 2024 02:00:32.616 [548002099256] DEBUG - [FFMPEG] - nal_unit_type: 5(IDR), nal_ref_idc: 3
Oct 25, 2024 02:00:32.616 [548002099256] DEBUG - [FFMPEG] - Format yuv420p chosen by get_format().
Oct 25, 2024 02:00:32.622 [548002099256] DEBUG - [FFMPEG] - ct_type:1 pic_struct:0
Oct 25, 2024 02:00:32.622 [548002099256] DEBUG - [FFMPEG] - no picture 
Oct 25, 2024 02:00:32.628 [548002099256] DEBUG - [FFMPEG] - ct_type:1 pic_struct:0
Oct 25, 2024 02:00:32.629 [548002099256] DEBUG - [FFMPEG] - nal_unit_type: 6(SEI), nal_ref_idc: 0
Oct 25, 2024 02:00:32.629 [548002099256] DEBUG - [FFMPEG] - nal_unit_type: 1(Coded slice of a non-IDR picture), nal_ref_idc: 2
Oct 25, 2024 02:00:32.633 [548002099256] DEBUG - [FFMPEG] - ct_type:1 pic_struct:0
Oct 25, 2024 02:00:32.633 [548002099256] DEBUG - [FFMPEG] - no picture 
Oct 25, 2024 02:00:32.639 [548002099256] DEBUG - [FFMPEG] - ct_type:1 pic_struct:0
Oct 25, 2024 02:00:32.639 [548002099256] DEBUG - [FFMPEG] - nal_unit_type: 6(SEI), nal_ref_idc: 0
Oct 25, 2024 02:00:32.639 [548002099256] DEBUG - [FFMPEG] - nal_unit_type: 1(Coded slice of a non-IDR picture), nal_ref_idc: 2
Oct 25, 2024 02:00:32.644 [548002099256] DEBUG - [FFMPEG] - ct_type:1 pic_struct:0
Oct 25, 2024 02:00:32.652 [548002099256] DEBUG - [FFMPEG] - ct_type:1 pic_struct:0
Oct 25, 2024 02:00:32.652 [548002099256] DEBUG - [FFMPEG] - nal_unit_type: 6(SEI), nal_ref_idc: 0
Oct 25, 2024 02:00:32.653 [548002099256] DEBUG - [FFMPEG] - nal_unit_type: 1(Coded slice of a non-IDR picture), nal_ref_idc: 0
Oct 25, 2024 02:00:32.657 [548002099256] DEBUG - [FFMPEG] - ct_type:1 pic_struct:0
Oct 25, 2024 02:00:32.666 [548002099256] DEBUG - [FFMPEG] - ct_type:1 pic_struct:0
Oct 25, 2024 02:00:32.666 [548002099256] DEBUG - [FFMPEG] - nal_unit_type: 6(SEI), nal_ref_idc: 0
Oct 25, 2024 02:00:32.666 [548002099256] DEBUG - [FFMPEG] - nal_unit_type: 1(Coded slice of a non-IDR picture), nal_ref_idc: 0
Oct 25, 2024 02:00:32.671 [548002099256] DEBUG - [FFMPEG] - ct_type:1 pic_struct:0
Oct 25, 2024 02:00:32.680 [548002099256] DEBUG - [FFMPEG] - ct_type:1 pic_struct:0
Oct 25, 2024 02:00:32.680 [548002099256] DEBUG - [FFMPEG] - nal_unit_type: 6(SEI), nal_ref_idc: 0
Oct 25, 2024 02:00:32.680 [548002099256] DEBUG - [FFMPEG] - nal_unit_type: 1(Coded slice of a non-IDR picture), nal_ref_idc: 2
Oct 25, 2024 02:00:32.680 [548002099256] DEBUG - [FFMPEG] - ct_type:1 pic_struct:0
Oct 25, 2024 02:00:32.687 [548002099256] DEBUG - [FFMPEG] - ct_type:1 pic_struct:0
Oct 25, 2024 02:00:32.687 [548002099256] DEBUG - [FFMPEG] - nal_unit_type: 6(SEI), nal_ref_idc: 0
Oct 25, 2024 02:00:32.687 [548002099256] DEBUG - [FFMPEG] - nal_unit_type: 1(Coded slice of a non-IDR picture), nal_ref_idc: 2
Oct 25, 2024 02:00:32.687 [548002099256] DEBUG - [FFMPEG] - ct_type:1 pic_struct:0
Oct 25, 2024 02:00:32.696 [548002099256] DEBUG - [FFMPEG] - ct_type:1 pic_struct:0
Oct 25, 2024 02:00:32.696 [548002099256] DEBUG - [FFMPEG] - nal_unit_type: 6(SEI), nal_ref_idc: 0
Oct 25, 2024 02:00:32.696 [548002099256] DEBUG - [FFMPEG] - nal_unit_type: 1(Coded slice of a non-IDR picture), nal_ref_idc: 0
Oct 25, 2024 02:00:32.696 [548002099256] DEBUG - [FFMPEG] - ct_type:1 pic_struct:0
Oct 25, 2024 02:00:32.704 [548002099256] DEBUG - [FFMPEG] - ct_type:1 pic_struct:0
Oct 25, 2024 02:00:32.705 [548002099256] DEBUG - [FFMPEG] - nal_unit_type: 6(SEI), nal_ref_idc: 0
Oct 25, 2024 02:00:32.705 [548002099256] DEBUG - [FFMPEG] - nal_unit_type: 1(Coded slice of a non-IDR picture), nal_ref_idc: 0
Oct 25, 2024 02:00:32.705 [548002099256] DEBUG - [FFMPEG] - ct_type:1 pic_struct:0
Oct 25, 2024 02:00:32.714 [548002099256] DEBUG - [FFMPEG] - ct_type:1 pic_struct:0
Oct 25, 2024 02:00:32.714 [548002099256] DEBUG - [FFMPEG] - All info found
Oct 25, 2024 02:00:32.717 [548002099256] DEBUG - [FFMPEG] - After avformat_find_stream_info() pos: 134273 bytes read:200208 seeks:2 frames:41
Oct 25, 2024 02:00:32.717 [548002099256] DEBUG - Creating /config/Library/Application Support/Plex Media Server/Media/localhost/3/32f0e9f12022ab42ff27ab26b583e9a1fa785d6.bundle/Contents/Thumbnails/thumb1.jpg (50.0%, 720x512).
Oct 25, 2024 02:00:32.718 [548002099256] DEBUG - [FFMPEG] - nal_unit_type: 7(SPS), nal_ref_idc: 3
Oct 25, 2024 02:00:32.718 [548002099256] DEBUG - [FFMPEG] - nal_unit_type: 8(PPS), nal_ref_idc: 3
Oct 25, 2024 02:00:32.726 [548002099256] DEBUG - [FFMPEG] - nal_unit_type: 7(SPS), nal_ref_idc: 3
Oct 25, 2024 02:00:32.726 [548002099256] DEBUG - [FFMPEG] - nal_unit_type: 8(PPS), nal_ref_idc: 3
Oct 25, 2024 02:00:32.726 [548002099256] DEBUG - [FFMPEG] - ct_type:1 pic_struct:0
Oct 25, 2024 02:00:32.726 [548002099256] DEBUG - [FFMPEG] - nal_unit_type: 6(SEI), nal_ref_idc: 0
Oct 25, 2024 02:00:32.726 [548002099256] DEBUG - [FFMPEG] - nal_unit_type: 6(SEI), nal_ref_idc: 0
Oct 25, 2024 02:00:32.727 [548002099256] DEBUG - [FFMPEG] - nal_unit_type: 5(IDR), nal_ref_idc: 3
Oct 25, 2024 02:00:32.727 [548002099256] DEBUG - [FFMPEG] - Format yuv420p chosen by get_format().
Oct 25, 2024 02:00:32.733 [548002099256] DEBUG - [FFMPEG] - ct_type:1 pic_struct:0
Oct 25, 2024 02:00:32.733 [548002099256] DEBUG - [FFMPEG] - no picture 
Oct 25, 2024 02:00:32.762 [548002099256] DEBUG - [FFMPEG] - ct_type:1 pic_struct:0
Oct 25, 2024 02:00:32.762 [548002099256] DEBUG - [FFMPEG] - nal_unit_type: 6(SEI), nal_ref_idc: 0
Oct 25, 2024 02:00:32.763 [548002099256] DEBUG - [FFMPEG] - nal_unit_type: 1(Coded slice of a non-IDR picture), nal_ref_idc: 2
Oct 25, 2024 02:00:32.767 [548002099256] DEBUG - [FFMPEG] - ct_type:1 pic_struct:0
Oct 25, 2024 02:00:32.767 [548002099256] DEBUG - [FFMPEG] - no picture 
Oct 25, 2024 02:00:32.790 [548002099256] DEBUG - [FFMPEG] - ct_type:1 pic_struct:0
Oct 25, 2024 02:00:32.790 [548002099256] DEBUG - [FFMPEG] - nal_unit_type: 6(SEI), nal_ref_idc: 0
Oct 25, 2024 02:00:32.790 [548002099256] DEBUG - [FFMPEG] - nal_unit_type: 1(Coded slice of a non-IDR picture), nal_ref_idc: 2
Oct 25, 2024 02:00:32.795 [548002099256] DEBUG - [FFMPEG] - ct_type:1 pic_struct:0
Oct 25, 2024 02:00:32.818 [548002099256] WARN - [FFMPEG] - No accelerated colorspace conversion found from yuv420p to rgb24.
Oct 25, 2024 02:00:32.953 [548002099256] DEBUG - Loaded memory image of size 1920x1080.
Oct 25, 2024 02:00:33.029 [548002099256] DEBUG - [FFMPEG] - nal_unit_type: 7(SPS), nal_ref_idc: 3
Oct 25, 2024 02:00:33.029 [548002099256] DEBUG - [FFMPEG] - nal_unit_type: 8(PPS), nal_ref_idc: 3
Oct 25, 2024 02:00:33.031 [548002099256] DEBUG - [FFMPEG] - nal_unit_type: 7(SPS), nal_ref_idc: 3
Oct 25, 2024 02:00:33.031 [548002099256] DEBUG - [FFMPEG] - nal_unit_type: 8(PPS), nal_ref_idc: 3
Oct 25, 2024 02:00:33.032 [548002099256] DEBUG - [FFMPEG] - ct_type:1 pic_struct:0
Oct 25, 2024 02:00:33.032 [548002099256] DEBUG - [FFMPEG] - nal_unit_type: 6(SEI), nal_ref_idc: 0
Oct 25, 2024 02:00:33.032 [548002099256] DEBUG - [FFMPEG] - nal_unit_type: 6(SEI), nal_ref_idc: 0
Oct 25, 2024 02:00:33.032 [548002099256] DEBUG - [FFMPEG] - nal_unit_type: 5(IDR), nal_ref_idc: 3
Oct 25, 2024 02:00:33.032 [548002099256] DEBUG - [FFMPEG] - Format yuv420p chosen by get_format().
Oct 25, 2024 02:00:33.038 [548002099256] DEBUG - [FFMPEG] - ct_type:1 pic_struct:0
Oct 25, 2024 02:00:33.038 [548002099256] DEBUG - [FFMPEG] - no picture 
Oct 25, 2024 02:00:33.068 [548002099256] DEBUG - [FFMPEG] - ct_type:1 pic_struct:0
Oct 25, 2024 02:00:33.068 [548002099256] DEBUG - [FFMPEG] - nal_unit_type: 6(SEI), nal_ref_idc: 0
Oct 25, 2024 02:00:33.068 [548002099256] DEBUG - [FFMPEG] - nal_unit_type: 1(Coded slice of a non-IDR picture), nal_ref_idc: 2
Oct 25, 2024 02:00:33.073 [548002099256] DEBUG - [FFMPEG] - ct_type:1 pic_struct:0
Oct 25, 2024 02:00:33.073 [548002099256] DEBUG - [FFMPEG] - no picture 
Oct 25, 2024 02:00:33.105 [548002099256] DEBUG - [FFMPEG] - ct_type:1 pic_struct:0
Oct 25, 2024 02:00:33.105 [548002099256] DEBUG - [FFMPEG] - nal_unit_type: 6(SEI), nal_ref_idc: 0
Oct 25, 2024 02:00:33.105 [548002099256] DEBUG - [FFMPEG] - nal_unit_type: 1(Coded slice of a non-IDR picture), nal_ref_idc: 2
Oct 25, 2024 02:00:33.110 [548002099256] DEBUG - [FFMPEG] - ct_type:1 pic_struct:0
Oct 25, 2024 02:00:33.143 [548002099256] WARN - [FFMPEG] - No accelerated colorspace conversion found from yuv420p to rgb24.
Oct 25, 2024 02:00:33.279 [548002099256] DEBUG - Loaded memory image of size 1920x1080.
Oct 25, 2024 02:00:33.353 [548002099256] DEBUG - [MI] Closing input file: "/movies/LEGO Marvel Avengers Mision demolicion (2024).mkv"
Oct 25, 2024 02:00:33.354 [548002099256] DEBUG - [MI] Opening input file: "/movies/LEGO Marvel Avengers Mision demolicion (2024).mkv"
Oct 25, 2024 02:00:33.354 [548002099256] DEBUG - [FFMPEG] - Opening '/movies/LEGO Marvel Avengers Mision demolicion (2024).mkv' for reading
Oct 25, 2024 02:00:33.354 [548002099256] DEBUG - [FFMPEG] - Setting default whitelist 'file,crypto,data'
Oct 25, 2024 02:00:33.355 [548002099256] DEBUG - [FFMPEG] - Format matroska,webm probed with size=2048 and score=100
Oct 25, 2024 02:00:33.355 [548002099256] DEBUG - [FFMPEG] - Unknown entry 0x22B59D at pos. 4426
Oct 25, 2024 02:00:33.355 [548002099256] DEBUG - [FFMPEG] - Unknown entry 0x22B59D at pos. 4530
Oct 25, 2024 02:00:33.355 [548002099256] DEBUG - [FFMPEG] - Unknown entry 0x22B59D at pos. 4601
Oct 25, 2024 02:00:33.355 [548002099256] DEBUG - [FFMPEG] - Unknown entry 0x22B59D at pos. 4680
Oct 25, 2024 02:00:33.355 [548002099256] DEBUG - [FFMPEG] - Unknown entry 0x22B59D at pos. 4741
Oct 25, 2024 02:00:33.355 [548002099256] DEBUG - [FFMPEG] - Unknown entry 0x22B59D at pos. 4802
Oct 25, 2024 02:00:33.355 [548002099256] DEBUG - [FFMPEG] - Unknown entry 0x437D at pos. 100040
Oct 25, 2024 02:00:33.355 [548002099256] DEBUG - [FFMPEG] - st:0 removing common factor 1000000 from timebase
Oct 25, 2024 02:00:33.355 [548002099256] DEBUG - [FFMPEG] - st:1 removing common factor 1000000 from timebase
Oct 25, 2024 02:00:33.355 [548002099256] DEBUG - [FFMPEG] - st:2 removing common factor 1000000 from timebase
Oct 25, 2024 02:00:33.355 [548002099256] DEBUG - [FFMPEG] - st:3 removing common factor 1000000 from timebase
Oct 25, 2024 02:00:33.355 [548002099256] DEBUG - [FFMPEG] - st:4 removing common factor 1000000 from timebase
Oct 25, 2024 02:00:33.355 [548002099256] DEBUG - [FFMPEG] - st:5 removing common factor 1000000 from timebase
Oct 25, 2024 02:00:33.356 [548002099256] DEBUG - [FFMPEG] - Before avformat_find_stream_info() pos: 100152 bytes read:134672 seeks:2 nb_streams:7
Oct 25, 2024 02:00:33.357 [548002099256] DEBUG - [FFMPEG] - nal_unit_type: 7(SPS), nal_ref_idc: 3
Oct 25, 2024 02:00:33.357 [548002099256] DEBUG - [FFMPEG] - nal_unit_type: 8(PPS), nal_ref_idc: 3
Oct 25, 2024 02:00:33.357 [548002099256] DEBUG - [FFMPEG] - marker=d8 avail_size_in_buf=93900
Oct 25, 2024 02:00:33.357 [548002099256] DEBUG - [FFMPEG] - marker parser used 0 bytes (0 bits)
Oct 25, 2024 02:00:33.357 [548002099256] DEBUG - [FFMPEG] - marker=db avail_size_in_buf=93898
Oct 25, 2024 02:00:33.357 [548002099256] DEBUG - [FFMPEG] - index=0
Oct 25, 2024 02:00:33.357 [548002099256] DEBUG - [FFMPEG] - qscale[0]: 0
Oct 25, 2024 02:00:33.357 [548002099256] DEBUG - [FFMPEG] - marker parser used 67 bytes (536 bits)
Oct 25, 2024 02:00:33.357 [548002099256] DEBUG - [FFMPEG] - marker=db avail_size_in_buf=93829
Oct 25, 2024 02:00:33.357 [548002099256] DEBUG - [FFMPEG] - index=1
Oct 25, 2024 02:00:33.357 [548002099256] DEBUG - [FFMPEG] - qscale[1]: 1
Oct 25, 2024 02:00:33.357 [548002099256] DEBUG - [FFMPEG] - marker parser used 67 bytes (536 bits)
Oct 25, 2024 02:00:33.357 [548002099256] DEBUG - [FFMPEG] - marker=c0 avail_size_in_buf=93760
Oct 25, 2024 02:00:33.357 [548002099256] DEBUG - [FFMPEG] - Changing bps from 0 to 8
Oct 25, 2024 02:00:33.357 [548002099256] DEBUG - [FFMPEG] - sof0: picture: 305x452
Oct 25, 2024 02:00:33.357 [548002099256] DEBUG - [FFMPEG] - component 0 2:2 id: 0 quant:0
Oct 25, 2024 02:00:33.357 [548002099256] DEBUG - [FFMPEG] - component 1 1:1 id: 1 quant:1
Oct 25, 2024 02:00:33.357 [548002099256] DEBUG - [FFMPEG] - component 2 1:1 id: 2 quant:1
Oct 25, 2024 02:00:33.357 [548002099256] DEBUG - [FFMPEG] - pix fmt id 22111100
Oct 25, 2024 02:00:33.357 [548002099256] DEBUG - [FFMPEG] - Format yuvj420p chosen by get_format().
Oct 25, 2024 02:00:33.357 [548002099256] DEBUG - [FFMPEG] - marker parser used 17 bytes (136 bits)
Oct 25, 2024 02:00:33.357 [548002099256] DEBUG - [FFMPEG] - marker=c4 avail_size_in_buf=93741
Oct 25, 2024 02:00:33.357 [548002099256] DEBUG - [FFMPEG] - marker parser used 0 bytes (0 bits)
Oct 25, 2024 02:00:33.357 [548002099256] DEBUG - [FFMPEG] - marker=c4 avail_size_in_buf=93709
Oct 25, 2024 02:00:33.357 [548002099256] DEBUG - [FFMPEG] - marker parser used 0 bytes (0 bits)
Oct 25, 2024 02:00:33.357 [548002099256] DEBUG - [FFMPEG] - marker=c4 avail_size_in_buf=93611
Oct 25, 2024 02:00:33.357 [548002099256] DEBUG - [FFMPEG] - marker parser used 0 bytes (0 bits)
Oct 25, 2024 02:00:33.357 [548002099256] DEBUG - [FFMPEG] - marker=c4 avail_size_in_buf=93580
Oct 25, 2024 02:00:33.357 [548002099256] DEBUG - [FFMPEG] - marker parser used 0 bytes (0 bits)
Oct 25, 2024 02:00:33.358 [548002099256] DEBUG - [FFMPEG] - escaping removed 281 bytes
Oct 25, 2024 02:00:33.358 [548002099256] DEBUG - [FFMPEG] - marker=da avail_size_in_buf=93501
Oct 25, 2024 02:00:33.358 [548002099256] DEBUG - [FFMPEG] - marker parser used 93220 bytes (745760 bits)
Oct 25, 2024 02:00:33.358 [548002099256] DEBUG - [FFMPEG] - marker=d9 avail_size_in_buf=0
Oct 25, 2024 02:00:33.358 [548002099256] DEBUG - [FFMPEG] - decode frame unused 0 bytes
Oct 25, 2024 02:00:33.358 [548002099256] DEBUG - [FFMPEG] - nal_unit_type: 7(SPS), nal_ref_idc: 3
Oct 25, 2024 02:00:33.358 [548002099256] DEBUG - [FFMPEG] - nal_unit_type: 8(PPS), nal_ref_idc: 3
Oct 25, 2024 02:00:33.358 [548002099256] DEBUG - [FFMPEG] - ct_type:1 pic_struct:0
Oct 25, 2024 02:00:33.358 [548002099256] DEBUG - [FFMPEG] - nal_unit_type: 6(SEI), nal_ref_idc: 0
Oct 25, 2024 02:00:33.358 [548002099256] DEBUG - [FFMPEG] - nal_unit_type: 6(SEI), nal_ref_idc: 0
Oct 25, 2024 02:00:33.358 [548002099256] DEBUG - [FFMPEG] - nal_unit_type: 5(IDR), nal_ref_idc: 3
Oct 25, 2024 02:00:33.358 [548002099256] DEBUG - [FFMPEG] - Format yuv420p chosen by get_format().
Oct 25, 2024 02:00:33.365 [548002099256] DEBUG - [FFMPEG] - ct_type:1 pic_struct:0
Oct 25, 2024 02:00:33.365 [548002099256] DEBUG - [FFMPEG] - no picture 
Oct 25, 2024 02:00:33.371 [548002099256] DEBUG - [FFMPEG] - ct_type:1 pic_struct:0
Oct 25, 2024 02:00:33.371 [548002099256] DEBUG - [FFMPEG] - nal_unit_type: 6(SEI), nal_ref_idc: 0
Oct 25, 2024 02:00:33.371 [548002099256] DEBUG - [FFMPEG] - nal_unit_type: 1(Coded slice of a non-IDR picture), nal_ref_idc: 2
Oct 25, 2024 02:00:33.376 [548002099256] DEBUG - [FFMPEG] - ct_type:1 pic_struct:0
Oct 25, 2024 02:00:33.376 [548002099256] DEBUG - [FFMPEG] - no picture 
Oct 25, 2024 02:00:33.381 [548002099256] DEBUG - [FFMPEG] - ct_type:1 pic_struct:0
Oct 25, 2024 02:00:33.381 [548002099256] DEBUG - [FFMPEG] - nal_unit_type: 6(SEI), nal_ref_idc: 0
Oct 25, 2024 02:00:33.381 [548002099256] DEBUG - [FFMPEG] - nal_unit_type: 1(Coded slice of a non-IDR picture), nal_ref_idc: 2
Oct 25, 2024 02:00:33.386 [548002099256] DEBUG - [FFMPEG] - ct_type:1 pic_struct:0
Oct 25, 2024 02:00:33.395 [548002099256] DEBUG - [FFMPEG] - ct_type:1 pic_struct:0
Oct 25, 2024 02:00:33.395 [548002099256] DEBUG - [FFMPEG] - nal_unit_type: 6(SEI), nal_ref_idc: 0
Oct 25, 2024 02:00:33.395 [548002099256] DEBUG - [FFMPEG] - nal_unit_type: 1(Coded slice of a non-IDR picture), nal_ref_idc: 0
Oct 25, 2024 02:00:33.400 [548002099256] DEBUG - [FFMPEG] - ct_type:1 pic_struct:0
Oct 25, 2024 02:00:33.409 [548002099256] DEBUG - [FFMPEG] - ct_type:1 pic_struct:0
Oct 25, 2024 02:00:33.409 [548002099256] DEBUG - [FFMPEG] - nal_unit_type: 6(SEI), nal_ref_idc: 0
Oct 25, 2024 02:00:33.409 [548002099256] DEBUG - [FFMPEG] - nal_unit_type: 1(Coded slice of a non-IDR picture), nal_ref_idc: 0
Oct 25, 2024 02:00:33.413 [548002099256] DEBUG - [FFMPEG] - ct_type:1 pic_struct:0
Oct 25, 2024 02:00:33.423 [548002099256] DEBUG - [FFMPEG] - ct_type:1 pic_struct:0
Oct 25, 2024 02:00:33.423 [548002099256] DEBUG - [FFMPEG] - nal_unit_type: 6(SEI), nal_ref_idc: 0
Oct 25, 2024 02:00:33.423 [548002099256] DEBUG - [FFMPEG] - nal_unit_type: 1(Coded slice of a non-IDR picture), nal_ref_idc: 2
Oct 25, 2024 02:00:33.423 [548002099256] DEBUG - [FFMPEG] - ct_type:1 pic_struct:0
Oct 25, 2024 02:00:33.429 [548002099256] DEBUG - [FFMPEG] - ct_type:1 pic_struct:0
Oct 25, 2024 02:00:33.429 [548002099256] DEBUG - [FFMPEG] - nal_unit_type: 6(SEI), nal_ref_idc: 0
Oct 25, 2024 02:00:33.429 [548002099256] DEBUG - [FFMPEG] - nal_unit_type: 1(Coded slice of a non-IDR picture), nal_ref_idc: 2
Oct 25, 2024 02:00:33.430 [548002099256] DEBUG - [FFMPEG] - ct_type:1 pic_struct:0
Oct 25, 2024 02:00:33.438 [548002099256] DEBUG - [FFMPEG] - ct_type:1 pic_struct:0
Oct 25, 2024 02:00:33.438 [548002099256] DEBUG - [FFMPEG] - nal_unit_type: 6(SEI), nal_ref_idc: 0
Oct 25, 2024 02:00:33.438 [548002099256] DEBUG - [FFMPEG] - nal_unit_type: 1(Coded slice of a non-IDR picture), nal_ref_idc: 0
Oct 25, 2024 02:00:33.438 [548002099256] DEBUG - [FFMPEG] - ct_type:1 pic_struct:0
Oct 25, 2024 02:00:33.447 [548002099256] DEBUG - [FFMPEG] - ct_type:1 pic_struct:0
Oct 25, 2024 02:00:33.447 [548002099256] DEBUG - [FFMPEG] - nal_unit_type: 6(SEI), nal_ref_idc: 0
Oct 25, 2024 02:00:33.447 [548002099256] DEBUG - [FFMPEG] - nal_unit_type: 1(Coded slice of a non-IDR picture), nal_ref_idc: 0
Oct 25, 2024 02:00:33.447 [548002099256] DEBUG - [FFMPEG] - ct_type:1 pic_struct:0
Oct 25, 2024 02:00:33.456 [548002099256] DEBUG - [FFMPEG] - ct_type:1 pic_struct:0
Oct 25, 2024 02:00:33.456 [548002099256] DEBUG - [FFMPEG] - All info found
Oct 25, 2024 02:00:33.459 [548002099256] DEBUG - [FFMPEG] - After avformat_find_stream_info() pos: 134273 bytes read:200208 seeks:2 frames:41
Oct 25, 2024 02:00:33.459 [548002099256] DEBUG - Creating /config/Library/Application Support/Plex Media Server/Media/localhost/3/32f0e9f12022ab42ff27ab26b583e9a1fa785d6.bundle/Contents/Art/art1.jpg (50.0%, 1280x720).
Oct 25, 2024 02:00:33.460 [548002099256] DEBUG - [FFMPEG] - nal_unit_type: 7(SPS), nal_ref_idc: 3
Oct 25, 2024 02:00:33.461 [548002099256] DEBUG - [FFMPEG] - nal_unit_type: 8(PPS), nal_ref_idc: 3
Oct 25, 2024 02:00:33.466 [548002099256] DEBUG - [FFMPEG] - nal_unit_type: 7(SPS), nal_ref_idc: 3
Oct 25, 2024 02:00:33.466 [548002099256] DEBUG - [FFMPEG] - nal_unit_type: 8(PPS), nal_ref_idc: 3
Oct 25, 2024 02:00:33.466 [548002099256] DEBUG - [FFMPEG] - ct_type:1 pic_struct:0
Oct 25, 2024 02:00:33.467 [548002099256] DEBUG - [FFMPEG] - nal_unit_type: 6(SEI), nal_ref_idc: 0
Oct 25, 2024 02:00:33.467 [548002099256] DEBUG - [FFMPEG] - nal_unit_type: 6(SEI), nal_ref_idc: 0
Oct 25, 2024 02:00:33.467 [548002099256] DEBUG - [FFMPEG] - nal_unit_type: 5(IDR), nal_ref_idc: 3
Oct 25, 2024 02:00:33.467 [548002099256] DEBUG - [FFMPEG] - Format yuv420p chosen by get_format().
Oct 25, 2024 02:00:33.473 [548002099256] DEBUG - [FFMPEG] - ct_type:1 pic_struct:0
Oct 25, 2024 02:00:33.473 [548002099256] DEBUG - [FFMPEG] - no picture 
Oct 25, 2024 02:00:33.502 [548002099256] DEBUG - [FFMPEG] - ct_type:1 pic_struct:0
Oct 25, 2024 02:00:33.503 [548002099256] DEBUG - [FFMPEG] - nal_unit_type: 6(SEI), nal_ref_idc: 0
Oct 25, 2024 02:00:33.503 [548002099256] DEBUG - [FFMPEG] - nal_unit_type: 1(Coded slice of a non-IDR picture), nal_ref_idc: 2
Oct 25, 2024 02:00:33.507 [548002099256] DEBUG - [FFMPEG] - ct_type:1 pic_struct:0
Oct 25, 2024 02:00:33.508 [548002099256] DEBUG - [FFMPEG] - no picture 
Oct 25, 2024 02:00:33.530 [548002099256] DEBUG - [FFMPEG] - ct_type:1 pic_struct:0
Oct 25, 2024 02:00:33.530 [548002099256] DEBUG - [FFMPEG] - nal_unit_type: 6(SEI), nal_ref_idc: 0
Oct 25, 2024 02:00:33.531 [548002099256] DEBUG - [FFMPEG] - nal_unit_type: 1(Coded slice of a non-IDR picture), nal_ref_idc: 2
Oct 25, 2024 02:00:33.535 [548002099256] DEBUG - [FFMPEG] - ct_type:1 pic_struct:0
Oct 25, 2024 02:00:33.558 [548002099256] WARN - [FFMPEG] - No accelerated colorspace conversion found from yuv420p to rgb24.
Oct 25, 2024 02:00:33.693 [548002099256] DEBUG - Loaded memory image of size 1920x1080.
Oct 25, 2024 02:00:33.842 [548002099256] DEBUG - [FFMPEG] - nal_unit_type: 7(SPS), nal_ref_idc: 3
Oct 25, 2024 02:00:33.842 [548002099256] DEBUG - [FFMPEG] - nal_unit_type: 8(PPS), nal_ref_idc: 3
Oct 25, 2024 02:00:33.843 [548002099256] DEBUG - [FFMPEG] - nal_unit_type: 7(SPS), nal_ref_idc: 3
Oct 25, 2024 02:00:33.843 [548002099256] DEBUG - [FFMPEG] - nal_unit_type: 8(PPS), nal_ref_idc: 3
Oct 25, 2024 02:00:33.843 [548002099256] DEBUG - [FFMPEG] - ct_type:1 pic_struct:0
Oct 25, 2024 02:00:33.844 [548002099256] DEBUG - [FFMPEG] - nal_unit_type: 6(SEI), nal_ref_idc: 0
Oct 25, 2024 02:00:33.844 [548002099256] DEBUG - [FFMPEG] - nal_unit_type: 6(SEI), nal_ref_idc: 0
Oct 25, 2024 02:00:33.844 [548002099256] DEBUG - [FFMPEG] - nal_unit_type: 5(IDR), nal_ref_idc: 3
Oct 25, 2024 02:00:33.844 [548002099256] DEBUG - [FFMPEG] - Format yuv420p chosen by get_format().
Oct 25, 2024 02:00:33.850 [548002099256] DEBUG - [FFMPEG] - ct_type:1 pic_struct:0
Oct 25, 2024 02:00:33.850 [548002099256] DEBUG - [FFMPEG] - no picture 
Oct 25, 2024 02:00:33.879 [548002099256] DEBUG - [FFMPEG] - ct_type:1 pic_struct:0
Oct 25, 2024 02:00:33.880 [548002099256] DEBUG - [FFMPEG] - nal_unit_type: 6(SEI), nal_ref_idc: 0
Oct 25, 2024 02:00:33.880 [548002099256] DEBUG - [FFMPEG] - nal_unit_type: 1(Coded slice of a non-IDR picture), nal_ref_idc: 2
Oct 25, 2024 02:00:33.884 [548002099256] DEBUG - [FFMPEG] - ct_type:1 pic_struct:0
Oct 25, 2024 02:00:33.884 [548002099256] DEBUG - [FFMPEG] - no picture 
Oct 25, 2024 02:00:33.916 [548002099256] DEBUG - [FFMPEG] - ct_type:1 pic_struct:0
Oct 25, 2024 02:00:33.916 [548002099256] DEBUG - [FFMPEG] - nal_unit_type: 6(SEI), nal_ref_idc: 0
Oct 25, 2024 02:00:33.916 [548002099256] DEBUG - [FFMPEG] - nal_unit_type: 1(Coded slice of a non-IDR picture), nal_ref_idc: 2
Oct 25, 2024 02:00:33.921 [548002099256] DEBUG - [FFMPEG] - ct_type:1 pic_struct:0
Oct 25, 2024 02:00:33.954 [548002099256] WARN - [FFMPEG] - No accelerated colorspace conversion found from yuv420p to rgb24.
Oct 25, 2024 02:00:34.090 [548002099256] DEBUG - Loaded memory image of size 1920x1080.
Oct 25, 2024 02:00:34.271 [548002099256] DEBUG - [MI] Closing input file: "/movies/LEGO Marvel Avengers Mision demolicion (2024).mkv"
Oct 25, 2024 02:00:34.274 [548002099256] DEBUG - Downloading document http://127.0.0.1:32400/library/changestamp
Oct 25, 2024 02:00:34.274 [548002099256] DEBUG - [HCl#7] HTTP requesting GET http://127.0.0.1:32400/library/changestamp
Oct 25, 2024 02:00:34.275 [547905777144] DEBUG - [HttpClient/HCl#7] HTTP/1.1 (0.0s) 200 response from GET http://127.0.0.1:32400/library/changestamp (reused)
Oct 25, 2024 02:00:34.275 [548002099256] DEBUG - Updating metadata item (save) (LEGO Marvel Avengers: Mission Demolition) with ID 1056
Oct 25, 2024 02:00:34.278 [547905924600] DEBUG - [HCl#8] HTTP requesting GET http://127.0.0.1:32400/:/metadata/notify/changeItemState?librarySectionID=1&metadataItemID=1056&metadataType=1&state=-1&parentID=-1&rootID=-1&mediaState=idle
Oct 25, 2024 02:00:34.279 [547905777144] DEBUG - [HttpClient/HCl#8] HTTP/1.1 (0.0s) 200 response from GET http://127.0.0.1:32400/:/metadata/notify/changeItemState?librarySectionID=1&metadataItemID=1056&metadataType=1&state=-1&parentID=-1&rootID=-1&mediaState=idle (reused)
