Oct 18, 2024 02:01:28.707 [547787304440] INFO - Plex Media Scanner v1.41.0.8994-f2c27da23 - Docker Docker Container (LinuxServer.io) aarch64 - build: linux-aarch64 - GMT -03:00
Oct 18, 2024 02:01:28.707 [547787304440] INFO - Linux version: 6.6.51+rpt-rpi-v8, language: en-US
Oct 18, 2024 02:01:28.707 [547787304440] INFO - Processor: 4-core AArch64
Oct 18, 2024 02:01:28.707 [547787304440] INFO - /usr/lib/plexmediaserver/Plex Media Scanner --analyze-deeply --item 1035 --log-file-suffix  Deep Analysis
Oct 18, 2024 02:01:28.709 [547867484216] DEBUG - Opening 20 database sessions to library (com.plexapp.plugins.library), SQLite 3.39.4, threadsafe=1
Oct 18, 2024 02:01:28.947 [547867484216] DEBUG - [MI] Opening input file: "/movies/Sin Piedad (2023).mkv"
Oct 18, 2024 02:01:28.948 [547867484216] DEBUG - [FFMPEG] - Opening '/movies/Sin Piedad (2023).mkv' for reading
Oct 18, 2024 02:01:28.948 [547867484216] DEBUG - [FFMPEG] - Setting default whitelist 'file,crypto,data'
Oct 18, 2024 02:01:28.948 [547867484216] DEBUG - [FFMPEG] - Format matroska,webm probed with size=2048 and score=100
Oct 18, 2024 02:01:28.948 [547867484216] DEBUG - [FFMPEG] - Unknown entry 0x22B59D at pos. 4419
Oct 18, 2024 02:01:28.948 [547867484216] DEBUG - [FFMPEG] - Unknown entry 0x22B59D at pos. 4499
Oct 18, 2024 02:01:28.948 [547867484216] DEBUG - [FFMPEG] - Unknown entry 0x22B59D at pos. 4569
Oct 18, 2024 02:01:28.948 [547867484216] DEBUG - [FFMPEG] - Unknown entry 0x22B59D at pos. 4651
Oct 18, 2024 02:01:28.948 [547867484216] DEBUG - [FFMPEG] - Unknown entry 0x22B59D at pos. 4706
Oct 18, 2024 02:01:28.950 [547867484216] DEBUG - [FFMPEG] - st:0 removing common factor 1000000 from timebase
Oct 18, 2024 02:01:28.950 [547867484216] DEBUG - [FFMPEG] - st:1 removing common factor 1000000 from timebase
Oct 18, 2024 02:01:28.950 [547867484216] DEBUG - [FFMPEG] - st:2 removing common factor 1000000 from timebase
Oct 18, 2024 02:01:28.950 [547867484216] DEBUG - [FFMPEG] - st:3 removing common factor 1000000 from timebase
Oct 18, 2024 02:01:28.950 [547867484216] DEBUG - [FFMPEG] - st:4 removing common factor 1000000 from timebase
Oct 18, 2024 02:01:28.950 [547867484216] DEBUG - [FFMPEG] - Before avformat_find_stream_info() pos: 82384 bytes read:116800 seeks:2 nb_streams:6
Oct 18, 2024 02:01:28.951 [547867484216] DEBUG - [FFMPEG] - nal_unit_type: 7(SPS), nal_ref_idc: 1
Oct 18, 2024 02:01:28.951 [547867484216] DEBUG - [FFMPEG] - nal_unit_type: 8(PPS), nal_ref_idc: 1
Oct 18, 2024 02:01:28.952 [547867484216] DEBUG - [FFMPEG] - marker=d8 avail_size_in_buf=76415
Oct 18, 2024 02:01:28.952 [547867484216] DEBUG - [FFMPEG] - marker parser used 0 bytes (0 bits)
Oct 18, 2024 02:01:28.952 [547867484216] DEBUG - [FFMPEG] - marker=db avail_size_in_buf=76413
Oct 18, 2024 02:01:28.952 [547867484216] DEBUG - [FFMPEG] - index=0
Oct 18, 2024 02:01:28.952 [547867484216] DEBUG - [FFMPEG] - qscale[0]: 0
Oct 18, 2024 02:01:28.952 [547867484216] DEBUG - [FFMPEG] - marker parser used 67 bytes (536 bits)
Oct 18, 2024 02:01:28.952 [547867484216] DEBUG - [FFMPEG] - marker=db avail_size_in_buf=76344
Oct 18, 2024 02:01:28.952 [547867484216] DEBUG - [FFMPEG] - index=1
Oct 18, 2024 02:01:28.952 [547867484216] DEBUG - [FFMPEG] - qscale[1]: 1
Oct 18, 2024 02:01:28.952 [547867484216] DEBUG - [FFMPEG] - marker parser used 67 bytes (536 bits)
Oct 18, 2024 02:01:28.952 [547867484216] DEBUG - [FFMPEG] - marker=c0 avail_size_in_buf=76275
Oct 18, 2024 02:01:28.952 [547867484216] DEBUG - [FFMPEG] - Changing bps from 0 to 8
Oct 18, 2024 02:01:28.952 [547867484216] DEBUG - [FFMPEG] - sof0: picture: 305x452
Oct 18, 2024 02:01:28.952 [547867484216] DEBUG - [FFMPEG] - component 0 2:2 id: 0 quant:0
Oct 18, 2024 02:01:28.952 [547867484216] DEBUG - [FFMPEG] - component 1 1:1 id: 1 quant:1
Oct 18, 2024 02:01:28.952 [547867484216] DEBUG - [FFMPEG] - component 2 1:1 id: 2 quant:1
Oct 18, 2024 02:01:28.952 [547867484216] DEBUG - [FFMPEG] - pix fmt id 22111100
Oct 18, 2024 02:01:28.952 [547867484216] DEBUG - [FFMPEG] - Format yuvj420p chosen by get_format().
Oct 18, 2024 02:01:28.952 [547867484216] DEBUG - [FFMPEG] - marker parser used 17 bytes (136 bits)
Oct 18, 2024 02:01:28.952 [547867484216] DEBUG - [FFMPEG] - marker=c4 avail_size_in_buf=76256
Oct 18, 2024 02:01:28.952 [547867484216] DEBUG - [FFMPEG] - marker parser used 0 bytes (0 bits)
Oct 18, 2024 02:01:28.952 [547867484216] DEBUG - [FFMPEG] - marker=c4 avail_size_in_buf=76224
Oct 18, 2024 02:01:28.952 [547867484216] DEBUG - [FFMPEG] - marker parser used 0 bytes (0 bits)
Oct 18, 2024 02:01:28.952 [547867484216] DEBUG - [FFMPEG] - marker=c4 avail_size_in_buf=76127
Oct 18, 2024 02:01:28.952 [547867484216] DEBUG - [FFMPEG] - marker parser used 0 bytes (0 bits)
Oct 18, 2024 02:01:28.952 [547867484216] DEBUG - [FFMPEG] - marker=c4 avail_size_in_buf=76096
Oct 18, 2024 02:01:28.952 [547867484216] DEBUG - [FFMPEG] - marker parser used 0 bytes (0 bits)
Oct 18, 2024 02:01:28.952 [547867484216] DEBUG - [FFMPEG] - escaping removed 257 bytes
Oct 18, 2024 02:01:28.952 [547867484216] DEBUG - [FFMPEG] - marker=da avail_size_in_buf=76017
Oct 18, 2024 02:01:28.952 [547867484216] DEBUG - [FFMPEG] - marker parser used 75760 bytes (606080 bits)
Oct 18, 2024 02:01:28.952 [547867484216] DEBUG - [FFMPEG] - marker=d9 avail_size_in_buf=0
Oct 18, 2024 02:01:28.952 [547867484216] DEBUG - [FFMPEG] - decode frame unused 0 bytes
Oct 18, 2024 02:01:28.952 [547867484216] DEBUG - [FFMPEG] - nal_unit_type: 7(SPS), nal_ref_idc: 1
Oct 18, 2024 02:01:28.952 [547867484216] DEBUG - [FFMPEG] - nal_unit_type: 8(PPS), nal_ref_idc: 1
Oct 18, 2024 02:01:28.953 [547867484216] DEBUG - [FFMPEG] - nal_unit_type: 6(SEI), nal_ref_idc: 0
Oct 18, 2024 02:01:28.953 [547867484216] DEBUG - [FFMPEG] - nal_unit_type: 6(SEI), nal_ref_idc: 0
Oct 18, 2024 02:01:28.953 [547867484216] DEBUG - [FFMPEG] - nal_unit_type: 5(IDR), nal_ref_idc: 1
Oct 18, 2024 02:01:28.953 [547867484216] DEBUG - [FFMPEG] - nal_unit_type: 5(IDR), nal_ref_idc: 1
Oct 18, 2024 02:01:28.953 [547867484216] DEBUG - [FFMPEG] - nal_unit_type: 5(IDR), nal_ref_idc: 1
Oct 18, 2024 02:01:28.953 [547867484216] DEBUG - [FFMPEG] - nal_unit_type: 5(IDR), nal_ref_idc: 1
Oct 18, 2024 02:01:28.953 [547867484216] DEBUG - [FFMPEG] - nal_unit_type: 5(IDR), nal_ref_idc: 1
Oct 18, 2024 02:01:28.953 [547867484216] DEBUG - [FFMPEG] - nal_unit_type: 5(IDR), nal_ref_idc: 1
Oct 18, 2024 02:01:28.953 [547867484216] DEBUG - [FFMPEG] - nal_unit_type: 5(IDR), nal_ref_idc: 1
Oct 18, 2024 02:01:28.953 [547867484216] DEBUG - [FFMPEG] - nal_unit_type: 5(IDR), nal_ref_idc: 1
Oct 18, 2024 02:01:28.953 [547867484216] DEBUG - [FFMPEG] - Format yuv420p chosen by get_format().
Oct 18, 2024 02:01:28.964 [547867484216] DEBUG - [FFMPEG] - nal_unit_type: 6(SEI), nal_ref_idc: 0
Oct 18, 2024 02:01:28.964 [547867484216] DEBUG - [FFMPEG] - nal_unit_type: 1(Coded slice of a non-IDR picture), nal_ref_idc: 1
Oct 18, 2024 02:01:28.964 [547867484216] DEBUG - [FFMPEG] - nal_unit_type: 1(Coded slice of a non-IDR picture), nal_ref_idc: 1
Oct 18, 2024 02:01:28.964 [547867484216] DEBUG - [FFMPEG] - nal_unit_type: 1(Coded slice of a non-IDR picture), nal_ref_idc: 1
Oct 18, 2024 02:01:28.964 [547867484216] DEBUG - [FFMPEG] - nal_unit_type: 1(Coded slice of a non-IDR picture), nal_ref_idc: 1
Oct 18, 2024 02:01:28.964 [547867484216] DEBUG - [FFMPEG] - nal_unit_type: 1(Coded slice of a non-IDR picture), nal_ref_idc: 1
Oct 18, 2024 02:01:28.964 [547867484216] DEBUG - [FFMPEG] - nal_unit_type: 1(Coded slice of a non-IDR picture), nal_ref_idc: 1
Oct 18, 2024 02:01:28.964 [547867484216] DEBUG - [FFMPEG] - nal_unit_type: 1(Coded slice of a non-IDR picture), nal_ref_idc: 1
Oct 18, 2024 02:01:28.964 [547867484216] DEBUG - [FFMPEG] - nal_unit_type: 1(Coded slice of a non-IDR picture), nal_ref_idc: 1
Oct 18, 2024 02:01:28.968 [547867484216] DEBUG - [FFMPEG] - no picture 
Oct 18, 2024 02:01:28.973 [547867484216] DEBUG - [FFMPEG] - nal_unit_type: 6(SEI), nal_ref_idc: 0
Oct 18, 2024 02:01:28.973 [547867484216] DEBUG - [FFMPEG] - nal_unit_type: 1(Coded slice of a non-IDR picture), nal_ref_idc: 0
Oct 18, 2024 02:01:28.973 [547867484216] DEBUG - [FFMPEG] - nal_unit_type: 1(Coded slice of a non-IDR picture), nal_ref_idc: 0
Oct 18, 2024 02:01:28.973 [547867484216] DEBUG - [FFMPEG] - nal_unit_type: 1(Coded slice of a non-IDR picture), nal_ref_idc: 0
Oct 18, 2024 02:01:28.973 [547867484216] DEBUG - [FFMPEG] - nal_unit_type: 1(Coded slice of a non-IDR picture), nal_ref_idc: 0
Oct 18, 2024 02:01:28.973 [547867484216] DEBUG - [FFMPEG] - nal_unit_type: 1(Coded slice of a non-IDR picture), nal_ref_idc: 0
Oct 18, 2024 02:01:28.973 [547867484216] DEBUG - [FFMPEG] - nal_unit_type: 1(Coded slice of a non-IDR picture), nal_ref_idc: 0
Oct 18, 2024 02:01:28.973 [547867484216] DEBUG - [FFMPEG] - nal_unit_type: 1(Coded slice of a non-IDR picture), nal_ref_idc: 0
Oct 18, 2024 02:01:28.973 [547867484216] DEBUG - [FFMPEG] - nal_unit_type: 1(Coded slice of a non-IDR picture), nal_ref_idc: 0
Oct 18, 2024 02:01:28.985 [547867484216] DEBUG - [FFMPEG] - nal_unit_type: 6(SEI), nal_ref_idc: 0
Oct 18, 2024 02:01:28.985 [547867484216] DEBUG - [FFMPEG] - nal_unit_type: 1(Coded slice of a non-IDR picture), nal_ref_idc: 1
Oct 18, 2024 02:01:28.985 [547867484216] DEBUG - [FFMPEG] - nal_unit_type: 1(Coded slice of a non-IDR picture), nal_ref_idc: 1
Oct 18, 2024 02:01:28.985 [547867484216] DEBUG - [FFMPEG] - nal_unit_type: 1(Coded slice of a non-IDR picture), nal_ref_idc: 1
Oct 18, 2024 02:01:28.985 [547867484216] DEBUG - [FFMPEG] - nal_unit_type: 1(Coded slice of a non-IDR picture), nal_ref_idc: 1
Oct 18, 2024 02:01:28.985 [547867484216] DEBUG - [FFMPEG] - nal_unit_type: 1(Coded slice of a non-IDR picture), nal_ref_idc: 1
Oct 18, 2024 02:01:28.985 [547867484216] DEBUG - [FFMPEG] - nal_unit_type: 1(Coded slice of a non-IDR picture), nal_ref_idc: 1
Oct 18, 2024 02:01:28.985 [547867484216] DEBUG - [FFMPEG] - nal_unit_type: 1(Coded slice of a non-IDR picture), nal_ref_idc: 1
Oct 18, 2024 02:01:28.985 [547867484216] DEBUG - [FFMPEG] - nal_unit_type: 1(Coded slice of a non-IDR picture), nal_ref_idc: 1
Oct 18, 2024 02:01:28.995 [547867484216] DEBUG - [FFMPEG] - nal_unit_type: 6(SEI), nal_ref_idc: 0
Oct 18, 2024 02:01:28.995 [547867484216] DEBUG - [FFMPEG] - nal_unit_type: 1(Coded slice of a non-IDR picture), nal_ref_idc: 0
Oct 18, 2024 02:01:28.995 [547867484216] DEBUG - [FFMPEG] - nal_unit_type: 1(Coded slice of a non-IDR picture), nal_ref_idc: 0
Oct 18, 2024 02:01:28.995 [547867484216] DEBUG - [FFMPEG] - nal_unit_type: 1(Coded slice of a non-IDR picture), nal_ref_idc: 0
Oct 18, 2024 02:01:28.995 [547867484216] DEBUG - [FFMPEG] - nal_unit_type: 1(Coded slice of a non-IDR picture), nal_ref_idc: 0
Oct 18, 2024 02:01:28.995 [547867484216] DEBUG - [FFMPEG] - nal_unit_type: 1(Coded slice of a non-IDR picture), nal_ref_idc: 0
Oct 18, 2024 02:01:28.995 [547867484216] DEBUG - [FFMPEG] - nal_unit_type: 1(Coded slice of a non-IDR picture), nal_ref_idc: 0
Oct 18, 2024 02:01:28.995 [547867484216] DEBUG - [FFMPEG] - nal_unit_type: 1(Coded slice of a non-IDR picture), nal_ref_idc: 0
Oct 18, 2024 02:01:28.995 [547867484216] DEBUG - [FFMPEG] - nal_unit_type: 1(Coded slice of a non-IDR picture), nal_ref_idc: 0
Oct 18, 2024 02:01:29.004 [547867484216] DEBUG - [FFMPEG] - nal_unit_type: 6(SEI), nal_ref_idc: 0
Oct 18, 2024 02:01:29.004 [547867484216] DEBUG - [FFMPEG] - nal_unit_type: 1(Coded slice of a non-IDR picture), nal_ref_idc: 1
Oct 18, 2024 02:01:29.004 [547867484216] DEBUG - [FFMPEG] - nal_unit_type: 1(Coded slice of a non-IDR picture), nal_ref_idc: 1
Oct 18, 2024 02:01:29.004 [547867484216] DEBUG - [FFMPEG] - nal_unit_type: 1(Coded slice of a non-IDR picture), nal_ref_idc: 1
Oct 18, 2024 02:01:29.004 [547867484216] DEBUG - [FFMPEG] - nal_unit_type: 1(Coded slice of a non-IDR picture), nal_ref_idc: 1
Oct 18, 2024 02:01:29.004 [547867484216] DEBUG - [FFMPEG] - nal_unit_type: 1(Coded slice of a non-IDR picture), nal_ref_idc: 1
Oct 18, 2024 02:01:29.004 [547867484216] DEBUG - [FFMPEG] - nal_unit_type: 1(Coded slice of a non-IDR picture), nal_ref_idc: 1
Oct 18, 2024 02:01:29.004 [547867484216] DEBUG - [FFMPEG] - nal_unit_type: 1(Coded slice of a non-IDR picture), nal_ref_idc: 1
Oct 18, 2024 02:01:29.004 [547867484216] DEBUG - [FFMPEG] - nal_unit_type: 1(Coded slice of a non-IDR picture), nal_ref_idc: 1
Oct 18, 2024 02:01:29.015 [547867484216] DEBUG - [FFMPEG] - nal_unit_type: 6(SEI), nal_ref_idc: 0
Oct 18, 2024 02:01:29.015 [547867484216] DEBUG - [FFMPEG] - nal_unit_type: 1(Coded slice of a non-IDR picture), nal_ref_idc: 0
Oct 18, 2024 02:01:29.015 [547867484216] DEBUG - [FFMPEG] - nal_unit_type: 1(Coded slice of a non-IDR picture), nal_ref_idc: 0
Oct 18, 2024 02:01:29.015 [547867484216] DEBUG - [FFMPEG] - nal_unit_type: 1(Coded slice of a non-IDR picture), nal_ref_idc: 0
Oct 18, 2024 02:01:29.015 [547867484216] DEBUG - [FFMPEG] - nal_unit_type: 1(Coded slice of a non-IDR picture), nal_ref_idc: 0
Oct 18, 2024 02:01:29.015 [547867484216] DEBUG - [FFMPEG] - nal_unit_type: 1(Coded slice of a non-IDR picture), nal_ref_idc: 0
Oct 18, 2024 02:01:29.015 [547867484216] DEBUG - [FFMPEG] - nal_unit_type: 1(Coded slice of a non-IDR picture), nal_ref_idc: 0
Oct 18, 2024 02:01:29.015 [547867484216] DEBUG - [FFMPEG] - nal_unit_type: 1(Coded slice of a non-IDR picture), nal_ref_idc: 0
Oct 18, 2024 02:01:29.015 [547867484216] DEBUG - [FFMPEG] - nal_unit_type: 1(Coded slice of a non-IDR picture), nal_ref_idc: 0
Oct 18, 2024 02:01:29.025 [547867484216] DEBUG - [FFMPEG] - nal_unit_type: 6(SEI), nal_ref_idc: 0
Oct 18, 2024 02:01:29.025 [547867484216] DEBUG - [FFMPEG] - nal_unit_type: 1(Coded slice of a non-IDR picture), nal_ref_idc: 1
Oct 18, 2024 02:01:29.025 [547867484216] DEBUG - [FFMPEG] - nal_unit_type: 1(Coded slice of a non-IDR picture), nal_ref_idc: 1
Oct 18, 2024 02:01:29.025 [547867484216] DEBUG - [FFMPEG] - nal_unit_type: 1(Coded slice of a non-IDR picture), nal_ref_idc: 1
Oct 18, 2024 02:01:29.025 [547867484216] DEBUG - [FFMPEG] - nal_unit_type: 1(Coded slice of a non-IDR picture), nal_ref_idc: 1
Oct 18, 2024 02:01:29.025 [547867484216] DEBUG - [FFMPEG] - nal_unit_type: 1(Coded slice of a non-IDR picture), nal_ref_idc: 1
Oct 18, 2024 02:01:29.025 [547867484216] DEBUG - [FFMPEG] - nal_unit_type: 1(Coded slice of a non-IDR picture), nal_ref_idc: 1
Oct 18, 2024 02:01:29.025 [547867484216] DEBUG - [FFMPEG] - nal_unit_type: 1(Coded slice of a non-IDR picture), nal_ref_idc: 1
Oct 18, 2024 02:01:29.025 [547867484216] DEBUG - [FFMPEG] - nal_unit_type: 1(Coded slice of a non-IDR picture), nal_ref_idc: 1
Oct 18, 2024 02:01:29.035 [547867484216] DEBUG - [FFMPEG] - All info found
Oct 18, 2024 02:01:29.039 [547867484216] DEBUG - [FFMPEG] - After avformat_find_stream_info() pos: 135816 bytes read:182336 seeks:2 frames:40
Oct 18, 2024 02:01:29.480 [547867484216] DEBUG - Deep Analysis: Read 10000 packets at 115.456000
Oct 18, 2024 02:01:29.933 [547867484216] DEBUG - Deep Analysis: Read 20000 packets at 230.397000
Oct 18, 2024 02:01:30.388 [547867484216] DEBUG - Deep Analysis: Read 30000 packets at 345.344000
Oct 18, 2024 02:01:30.834 [547867484216] DEBUG - Deep Analysis: Read 40000 packets at 460.512000
Oct 18, 2024 02:01:31.236 [547867484216] DEBUG - Deep Analysis: Read 50000 packets at 575.744000
Oct 18, 2024 02:01:31.673 [547867484216] DEBUG - Deep Analysis: Read 60000 packets at 690.784000
Oct 18, 2024 02:01:32.145 [547867484216] DEBUG - Deep Analysis: Read 70000 packets at 805.568000
Oct 18, 2024 02:01:32.617 [547867484216] DEBUG - Deep Analysis: Read 80000 packets at 920.192000
Oct 18, 2024 02:01:33.041 [547867484216] DEBUG - Deep Analysis: Read 90000 packets at 1034.752000
Oct 18, 2024 02:01:33.393 [547867484216] DEBUG - Deep Analysis: Read 100000 packets at 1149.899000
Oct 18, 2024 02:01:33.611 [547867484216] DEBUG - Deep Analysis: Read 110000 packets at 1264.832000
Oct 18, 2024 02:01:33.840 [547867484216] DEBUG - Deep Analysis: Read 120000 packets at 1379.680000
Oct 18, 2024 02:01:34.062 [547867484216] DEBUG - Deep Analysis: Read 130000 packets at 1494.720000
Oct 18, 2024 02:01:34.274 [547867484216] DEBUG - Deep Analysis: Read 140000 packets at 1609.440000
Oct 18, 2024 02:01:34.514 [547867484216] DEBUG - Deep Analysis: Read 150000 packets at 1724.480000
Oct 18, 2024 02:01:34.710 [547867484216] DEBUG - Deep Analysis: Read 160000 packets at 1838.912000
Oct 18, 2024 02:01:34.969 [547867484216] DEBUG - Deep Analysis: Read 170000 packets at 1953.568000
Oct 18, 2024 02:01:35.177 [547867484216] DEBUG - Deep Analysis: Read 180000 packets at 2068.224000
Oct 18, 2024 02:01:35.378 [547867484216] DEBUG - Deep Analysis: Read 190000 packets at 2182.680000
Oct 18, 2024 02:01:35.597 [547867484216] DEBUG - Deep Analysis: Read 200000 packets at 2297.536000
Oct 18, 2024 02:01:35.805 [547867484216] DEBUG - Deep Analysis: Read 210000 packets at 2412.480000
Oct 18, 2024 02:01:36.012 [547867484216] DEBUG - Deep Analysis: Read 220000 packets at 2527.360000
Oct 18, 2024 02:01:36.254 [547867484216] DEBUG - Deep Analysis: Read 230000 packets at 2642.014000
Oct 18, 2024 02:01:36.463 [547867484216] DEBUG - Deep Analysis: Read 240000 packets at 2757.152000
Oct 18, 2024 02:01:36.671 [547867484216] DEBUG - Deep Analysis: Read 250000 packets at 2871.840000
Oct 18, 2024 02:01:36.906 [547867484216] DEBUG - Deep Analysis: Read 260000 packets at 2986.240000
Oct 18, 2024 02:01:37.129 [547867484216] DEBUG - Deep Analysis: Read 270000 packets at 3101.472000
Oct 18, 2024 02:01:37.332 [547867484216] DEBUG - Deep Analysis: Read 280000 packets at 3216.448000
Oct 18, 2024 02:01:37.630 [547867484216] DEBUG - Deep Analysis: Read 290000 packets at 3331.296000
Oct 18, 2024 02:01:37.847 [547867484216] DEBUG - Deep Analysis: Read 300000 packets at 3446.048000
Oct 18, 2024 02:01:38.057 [547867484216] DEBUG - Deep Analysis: Read 310000 packets at 3560.768000
Oct 18, 2024 02:01:38.291 [547867484216] DEBUG - Deep Analysis: Read 320000 packets at 3675.264000
Oct 18, 2024 02:01:38.518 [547867484216] DEBUG - Deep Analysis: Read 330000 packets at 3789.911000
Oct 18, 2024 02:01:38.753 [547867484216] DEBUG - Deep Analysis: Read 340000 packets at 3904.609000
Oct 18, 2024 02:01:38.937 [547867484216] DEBUG - Deep Analysis: Read 350000 packets at 4019.456000
Oct 18, 2024 02:01:39.112 [547867484216] DEBUG - Deep Analysis: Read 360000 packets at 4134.255000
Oct 18, 2024 02:01:39.370 [547867484216] DEBUG - Deep Analysis: Read 370000 packets at 4249.600000
Oct 18, 2024 02:01:39.577 [547867484216] DEBUG - Deep Analysis: Read 380000 packets at 4364.256000
Oct 18, 2024 02:01:39.789 [547867484216] DEBUG - Deep Analysis: Read 390000 packets at 4478.976000
Oct 18, 2024 02:01:40.035 [547867484216] DEBUG - Deep Analysis: Read 400000 packets at 4594.016000
Oct 18, 2024 02:01:40.255 [547867484216] DEBUG - Deep Analysis: Read 410000 packets at 4708.928000
Oct 18, 2024 02:01:40.487 [547867484216] DEBUG - Deep Analysis: Read 420000 packets at 4823.610000
Oct 18, 2024 02:01:40.700 [547867484216] DEBUG - Deep Analysis: Read 430000 packets at 4938.496000
Oct 18, 2024 02:01:40.909 [547867484216] DEBUG - Deep Analysis: Read 440000 packets at 5053.376000
Oct 18, 2024 02:01:41.128 [547867484216] DEBUG - Deep Analysis: Read 450000 packets at 5168.800000
Oct 18, 2024 02:01:41.374 [547867484216] DEBUG - Deep Analysis: Read 460000 packets at 5283.612000
Oct 18, 2024 02:01:41.550 [547867484216] DEBUG - Deep Analysis: Read 470000 packets at 5398.944000
Oct 18, 2024 02:01:41.845 [547867484216] DEBUG - Deep Analysis: Read 480000 packets at 5514.496000
Oct 18, 2024 02:01:41.921 [547867484216] DEBUG - Deep Analysis: Sorting packets
Oct 18, 2024 02:01:41.965 [547867484216] DEBUG - Deep Analysis: Performing file bitrate analysis
Oct 18, 2024 02:01:42.219 [547867484216] DEBUG - Deep Analysis: Performing stream bitrate analysis on stream 0
Oct 18, 2024 02:01:42.284 [547867484216] DEBUG - Deep Analysis: Performing stream bitrate analysis on stream 1
Oct 18, 2024 02:01:42.316 [547867484216] DEBUG - Deep Analysis: Performing stream bitrate analysis on stream 2
Oct 18, 2024 02:01:42.347 [547867484216] DEBUG - Deep Analysis: Performing stream bitrate analysis on stream 3
Oct 18, 2024 02:01:42.349 [547867484216] DEBUG - Deep Analysis: Performing stream bitrate analysis on stream 4
Oct 18, 2024 02:01:42.352 [547867484216] DEBUG - Deep Analysis: Performing stream bitrate analysis on stream 5
Oct 18, 2024 02:01:42.355 [547867484216] DEBUG - Deep Analysis: Saving GoP analysis for stream 0
Oct 18, 2024 02:01:42.360 [547867484216] DEBUG - Deep Analysis: Saving GoP analysis for stream 5
Oct 18, 2024 02:01:42.360 [547867484216] DEBUG - Deep Analysis: Saving bitrate analysis
Oct 18, 2024 02:01:42.360 [547867484216] DEBUG - Updating part with ID=2115 [/movies/Sin Piedad (2023).mkv]
Oct 18, 2024 02:01:42.362 [547867484216] DEBUG - [MI] Closing input file: "/movies/Sin Piedad (2023).mkv"
Oct 18, 2024 02:01:42.363 [547867484216] DEBUG - Updating media item 1907, size=3254842683, metadata_item_id=1035
Oct 18, 2024 02:01:42.363 [547867484216] DEBUG - Updating part with ID=2115 [/movies/Sin Piedad (2023).mkv]
