Oct 25, 2024 22:36:14.762 [0x7fb485fb08] INFO - Plex Tuner Service v1.41.1.9057-af5eaea7a - Docker Docker Container (LinuxServer.io) aarch64 - build: 
Oct 25, 2024 22:36:14.763 [0x7fb485fb08] INFO - Linux version: 6.6.51+rpt-rpi-v8 (#1 SMP PREEMPT Debian 1:6.6.51-1+rpt3 (2024-10-08)), language: en-US
Oct 25, 2024 22:36:14.763 [0x7fb485fb08] INFO - Processor Unknown architecture
Oct 25, 2024 22:36:14.763 [0x7fb485fb08] INFO - /usr/lib/plexmediaserver/Plex Tuner Service /usr/lib/plexmediaserver/Resources/Tuner/Private /usr/lib/plexmediaserver/Resources/Tuner/Shared 1.41.1.9057-af5eaea7a 32600
Oct 25, 2024 22:36:14.761 [0x7fb67d2890] INFO - [I] broker_t::start...
Oct 25, 2024 22:36:14.821 [0x7fb67d2890] INFO - [I] device_manager_t::init.
Oct 25, 2024 22:36:14.821 [0x7fb67d2890] INFO - [I] device_manager_t::init. Initialize provider manager
Oct 25, 2024 22:36:14.821 [0x7fb67d2890] INFO - [I] device_manager_t::init. Initialize all device auxes
Oct 25, 2024 22:36:14.821 [0x7fb67d2890] INFO - [I] dvb_device_factory_t::get_aux_list
Oct 25, 2024 22:36:14.821 [0x7fb67d2890] INFO - [I] tvbutler_aux_t::init
Oct 25, 2024 22:36:14.856 [0x7fb67d2890] INFO - [I] web_server_t::start. Starting web server on port 32600
Oct 25, 2024 22:36:21.947 [0x7fb45efb08] INFO - [I] web_service_t::process_device_discovery
Oct 25, 2024 22:36:21.947 [0x7fb45efb08] INFO - [I] device_reactor_t::get_device_list ()
Oct 25, 2024 22:36:23.953 [0x7fb45efb08] INFO - [I] SAT2IP - discover_satip_servers(): no servers found
Oct 25, 2024 22:36:24.378 [0x7fb45efb08] INFO - [I] v4l::DeviceGetList_impl. getting v4l device list
Oct 25, 2024 22:36:24.384 [0x7fb45efb08] INFO - [I] onetv_factory::DeviceGetListEx >>
Oct 25, 2024 22:36:24.384 [0x7fb45efb08] WARN - [W] onetv_factory::DeviceGetListEx. libusb_init returned an error -99
Oct 26, 2024 16:00:22.202 [0x7fb67d2890] INFO - Received SIGINT: Interrupt from keyboard.
Oct 26, 2024 16:00:22.217 [0x7fb67d2890] INFO - [I] device_manager_t::term
Oct 26, 2024 16:00:22.217 [0x7fb67d2890] INFO - [I] device_manager_t::term. Stop all devices
Oct 26, 2024 16:00:22.217 [0x7fb67d2890] INFO - [I] device_manager_t::term. Shut down all device auxes
Oct 26, 2024 16:00:22.217 [0x7fb67d2890] INFO - [I] tvbutler_aux_t::term
Oct 26, 2024 16:00:22.226 [0x7fb67d2890] INFO - [I] web_server_t::stop. Web server is stopped
